2025-10-15 23:51:08 +01:00: Error: Greeting never received
2025-10-15 23:51:08 +01:00:     at SMTPConnection._formatError (D:\Projects\0code-monit\node_modules\nodemailer\lib\smtp-connection\index.js:807:19)
2025-10-15 23:51:08 +01:00:     at SMTPConnection._onError (D:\Projects\0code-monit\node_modules\nodemailer\lib\smtp-connection\index.js:793:20)
2025-10-15 23:51:08 +01:00:     at Timeout.<anonymous> (D:\Projects\0code-monit\node_modules\nodemailer\lib\smtp-connection\index.js:727:22)
2025-10-15 23:51:08 +01:00:     at listOnTimeout (node:internal/timers:588:17)
2025-10-15 23:51:08 +01:00:     at process.processTimers (node:internal/timers:523:7) {
2025-10-15 23:51:08 +01:00:   code: 'ETIMEDOUT',
2025-10-15 23:51:08 +01:00:   command: 'CONN'
2025-10-15 23:51:08 +01:00: }
2025-10-16 00:18:27 +01:00: [36m2025-10-16T00:18:27+01:00[0m [[38;5;119mMONITOR[0m] [33mWARN:[0m Monitor #2 'aio.0code.uk': Pending: Request failed with status code 502 | Max retries: 3 | Retry: 1 | Retry Interval: 20 seconds | Type: http
2025-10-16 00:18:47 +01:00: [36m2025-10-16T00:18:47+01:00[0m [[38;5;119mMONITOR[0m] [33mWARN:[0m Monitor #2 'aio.0code.uk': Pending: Request failed with status code 502 | Max retries: 3 | Retry: 2 | Retry Interval: 20 seconds | Type: http
2025-10-16 00:18:59 +01:00: [36m2025-10-16T00:18:59+01:00[0m [[38;5;119mMONITOR[0m] [31mERROR:[0m [31mCannot send notification to My Email Alert (1)[0m
2025-10-16 00:18:59 +01:00: [36m2025-10-16T00:18:59+01:00[0m [[38;5;119mMONITOR[0m] [31mERROR:[0m Error: Greeting never received
2025-10-16 00:18:59 +01:00:     at SMTPConnection._formatError (D:\Projects\0code-monit\node_modules\nodemailer\lib\smtp-connection\index.js:807:19)
2025-10-16 00:18:59 +01:00:     at SMTPConnection._onError (D:\Projects\0code-monit\node_modules\nodemailer\lib\smtp-connection\index.js:793:20)
2025-10-16 00:18:59 +01:00:     at Timeout.<anonymous> (D:\Projects\0code-monit\node_modules\nodemailer\lib\smtp-connection\index.js:727:22)
2025-10-16 00:18:59 +01:00:     at listOnTimeout (node:internal/timers:588:17)
2025-10-16 00:18:59 +01:00:     at process.processTimers (node:internal/timers:523:7) {
2025-10-16 00:18:59 +01:00:   code: 'ETIMEDOUT',
2025-10-16 00:18:59 +01:00:   command: 'CONN'
2025-10-16 00:18:59 +01:00: }
2025-10-16 00:19:00 +01:00: [36m2025-10-16T00:19:00+01:00[0m [[38;5;119mMONITOR[0m] [33mWARN:[0m Monitor #4 'StudyBuddy': Failing: Request failed with status code 502 | Interval: 60 seconds | Type: http | Down Count: 0 | Resend Interval: 0
2025-10-16 00:19:07 +01:00: [36m2025-10-16T00:19:07+01:00[0m [[38;5;119mMONITOR[0m] [33mWARN:[0m Monitor #2 'aio.0code.uk': Pending: Request failed with status code 502 | Max retries: 3 | Retry: 3 | Retry Interval: 20 seconds | Type: http
2025-10-16 00:19:58 +01:00: [36m2025-10-16T00:19:58+01:00[0m [[38;5;119mMONITOR[0m] [31mERROR:[0m [31mCannot send notification to My Email Alert (1)[0m
2025-10-16 00:19:58 +01:00: [36m2025-10-16T00:19:58+01:00[0m [[38;5;119mMONITOR[0m] [31mERROR:[0m Error: Greeting never received
2025-10-16 00:19:58 +01:00:     at SMTPConnection._formatError (D:\Projects\0code-monit\node_modules\nodemailer\lib\smtp-connection\index.js:807:19)
2025-10-16 00:19:58 +01:00:     at SMTPConnection._onError (D:\Projects\0code-monit\node_modules\nodemailer\lib\smtp-connection\index.js:793:20)
2025-10-16 00:19:58 +01:00:     at Timeout.<anonymous> (D:\Projects\0code-monit\node_modules\nodemailer\lib\smtp-connection\index.js:727:22)
2025-10-16 00:19:58 +01:00:     at listOnTimeout (node:internal/timers:588:17)
2025-10-16 00:19:58 +01:00:     at process.processTimers (node:internal/timers:523:7) {
2025-10-16 00:19:58 +01:00:   code: 'ETIMEDOUT',
2025-10-16 00:19:58 +01:00:   command: 'CONN'
2025-10-16 00:19:58 +01:00: }
2025-10-16 00:35:35 +01:00: Error: Greeting never received
2025-10-16 00:35:35 +01:00:     at SMTPConnection._formatError (D:\Projects\0code-monit\node_modules\nodemailer\lib\smtp-connection\index.js:807:19)
2025-10-16 00:35:35 +01:00:     at SMTPConnection._onError (D:\Projects\0code-monit\node_modules\nodemailer\lib\smtp-connection\index.js:793:20)
2025-10-16 00:35:35 +01:00:     at Timeout.<anonymous> (D:\Projects\0code-monit\node_modules\nodemailer\lib\smtp-connection\index.js:727:22)
2025-10-16 00:35:35 +01:00:     at listOnTimeout (node:internal/timers:588:17)
2025-10-16 00:35:35 +01:00:     at process.processTimers (node:internal/timers:523:7) {
2025-10-16 00:35:35 +01:00:   code: 'ETIMEDOUT',
2025-10-16 00:35:35 +01:00:   command: 'CONN'
2025-10-16 00:35:35 +01:00: }
2025-10-16 00:35:44 +01:00: Error: Invalid login: 535 5.7.8 Error: authentication failed: (reason unavailable)
2025-10-16 00:35:44 +01:00:     at SMTPConnection._formatError (D:\Projects\0code-monit\node_modules\nodemailer\lib\smtp-connection\index.js:807:19)
2025-10-16 00:35:44 +01:00:     at SMTPConnection._actionAUTHComplete (D:\Projects\0code-monit\node_modules\nodemailer\lib\smtp-connection\index.js:1586:34)
2025-10-16 00:35:44 +01:00:     at SMTPConnection.<anonymous> (D:\Projects\0code-monit\node_modules\nodemailer\lib\smtp-connection\index.js:554:26)
2025-10-16 00:35:44 +01:00:     at SMTPConnection._processResponse (D:\Projects\0code-monit\node_modules\nodemailer\lib\smtp-connection\index.js:991:20)
2025-10-16 00:35:44 +01:00:     at SMTPConnection._onData (D:\Projects\0code-monit\node_modules\nodemailer\lib\smtp-connection\index.js:772:14)
2025-10-16 00:35:44 +01:00:     at SMTPConnection._onSocketData (D:\Projects\0code-monit\node_modules\nodemailer\lib\smtp-connection\index.js:195:44)
2025-10-16 00:35:44 +01:00:     at TLSSocket.emit (node:events:519:28)
2025-10-16 00:35:44 +01:00:     at addChunk (node:internal/streams/readable:561:12)
2025-10-16 00:35:44 +01:00:     at readableAddChunkPushByteMode (node:internal/streams/readable:512:3)
2025-10-16 00:35:44 +01:00:     at Readable.push (node:internal/streams/readable:392:5) {
2025-10-16 00:35:44 +01:00:   code: 'EAUTH',
2025-10-16 00:35:44 +01:00:   response: '535 5.7.8 Error: authentication failed: (reason unavailable)',
2025-10-16 00:35:44 +01:00:   responseCode: 535,
2025-10-16 00:35:44 +01:00:   command: 'AUTH PLAIN'
2025-10-16 00:35:44 +01:00: }
