2025-10-16 00:39:35 +01:00: Error: Invalid login: 535 5.7.8 Error: authentication failed: (reason unavailable)
2025-10-16 00:39:35 +01:00:     at SMTPConnection._formatError (D:\Projects\0code-monit\node_modules\nodemailer\lib\smtp-connection\index.js:807:19)
2025-10-16 00:39:35 +01:00:     at SMTPConnection._actionAUTHComplete (D:\Projects\0code-monit\node_modules\nodemailer\lib\smtp-connection\index.js:1586:34)
2025-10-16 00:39:35 +01:00:     at SMTPConnection.<anonymous> (D:\Projects\0code-monit\node_modules\nodemailer\lib\smtp-connection\index.js:554:26)
2025-10-16 00:39:35 +01:00:     at SMTPConnection._processResponse (D:\Projects\0code-monit\node_modules\nodemailer\lib\smtp-connection\index.js:991:20)
2025-10-16 00:39:35 +01:00:     at SMTPConnection._onData (D:\Projects\0code-monit\node_modules\nodemailer\lib\smtp-connection\index.js:772:14)
2025-10-16 00:39:35 +01:00:     at SMTPConnection._onSocketData (D:\Projects\0code-monit\node_modules\nodemailer\lib\smtp-connection\index.js:195:44)
2025-10-16 00:39:35 +01:00:     at TLSSocket.emit (node:events:519:28)
2025-10-16 00:39:35 +01:00:     at addChunk (node:internal/streams/readable:561:12)
2025-10-16 00:39:35 +01:00:     at readableAddChunkPushByteMode (node:internal/streams/readable:512:3)
2025-10-16 00:39:35 +01:00:     at Readable.push (node:internal/streams/readable:392:5) {
2025-10-16 00:39:35 +01:00:   code: 'EAUTH',
2025-10-16 00:39:35 +01:00:   response: '535 5.7.8 Error: authentication failed: (reason unavailable)',
2025-10-16 00:39:35 +01:00:   responseCode: 535,
2025-10-16 00:39:35 +01:00:   command: 'AUTH PLAIN'
2025-10-16 00:39:35 +01:00: }
2025-10-16 01:00:39 +01:00: [36m2025-10-16T01:00:39+01:00[0m [[38;5;208mAUTH[0m] [33mWARN:[0m Incorrect username or password for user Oggy. IP=127.0.0.1
2025-10-16 09:34:20 +01:00: [36m2025-10-16T09:34:20+01:00[0m [[36mDOCKER[0m] [31mERROR:[0m AxiosError: connect ECONNREFUSED 127.0.0.1:79
2025-10-16 09:34:20 +01:00:     at AxiosError.from (D:\Projects\0code-monit\node_modules\axios\lib\core\AxiosError.js:86:14)
2025-10-16 09:34:20 +01:00:     at RedirectableRequest.handleRequestError (D:\Projects\0code-monit\node_modules\axios\lib\adapters\http.js:391:25)
2025-10-16 09:34:20 +01:00:     at RedirectableRequest.emit (node:events:531:35)
2025-10-16 09:34:20 +01:00:     at eventHandlers.<computed> (D:\Projects\0code-monit\node_modules\follow-redirects\index.js:49:24)
2025-10-16 09:34:20 +01:00:     at ClientRequest.emit (node:events:519:28)
2025-10-16 09:34:20 +01:00:     at emitErrorEvent (node:_http_client:105:11)
2025-10-16 09:34:20 +01:00:     at Socket.socketErrorListener (node:_http_client:518:5)
2025-10-16 09:34:20 +01:00:     at Socket.emit (node:events:519:28)
2025-10-16 09:34:20 +01:00:     at emitErrorNT (node:internal/streams/destroy:170:8)
2025-10-16 09:34:20 +01:00:     at emitErrorCloseNT (node:internal/streams/destroy:129:3) {
2025-10-16 09:34:20 +01:00:   port: 79,
2025-10-16 09:34:20 +01:00:   address: '127.0.0.1',
2025-10-16 09:34:20 +01:00:   syscall: 'connect',
2025-10-16 09:34:20 +01:00:   code: 'ECONNREFUSED',
2025-10-16 09:34:20 +01:00:   errno: -4078,
2025-10-16 09:34:20 +01:00:   config: {
2025-10-16 09:34:20 +01:00:     transitional: {
2025-10-16 09:34:20 +01:00:       silentJSONParsing: true,
2025-10-16 09:34:20 +01:00:       forcedJSONParsing: true,
2025-10-16 09:34:20 +01:00:       clarifyTimeoutError: false
2025-10-16 09:34:20 +01:00:     },
2025-10-16 09:34:20 +01:00:     adapter: [Function: httpAdapter],
2025-10-16 09:34:20 +01:00:     transformRequest: [ [Function: transformRequest] ],
2025-10-16 09:34:20 +01:00:     transformResponse: [ [Function: transformResponse] ],
2025-10-16 09:34:20 +01:00:     timeout: 5000,
2025-10-16 09:34:20 +01:00:     xsrfCookieName: 'XSRF-TOKEN',
2025-10-16 09:34:20 +01:00:     xsrfHeaderName: 'X-XSRF-TOKEN',
2025-10-16 09:34:20 +01:00:     maxContentLength: -1,
2025-10-16 09:34:20 +01:00:     maxBodyLength: -1,
2025-10-16 09:34:20 +01:00:     env: { FormData: [Function [FormData]], Blob: [class Blob] },
2025-10-16 09:34:20 +01:00:     validateStatus: [Function: validateStatus],
2025-10-16 09:34:20 +01:00:     headers: { Accept: '*/*', 'User-Agent': 'Uptime-Kuma/1.0.1-beta.1' },
2025-10-16 09:34:20 +01:00:     url: '/containers/json?all=true',
2025-10-16 09:34:20 +01:00:     signal: AbortSignal { aborted: false },
2025-10-16 09:34:20 +01:00:     baseURL: 'http://127.0.0.1:79',
2025-10-16 09:34:20 +01:00:     httpsAgent: Agent {
2025-10-16 09:34:20 +01:00:       _events: [Object: null prototype],
2025-10-16 09:34:20 +01:00:       _eventsCount: 2,
2025-10-16 09:34:20 +01:00:       _maxListeners: undefined,
2025-10-16 09:34:20 +01:00:       defaultPort: 443,
2025-10-16 09:34:20 +01:00:       protocol: 'https:',
2025-10-16 09:34:20 +01:00:       options: [Object: null prototype],
2025-10-16 09:34:20 +01:00:       requests: [Object: null prototype] {},
2025-10-16 09:34:20 +01:00:       sockets: [Object: null prototype] {},
2025-10-16 09:34:20 +01:00:       freeSockets: [Object: null prototype] {},
2025-10-16 09:34:20 +01:00:       keepAliveMsecs: 1000,
2025-10-16 09:34:20 +01:00:       keepAlive: false,
2025-10-16 09:34:20 +01:00:       maxSockets: Infinity,
2025-10-16 09:34:20 +01:00:       maxFreeSockets: 256,
2025-10-16 09:34:20 +01:00:       scheduling: 'lifo',
2025-10-16 09:34:20 +01:00:       maxTotalSockets: Infinity,
2025-10-16 09:34:20 +01:00:       totalSocketCount: 0,
2025-10-16 09:34:20 +01:00:       agentKeepAliveTimeoutBuffer: 1000,
2025-10-16 09:34:20 +01:00:       maxCachedSessions: 0,
2025-10-16 09:34:20 +01:00:       _sessionCache: [Object],
2025-10-16 09:34:20 +01:00:       [Symbol(shapeMode)]: false,
2025-10-16 09:34:20 +01:00:       [Symbol(kCapture)]: false
2025-10-16 09:34:20 +01:00:     },
2025-10-16 09:34:20 +01:00:     method: 'get',
2025-10-16 09:34:20 +01:00:     data: undefined
2025-10-16 09:34:20 +01:00:   },
2025-10-16 09:34:20 +01:00:   request: <ref *1> Writable {
2025-10-16 09:34:20 +01:00:     _events: {
2025-10-16 09:34:20 +01:00:       close: undefined,
2025-10-16 09:34:20 +01:00:       error: [Function: handleRequestError],
2025-10-16 09:34:20 +01:00:       prefinish: undefined,
2025-10-16 09:34:20 +01:00:       finish: undefined,
2025-10-16 09:34:20 +01:00:       drain: undefined,
2025-10-16 09:34:20 +01:00:       response: [Function: handleResponse],
2025-10-16 09:34:20 +01:00:       socket: [Array],
2025-10-16 09:34:20 +01:00:       timeout: undefined,
2025-10-16 09:34:20 +01:00:       abort: undefined
2025-10-16 09:34:20 +01:00:     },
2025-10-16 09:34:20 +01:00:     _writableState: WritableState {
2025-10-16 09:34:20 +01:00:       highWaterMark: 16384,
2025-10-16 09:34:20 +01:00:       length: 0,
2025-10-16 09:34:20 +01:00:       corked: 0,
2025-10-16 09:34:20 +01:00:       onwrite: [Function: bound onwrite],
2025-10-16 09:34:20 +01:00:       writelen: 0,
2025-10-16 09:34:20 +01:00:       bufferedIndex: 0,
2025-10-16 09:34:20 +01:00:       pendingcb: 0,
2025-10-16 09:34:20 +01:00:       [Symbol(kState)]: 17580812,
2025-10-16 09:34:20 +01:00:       [Symbol(kBufferedValue)]: null
2025-10-16 09:34:20 +01:00:     },
2025-10-16 09:34:20 +01:00:     _maxListeners: undefined,
2025-10-16 09:34:20 +01:00:     _options: {
2025-10-16 09:34:20 +01:00:       maxRedirects: 21,
2025-10-16 09:34:20 +01:00:       maxBodyLength: Infinity,
2025-10-16 09:34:20 +01:00:       protocol: 'http:',
2025-10-16 09:34:20 +01:00:       path: '/containers/json?all=true',
2025-10-16 09:34:20 +01:00:       method: 'GET',
2025-10-16 09:34:20 +01:00:       headers: [Object],
2025-10-16 09:34:20 +01:00:       agents: [Object],
2025-10-16 09:34:20 +01:00:       auth: undefined,
2025-10-16 09:34:20 +01:00:       beforeRedirect: [Function: dispatchBeforeRedirect],
2025-10-16 09:34:20 +01:00:       beforeRedirects: [Object],
2025-10-16 09:34:20 +01:00:       hostname: '127.0.0.1',
2025-10-16 09:34:20 +01:00:       port: '79',
2025-10-16 09:34:20 +01:00:       agent: undefined,
2025-10-16 09:34:20 +01:00:       nativeProtocols: [Object],
2025-10-16 09:34:20 +01:00:       pathname: '/containers/json',
2025-10-16 09:34:20 +01:00:       search: '?all=true'
2025-10-16 09:34:20 +01:00:     },
2025-10-16 09:34:20 +01:00:     _ended: true,
2025-10-16 09:34:20 +01:00:     _ending: true,
2025-10-16 09:34:20 +01:00:     _redirectCount: 0,
2025-10-16 09:34:20 +01:00:     _redirects: [],
2025-10-16 09:34:20 +01:00:     _requestBodyLength: 0,
2025-10-16 09:34:20 +01:00:     _requestBodyBuffers: [],
2025-10-16 09:34:20 +01:00:     _eventsCount: 3,
2025-10-16 09:34:20 +01:00:     _onNativeResponse: [Function (anonymous)],
2025-10-16 09:34:20 +01:00:     _currentRequest: ClientRequest {
2025-10-16 09:34:20 +01:00:       _events: [Object: null prototype],
2025-10-16 09:34:20 +01:00:       _eventsCount: 7,
2025-10-16 09:34:20 +01:00:       _maxListeners: undefined,
2025-10-16 09:34:20 +01:00:       outputData: [],
2025-10-16 09:34:20 +01:00:       outputSize: 0,
2025-10-16 09:34:20 +01:00:       writable: true,
2025-10-16 09:34:20 +01:00:       destroyed: false,
2025-10-16 09:34:20 +01:00:       _last: true,
2025-10-16 09:34:20 +01:00:       chunkedEncoding: false,
2025-10-16 09:34:20 +01:00:       shouldKeepAlive: true,
2025-10-16 09:34:20 +01:00:       maxRequestsOnConnectionReached: false,
2025-10-16 09:34:20 +01:00:       _defaultKeepAlive: true,
2025-10-16 09:34:20 +01:00:       useChunkedEncodingByDefault: false,
2025-10-16 09:34:20 +01:00:       sendDate: false,
2025-10-16 09:34:20 +01:00:       _removedConnection: false,
2025-10-16 09:34:20 +01:00:       _removedContLen: false,
2025-10-16 09:34:20 +01:00:       _removedTE: false,
2025-10-16 09:34:20 +01:00:       strictContentLength: false,
2025-10-16 09:34:20 +01:00:       _contentLength: 0,
2025-10-16 09:34:20 +01:00:       _hasBody: true,
2025-10-16 09:34:20 +01:00:       _trailer: '',
2025-10-16 09:34:20 +01:00:       finished: true,
2025-10-16 09:34:20 +01:00:       _headerSent: true,
2025-10-16 09:34:20 +01:00:       _closed: false,
2025-10-16 09:34:20 +01:00:       _header: 'GET /containers/json?all=true HTTP/1.1\r\n' +
2025-10-16 09:34:20 +01:00:         'Accept: */*\r\n' +
2025-10-16 09:34:20 +01:00:         'User-Agent: Uptime-Kuma/1.0.1-beta.1\r\n' +
2025-10-16 09:34:20 +01:00:         'Host: 127.0.0.1:79\r\n' +
2025-10-16 09:34:20 +01:00:         'Connection: keep-alive\r\n' +
2025-10-16 09:34:20 +01:00:         '\r\n',
2025-10-16 09:34:20 +01:00:       _keepAliveTimeout: 0,
2025-10-16 09:34:20 +01:00:       _onPendingData: [Function: nop],
2025-10-16 09:34:20 +01:00:       agent: [Agent],
2025-10-16 09:34:20 +01:00:       socketPath: undefined,
2025-10-16 09:34:20 +01:00:       method: 'GET',
2025-10-16 09:34:20 +01:00:       maxHeaderSize: undefined,
2025-10-16 09:34:20 +01:00:       insecureHTTPParser: undefined,
2025-10-16 09:34:20 +01:00:       joinDuplicateHeaders: undefined,
2025-10-16 09:34:20 +01:00:       path: '/containers/json?all=true',
2025-10-16 09:34:20 +01:00:       _ended: false,
2025-10-16 09:34:20 +01:00:       res: null,
2025-10-16 09:34:20 +01:00:       aborted: false,
2025-10-16 09:34:20 +01:00:       timeoutCb: [Function: emitRequestTimeout],
2025-10-16 09:34:20 +01:00:       upgradeOrConnect: false,
2025-10-16 09:34:20 +01:00:       parser: null,
2025-10-16 09:34:20 +01:00:       maxHeadersCount: null,
2025-10-16 09:34:20 +01:00:       reusedSocket: false,
2025-10-16 09:34:20 +01:00:       host: '127.0.0.1',
2025-10-16 09:34:20 +01:00:       protocol: 'http:',
2025-10-16 09:34:20 +01:00:       _redirectable: [Circular *1],
2025-10-16 09:34:20 +01:00:       [Symbol(shapeMode)]: false,
2025-10-16 09:34:20 +01:00:       [Symbol(kCapture)]: false,
2025-10-16 09:34:20 +01:00:       [Symbol(kBytesWritten)]: 0,
2025-10-16 09:34:20 +01:00:       [Symbol(kNeedDrain)]: false,
2025-10-16 09:34:20 +01:00:       [Symbol(corked)]: 0,
2025-10-16 09:34:20 +01:00:       [Symbol(kChunkedBuffer)]: [],
2025-10-16 09:34:20 +01:00:       [Symbol(kChunkedLength)]: 0,
2025-10-16 09:34:20 +01:00:       [Symbol(kSocket)]: [Socket],
2025-10-16 09:34:20 +01:00:       [Symbol(kOutHeaders)]: [Object: null prototype],
2025-10-16 09:34:20 +01:00:       [Symbol(errored)]: null,
2025-10-16 09:34:20 +01:00:       [Symbol(kHighWaterMark)]: 16384,
2025-10-16 09:34:20 +01:00:       [Symbol(kRejectNonStandardBodyWrites)]: false,
2025-10-16 09:34:20 +01:00:       [Symbol(kUniqueHeaders)]: null
2025-10-16 09:34:20 +01:00:     },
2025-10-16 09:34:20 +01:00:     _currentUrl: 'http://127.0.0.1:79/containers/json?all=true',
2025-10-16 09:34:20 +01:00:     _timeout: null,
2025-10-16 09:34:20 +01:00:     [Symbol(shapeMode)]: true,
2025-10-16 09:34:20 +01:00:     [Symbol(kCapture)]: false
2025-10-16 09:34:20 +01:00:   },
2025-10-16 09:34:20 +01:00:   cause: Error: connect ECONNREFUSED 127.0.0.1:79
2025-10-16 09:34:20 +01:00:       at TCPConnectWrap.afterConnect [as oncomplete] (node:net:1637:16) {
2025-10-16 09:34:20 +01:00:     errno: -4078,
2025-10-16 09:34:20 +01:00:     code: 'ECONNREFUSED',
2025-10-16 09:34:20 +01:00:     syscall: 'connect',
2025-10-16 09:34:20 +01:00:     address: '127.0.0.1',
2025-10-16 09:34:20 +01:00:     port: 79
2025-10-16 09:34:20 +01:00:   }
2025-10-16 09:34:20 +01:00: }
2025-10-16 09:34:32 +01:00: [36m2025-10-16T09:34:32+01:00[0m [[36mDOCKER[0m] [31mERROR:[0m AxiosError: socket hang up
2025-10-16 09:34:32 +01:00:     at AxiosError.from (D:\Projects\0code-monit\node_modules\axios\lib\core\AxiosError.js:86:14)
2025-10-16 09:34:32 +01:00:     at RedirectableRequest.handleRequestError (D:\Projects\0code-monit\node_modules\axios\lib\adapters\http.js:391:25)
2025-10-16 09:34:32 +01:00:     at RedirectableRequest.emit (node:events:531:35)
2025-10-16 09:34:32 +01:00:     at eventHandlers.<computed> (D:\Projects\0code-monit\node_modules\follow-redirects\index.js:49:24)
2025-10-16 09:34:32 +01:00:     at ClientRequest.emit (node:events:519:28)
2025-10-16 09:34:32 +01:00:     at emitErrorEvent (node:_http_client:105:11)
2025-10-16 09:34:32 +01:00:     at Socket.socketOnEnd (node:_http_client:542:5)
2025-10-16 09:34:32 +01:00:     at Socket.emit (node:events:531:35)
2025-10-16 09:34:32 +01:00:     at endReadableNT (node:internal/streams/readable:1698:12)
2025-10-16 09:34:32 +01:00:     at process.processTicksAndRejections (node:internal/process/task_queues:90:21) {
2025-10-16 09:34:32 +01:00:   code: 'ECONNRESET',
2025-10-16 09:34:32 +01:00:   config: {
2025-10-16 09:34:32 +01:00:     transitional: {
2025-10-16 09:34:32 +01:00:       silentJSONParsing: true,
2025-10-16 09:34:32 +01:00:       forcedJSONParsing: true,
2025-10-16 09:34:32 +01:00:       clarifyTimeoutError: false
2025-10-16 09:34:32 +01:00:     },
2025-10-16 09:34:32 +01:00:     adapter: [Function: httpAdapter],
2025-10-16 09:34:32 +01:00:     transformRequest: [ [Function: transformRequest] ],
2025-10-16 09:34:32 +01:00:     transformResponse: [ [Function: transformResponse] ],
2025-10-16 09:34:32 +01:00:     timeout: 5000,
2025-10-16 09:34:32 +01:00:     xsrfCookieName: 'XSRF-TOKEN',
2025-10-16 09:34:32 +01:00:     xsrfHeaderName: 'X-XSRF-TOKEN',
2025-10-16 09:34:32 +01:00:     maxContentLength: -1,
2025-10-16 09:34:32 +01:00:     maxBodyLength: -1,
2025-10-16 09:34:32 +01:00:     env: { FormData: [Function [FormData]], Blob: [class Blob] },
2025-10-16 09:34:32 +01:00:     validateStatus: [Function: validateStatus],
2025-10-16 09:34:32 +01:00:     headers: { Accept: '*/*', 'User-Agent': 'Uptime-Kuma/1.0.1-beta.1' },
2025-10-16 09:34:32 +01:00:     url: '/containers/json?all=true',
2025-10-16 09:34:32 +01:00:     signal: AbortSignal { aborted: false },
2025-10-16 09:34:32 +01:00:     baseURL: 'http://127.0.0.1:6379',
2025-10-16 09:34:32 +01:00:     httpsAgent: Agent {
2025-10-16 09:34:32 +01:00:       _events: [Object: null prototype],
2025-10-16 09:34:32 +01:00:       _eventsCount: 2,
2025-10-16 09:34:32 +01:00:       _maxListeners: undefined,
2025-10-16 09:34:32 +01:00:       defaultPort: 443,
2025-10-16 09:34:32 +01:00:       protocol: 'https:',
2025-10-16 09:34:32 +01:00:       options: [Object: null prototype],
2025-10-16 09:34:32 +01:00:       requests: [Object: null prototype] {},
2025-10-16 09:34:32 +01:00:       sockets: [Object: null prototype] {},
2025-10-16 09:34:32 +01:00:       freeSockets: [Object: null prototype] {},
2025-10-16 09:34:32 +01:00:       keepAliveMsecs: 1000,
2025-10-16 09:34:32 +01:00:       keepAlive: false,
2025-10-16 09:34:32 +01:00:       maxSockets: Infinity,
2025-10-16 09:34:32 +01:00:       maxFreeSockets: 256,
2025-10-16 09:34:32 +01:00:       scheduling: 'lifo',
2025-10-16 09:34:32 +01:00:       maxTotalSockets: Infinity,
2025-10-16 09:34:32 +01:00:       totalSocketCount: 0,
2025-10-16 09:34:32 +01:00:       agentKeepAliveTimeoutBuffer: 1000,
2025-10-16 09:34:32 +01:00:       maxCachedSessions: 0,
2025-10-16 09:34:32 +01:00:       _sessionCache: [Object],
2025-10-16 09:34:32 +01:00:       [Symbol(shapeMode)]: false,
2025-10-16 09:34:32 +01:00:       [Symbol(kCapture)]: false
2025-10-16 09:34:32 +01:00:     },
2025-10-16 09:34:32 +01:00:     method: 'get',
2025-10-16 09:34:32 +01:00:     data: undefined
2025-10-16 09:34:32 +01:00:   },
2025-10-16 09:34:32 +01:00:   request: <ref *1> Writable {
2025-10-16 09:34:32 +01:00:     _events: {
2025-10-16 09:34:32 +01:00:       close: undefined,
2025-10-16 09:34:32 +01:00:       error: [Function: handleRequestError],
2025-10-16 09:34:32 +01:00:       prefinish: undefined,
2025-10-16 09:34:32 +01:00:       finish: undefined,
2025-10-16 09:34:32 +01:00:       drain: undefined,
2025-10-16 09:34:32 +01:00:       response: [Function: handleResponse],
2025-10-16 09:34:32 +01:00:       socket: [Array],
2025-10-16 09:34:32 +01:00:       timeout: undefined,
2025-10-16 09:34:32 +01:00:       abort: undefined
2025-10-16 09:34:32 +01:00:     },
2025-10-16 09:34:32 +01:00:     _writableState: WritableState {
2025-10-16 09:34:32 +01:00:       highWaterMark: 16384,
2025-10-16 09:34:32 +01:00:       length: 0,
2025-10-16 09:34:32 +01:00:       corked: 0,
2025-10-16 09:34:32 +01:00:       onwrite: [Function: bound onwrite],
2025-10-16 09:34:32 +01:00:       writelen: 0,
2025-10-16 09:34:32 +01:00:       bufferedIndex: 0,
2025-10-16 09:34:32 +01:00:       pendingcb: 0,
2025-10-16 09:34:32 +01:00:       [Symbol(kState)]: 17580812,
2025-10-16 09:34:32 +01:00:       [Symbol(kBufferedValue)]: null
2025-10-16 09:34:32 +01:00:     },
2025-10-16 09:34:32 +01:00:     _maxListeners: undefined,
2025-10-16 09:34:32 +01:00:     _options: {
2025-10-16 09:34:32 +01:00:       maxRedirects: 21,
2025-10-16 09:34:32 +01:00:       maxBodyLength: Infinity,
2025-10-16 09:34:32 +01:00:       protocol: 'http:',
2025-10-16 09:34:32 +01:00:       path: '/containers/json?all=true',
2025-10-16 09:34:32 +01:00:       method: 'GET',
2025-10-16 09:34:32 +01:00:       headers: [Object],
2025-10-16 09:34:32 +01:00:       agents: [Object],
2025-10-16 09:34:32 +01:00:       auth: undefined,
2025-10-16 09:34:32 +01:00:       beforeRedirect: [Function: dispatchBeforeRedirect],
2025-10-16 09:34:32 +01:00:       beforeRedirects: [Object],
2025-10-16 09:34:32 +01:00:       hostname: '127.0.0.1',
2025-10-16 09:34:32 +01:00:       port: '6379',
2025-10-16 09:34:32 +01:00:       agent: undefined,
2025-10-16 09:34:32 +01:00:       nativeProtocols: [Object],
2025-10-16 09:34:32 +01:00:       pathname: '/containers/json',
2025-10-16 09:34:32 +01:00:       search: '?all=true'
2025-10-16 09:34:32 +01:00:     },
2025-10-16 09:34:32 +01:00:     _ended: true,
2025-10-16 09:34:32 +01:00:     _ending: true,
2025-10-16 09:34:32 +01:00:     _redirectCount: 0,
2025-10-16 09:34:32 +01:00:     _redirects: [],
2025-10-16 09:34:32 +01:00:     _requestBodyLength: 0,
2025-10-16 09:34:32 +01:00:     _requestBodyBuffers: [],
2025-10-16 09:34:32 +01:00:     _eventsCount: 3,
2025-10-16 09:34:32 +01:00:     _onNativeResponse: [Function (anonymous)],
2025-10-16 09:34:32 +01:00:     _currentRequest: ClientRequest {
2025-10-16 09:34:32 +01:00:       _events: [Object: null prototype],
2025-10-16 09:34:32 +01:00:       _eventsCount: 7,
2025-10-16 09:34:32 +01:00:       _maxListeners: undefined,
2025-10-16 09:34:32 +01:00:       outputData: [],
2025-10-16 09:34:32 +01:00:       outputSize: 0,
2025-10-16 09:34:32 +01:00:       writable: true,
2025-10-16 09:34:32 +01:00:       destroyed: false,
2025-10-16 09:34:32 +01:00:       _last: true,
2025-10-16 09:34:32 +01:00:       chunkedEncoding: false,
2025-10-16 09:34:32 +01:00:       shouldKeepAlive: true,
2025-10-16 09:34:32 +01:00:       maxRequestsOnConnectionReached: false,
2025-10-16 09:34:32 +01:00:       _defaultKeepAlive: true,
2025-10-16 09:34:32 +01:00:       useChunkedEncodingByDefault: false,
2025-10-16 09:34:32 +01:00:       sendDate: false,
2025-10-16 09:34:32 +01:00:       _removedConnection: false,
2025-10-16 09:34:32 +01:00:       _removedContLen: false,
2025-10-16 09:34:32 +01:00:       _removedTE: false,
2025-10-16 09:34:32 +01:00:       strictContentLength: false,
2025-10-16 09:34:32 +01:00:       _contentLength: 0,
2025-10-16 09:34:32 +01:00:       _hasBody: true,
2025-10-16 09:34:32 +01:00:       _trailer: '',
2025-10-16 09:34:32 +01:00:       finished: true,
2025-10-16 09:34:32 +01:00:       _headerSent: true,
2025-10-16 09:34:32 +01:00:       _closed: false,
2025-10-16 09:34:32 +01:00:       _header: 'GET /containers/json?all=true HTTP/1.1\r\n' +
2025-10-16 09:34:32 +01:00:         'Accept: */*\r\n' +
2025-10-16 09:34:32 +01:00:         'User-Agent: Uptime-Kuma/1.0.1-beta.1\r\n' +
2025-10-16 09:34:32 +01:00:         'Host: 127.0.0.1:6379\r\n' +
2025-10-16 09:34:32 +01:00:         'Connection: keep-alive\r\n' +
2025-10-16 09:34:32 +01:00:         '\r\n',
2025-10-16 09:34:32 +01:00:       _keepAliveTimeout: 0,
2025-10-16 09:34:32 +01:00:       _onPendingData: [Function: nop],
2025-10-16 09:34:32 +01:00:       agent: [Agent],
2025-10-16 09:34:32 +01:00:       socketPath: undefined,
2025-10-16 09:34:32 +01:00:       method: 'GET',
2025-10-16 09:34:32 +01:00:       maxHeaderSize: undefined,
2025-10-16 09:34:32 +01:00:       insecureHTTPParser: undefined,
2025-10-16 09:34:32 +01:00:       joinDuplicateHeaders: undefined,
2025-10-16 09:34:32 +01:00:       path: '/containers/json?all=true',
2025-10-16 09:34:32 +01:00:       _ended: false,
2025-10-16 09:34:32 +01:00:       res: null,
2025-10-16 09:34:32 +01:00:       aborted: false,
2025-10-16 09:34:32 +01:00:       timeoutCb: [Function: emitRequestTimeout],
2025-10-16 09:34:32 +01:00:       upgradeOrConnect: false,
2025-10-16 09:34:32 +01:00:       parser: null,
2025-10-16 09:34:32 +01:00:       maxHeadersCount: null,
2025-10-16 09:34:32 +01:00:       reusedSocket: false,
2025-10-16 09:34:32 +01:00:       host: '127.0.0.1',
2025-10-16 09:34:32 +01:00:       protocol: 'http:',
2025-10-16 09:34:32 +01:00:       _redirectable: [Circular *1],
2025-10-16 09:34:32 +01:00:       [Symbol(shapeMode)]: false,
2025-10-16 09:34:32 +01:00:       [Symbol(kCapture)]: false,
2025-10-16 09:34:32 +01:00:       [Symbol(kBytesWritten)]: 0,
2025-10-16 09:34:32 +01:00:       [Symbol(kNeedDrain)]: false,
2025-10-16 09:34:32 +01:00:       [Symbol(corked)]: 0,
2025-10-16 09:34:32 +01:00:       [Symbol(kChunkedBuffer)]: [],
2025-10-16 09:34:32 +01:00:       [Symbol(kChunkedLength)]: 0,
2025-10-16 09:34:32 +01:00:       [Symbol(kSocket)]: [Socket],
2025-10-16 09:34:32 +01:00:       [Symbol(kOutHeaders)]: [Object: null prototype],
2025-10-16 09:34:32 +01:00:       [Symbol(errored)]: null,
2025-10-16 09:34:32 +01:00:       [Symbol(kHighWaterMark)]: 16384,
2025-10-16 09:34:32 +01:00:       [Symbol(kRejectNonStandardBodyWrites)]: false,
2025-10-16 09:34:32 +01:00:       [Symbol(kUniqueHeaders)]: null
2025-10-16 09:34:32 +01:00:     },
2025-10-16 09:34:32 +01:00:     _currentUrl: 'http://127.0.0.1:6379/containers/json?all=true',
2025-10-16 09:34:32 +01:00:     _timeout: null,
2025-10-16 09:34:32 +01:00:     [Symbol(shapeMode)]: true,
2025-10-16 09:34:32 +01:00:     [Symbol(kCapture)]: false
2025-10-16 09:34:32 +01:00:   },
2025-10-16 09:34:32 +01:00:   cause: Error: socket hang up
2025-10-16 09:34:32 +01:00:       at Socket.socketOnEnd (node:_http_client:542:25)
2025-10-16 09:34:32 +01:00:       at Socket.emit (node:events:531:35)
2025-10-16 09:34:32 +01:00:       at endReadableNT (node:internal/streams/readable:1698:12)
2025-10-16 09:34:32 +01:00:       at process.processTicksAndRejections (node:internal/process/task_queues:90:21) {
2025-10-16 09:34:32 +01:00:     code: 'ECONNRESET'
2025-10-16 09:34:32 +01:00:   }
2025-10-16 09:34:32 +01:00: }
2025-10-16 09:34:41 +01:00: [36m2025-10-16T09:34:41+01:00[0m [[36mDOCKER[0m] [31mERROR:[0m AxiosError: socket hang up
2025-10-16 09:34:41 +01:00:     at AxiosError.from (D:\Projects\0code-monit\node_modules\axios\lib\core\AxiosError.js:86:14)
2025-10-16 09:34:41 +01:00:     at RedirectableRequest.handleRequestError (D:\Projects\0code-monit\node_modules\axios\lib\adapters\http.js:391:25)
2025-10-16 09:34:41 +01:00:     at RedirectableRequest.emit (node:events:531:35)
2025-10-16 09:34:41 +01:00:     at eventHandlers.<computed> (D:\Projects\0code-monit\node_modules\follow-redirects\index.js:49:24)
2025-10-16 09:34:41 +01:00:     at ClientRequest.emit (node:events:519:28)
2025-10-16 09:34:41 +01:00:     at emitErrorEvent (node:_http_client:105:11)
2025-10-16 09:34:41 +01:00:     at Socket.socketOnEnd (node:_http_client:542:5)
2025-10-16 09:34:41 +01:00:     at Socket.emit (node:events:531:35)
2025-10-16 09:34:41 +01:00:     at endReadableNT (node:internal/streams/readable:1698:12)
2025-10-16 09:34:41 +01:00:     at process.processTicksAndRejections (node:internal/process/task_queues:90:21) {
2025-10-16 09:34:41 +01:00:   code: 'ECONNRESET',
2025-10-16 09:34:41 +01:00:   config: {
2025-10-16 09:34:41 +01:00:     transitional: {
2025-10-16 09:34:41 +01:00:       silentJSONParsing: true,
2025-10-16 09:34:41 +01:00:       forcedJSONParsing: true,
2025-10-16 09:34:41 +01:00:       clarifyTimeoutError: false
2025-10-16 09:34:41 +01:00:     },
2025-10-16 09:34:41 +01:00:     adapter: [Function: httpAdapter],
2025-10-16 09:34:41 +01:00:     transformRequest: [ [Function: transformRequest] ],
2025-10-16 09:34:41 +01:00:     transformResponse: [ [Function: transformResponse] ],
2025-10-16 09:34:41 +01:00:     timeout: 5000,
2025-10-16 09:34:41 +01:00:     xsrfCookieName: 'XSRF-TOKEN',
2025-10-16 09:34:41 +01:00:     xsrfHeaderName: 'X-XSRF-TOKEN',
2025-10-16 09:34:41 +01:00:     maxContentLength: -1,
2025-10-16 09:34:41 +01:00:     maxBodyLength: -1,
2025-10-16 09:34:41 +01:00:     env: { FormData: [Function [FormData]], Blob: [class Blob] },
2025-10-16 09:34:41 +01:00:     validateStatus: [Function: validateStatus],
2025-10-16 09:34:41 +01:00:     headers: { Accept: '*/*', 'User-Agent': 'Uptime-Kuma/1.0.1-beta.1' },
2025-10-16 09:34:41 +01:00:     url: '/containers/json?all=true',
2025-10-16 09:34:41 +01:00:     signal: AbortSignal { aborted: false },
2025-10-16 09:34:41 +01:00:     baseURL: 'http://127.0.0.1:6379',
2025-10-16 09:34:41 +01:00:     httpsAgent: Agent {
2025-10-16 09:34:41 +01:00:       _events: [Object: null prototype],
2025-10-16 09:34:41 +01:00:       _eventsCount: 2,
2025-10-16 09:34:41 +01:00:       _maxListeners: undefined,
2025-10-16 09:34:41 +01:00:       defaultPort: 443,
2025-10-16 09:34:41 +01:00:       protocol: 'https:',
2025-10-16 09:34:41 +01:00:       options: [Object: null prototype],
2025-10-16 09:34:41 +01:00:       requests: [Object: null prototype] {},
2025-10-16 09:34:41 +01:00:       sockets: [Object: null prototype] {},
2025-10-16 09:34:41 +01:00:       freeSockets: [Object: null prototype] {},
2025-10-16 09:34:41 +01:00:       keepAliveMsecs: 1000,
2025-10-16 09:34:41 +01:00:       keepAlive: false,
2025-10-16 09:34:41 +01:00:       maxSockets: Infinity,
2025-10-16 09:34:41 +01:00:       maxFreeSockets: 256,
2025-10-16 09:34:41 +01:00:       scheduling: 'lifo',
2025-10-16 09:34:41 +01:00:       maxTotalSockets: Infinity,
2025-10-16 09:34:41 +01:00:       totalSocketCount: 0,
2025-10-16 09:34:41 +01:00:       agentKeepAliveTimeoutBuffer: 1000,
2025-10-16 09:34:41 +01:00:       maxCachedSessions: 0,
2025-10-16 09:34:41 +01:00:       _sessionCache: [Object],
2025-10-16 09:34:41 +01:00:       [Symbol(shapeMode)]: false,
2025-10-16 09:34:41 +01:00:       [Symbol(kCapture)]: false
2025-10-16 09:34:41 +01:00:     },
2025-10-16 09:34:41 +01:00:     method: 'get',
2025-10-16 09:34:41 +01:00:     data: undefined
2025-10-16 09:34:41 +01:00:   },
2025-10-16 09:34:41 +01:00:   request: <ref *1> Writable {
2025-10-16 09:34:41 +01:00:     _events: {
2025-10-16 09:34:41 +01:00:       close: undefined,
2025-10-16 09:34:41 +01:00:       error: [Function: handleRequestError],
2025-10-16 09:34:41 +01:00:       prefinish: undefined,
2025-10-16 09:34:41 +01:00:       finish: undefined,
2025-10-16 09:34:41 +01:00:       drain: undefined,
2025-10-16 09:34:41 +01:00:       response: [Function: handleResponse],
2025-10-16 09:34:41 +01:00:       socket: [Array],
2025-10-16 09:34:41 +01:00:       timeout: undefined,
2025-10-16 09:34:41 +01:00:       abort: undefined
2025-10-16 09:34:41 +01:00:     },
2025-10-16 09:34:41 +01:00:     _writableState: WritableState {
2025-10-16 09:34:41 +01:00:       highWaterMark: 16384,
2025-10-16 09:34:41 +01:00:       length: 0,
2025-10-16 09:34:41 +01:00:       corked: 0,
2025-10-16 09:34:41 +01:00:       onwrite: [Function: bound onwrite],
2025-10-16 09:34:41 +01:00:       writelen: 0,
2025-10-16 09:34:41 +01:00:       bufferedIndex: 0,
2025-10-16 09:34:41 +01:00:       pendingcb: 0,
2025-10-16 09:34:41 +01:00:       [Symbol(kState)]: 17580812,
2025-10-16 09:34:41 +01:00:       [Symbol(kBufferedValue)]: null
2025-10-16 09:34:41 +01:00:     },
2025-10-16 09:34:41 +01:00:     _maxListeners: undefined,
2025-10-16 09:34:41 +01:00:     _options: {
2025-10-16 09:34:41 +01:00:       maxRedirects: 21,
2025-10-16 09:34:41 +01:00:       maxBodyLength: Infinity,
2025-10-16 09:34:41 +01:00:       protocol: 'http:',
2025-10-16 09:34:41 +01:00:       path: '/containers/json?all=true',
2025-10-16 09:34:41 +01:00:       method: 'GET',
2025-10-16 09:34:41 +01:00:       headers: [Object],
2025-10-16 09:34:41 +01:00:       agents: [Object],
2025-10-16 09:34:41 +01:00:       auth: undefined,
2025-10-16 09:34:41 +01:00:       beforeRedirect: [Function: dispatchBeforeRedirect],
2025-10-16 09:34:41 +01:00:       beforeRedirects: [Object],
2025-10-16 09:34:41 +01:00:       hostname: '127.0.0.1',
2025-10-16 09:34:41 +01:00:       port: '6379',
2025-10-16 09:34:41 +01:00:       agent: undefined,
2025-10-16 09:34:41 +01:00:       nativeProtocols: [Object],
2025-10-16 09:34:41 +01:00:       pathname: '/containers/json',
2025-10-16 09:34:41 +01:00:       search: '?all=true'
2025-10-16 09:34:41 +01:00:     },
2025-10-16 09:34:41 +01:00:     _ended: true,
2025-10-16 09:34:41 +01:00:     _ending: true,
2025-10-16 09:34:41 +01:00:     _redirectCount: 0,
2025-10-16 09:34:41 +01:00:     _redirects: [],
2025-10-16 09:34:41 +01:00:     _requestBodyLength: 0,
2025-10-16 09:34:41 +01:00:     _requestBodyBuffers: [],
2025-10-16 09:34:41 +01:00:     _eventsCount: 3,
2025-10-16 09:34:41 +01:00:     _onNativeResponse: [Function (anonymous)],
2025-10-16 09:34:41 +01:00:     _currentRequest: ClientRequest {
2025-10-16 09:34:41 +01:00:       _events: [Object: null prototype],
2025-10-16 09:34:41 +01:00:       _eventsCount: 7,
2025-10-16 09:34:41 +01:00:       _maxListeners: undefined,
2025-10-16 09:34:41 +01:00:       outputData: [],
2025-10-16 09:34:41 +01:00:       outputSize: 0,
2025-10-16 09:34:41 +01:00:       writable: true,
2025-10-16 09:34:41 +01:00:       destroyed: false,
2025-10-16 09:34:41 +01:00:       _last: true,
2025-10-16 09:34:41 +01:00:       chunkedEncoding: false,
2025-10-16 09:34:41 +01:00:       shouldKeepAlive: true,
2025-10-16 09:34:41 +01:00:       maxRequestsOnConnectionReached: false,
2025-10-16 09:34:41 +01:00:       _defaultKeepAlive: true,
2025-10-16 09:34:41 +01:00:       useChunkedEncodingByDefault: false,
2025-10-16 09:34:41 +01:00:       sendDate: false,
2025-10-16 09:34:41 +01:00:       _removedConnection: false,
2025-10-16 09:34:41 +01:00:       _removedContLen: false,
2025-10-16 09:34:41 +01:00:       _removedTE: false,
2025-10-16 09:34:41 +01:00:       strictContentLength: false,
2025-10-16 09:34:41 +01:00:       _contentLength: 0,
2025-10-16 09:34:41 +01:00:       _hasBody: true,
2025-10-16 09:34:41 +01:00:       _trailer: '',
2025-10-16 09:34:41 +01:00:       finished: true,
2025-10-16 09:34:41 +01:00:       _headerSent: true,
2025-10-16 09:34:41 +01:00:       _closed: false,
2025-10-16 09:34:41 +01:00:       _header: 'GET /containers/json?all=true HTTP/1.1\r\n' +
2025-10-16 09:34:41 +01:00:         'Accept: */*\r\n' +
2025-10-16 09:34:41 +01:00:         'User-Agent: Uptime-Kuma/1.0.1-beta.1\r\n' +
2025-10-16 09:34:41 +01:00:         'Host: 127.0.0.1:6379\r\n' +
2025-10-16 09:34:41 +01:00:         'Connection: keep-alive\r\n' +
2025-10-16 09:34:41 +01:00:         '\r\n',
2025-10-16 09:34:41 +01:00:       _keepAliveTimeout: 0,
2025-10-16 09:34:41 +01:00:       _onPendingData: [Function: nop],
2025-10-16 09:34:41 +01:00:       agent: [Agent],
2025-10-16 09:34:41 +01:00:       socketPath: undefined,
2025-10-16 09:34:41 +01:00:       method: 'GET',
2025-10-16 09:34:41 +01:00:       maxHeaderSize: undefined,
2025-10-16 09:34:41 +01:00:       insecureHTTPParser: undefined,
2025-10-16 09:34:41 +01:00:       joinDuplicateHeaders: undefined,
2025-10-16 09:34:41 +01:00:       path: '/containers/json?all=true',
2025-10-16 09:34:41 +01:00:       _ended: false,
2025-10-16 09:34:41 +01:00:       res: null,
2025-10-16 09:34:41 +01:00:       aborted: false,
2025-10-16 09:34:41 +01:00:       timeoutCb: [Function: emitRequestTimeout],
2025-10-16 09:34:41 +01:00:       upgradeOrConnect: false,
2025-10-16 09:34:41 +01:00:       parser: null,
2025-10-16 09:34:41 +01:00:       maxHeadersCount: null,
2025-10-16 09:34:41 +01:00:       reusedSocket: false,
2025-10-16 09:34:41 +01:00:       host: '127.0.0.1',
2025-10-16 09:34:41 +01:00:       protocol: 'http:',
2025-10-16 09:34:41 +01:00:       _redirectable: [Circular *1],
2025-10-16 09:34:41 +01:00:       [Symbol(shapeMode)]: false,
2025-10-16 09:34:41 +01:00:       [Symbol(kCapture)]: false,
2025-10-16 09:34:41 +01:00:       [Symbol(kBytesWritten)]: 0,
2025-10-16 09:34:41 +01:00:       [Symbol(kNeedDrain)]: false,
2025-10-16 09:34:41 +01:00:       [Symbol(corked)]: 0,
2025-10-16 09:34:41 +01:00:       [Symbol(kChunkedBuffer)]: [],
2025-10-16 09:34:41 +01:00:       [Symbol(kChunkedLength)]: 0,
2025-10-16 09:34:41 +01:00:       [Symbol(kSocket)]: [Socket],
2025-10-16 09:34:41 +01:00:       [Symbol(kOutHeaders)]: [Object: null prototype],
2025-10-16 09:34:41 +01:00:       [Symbol(errored)]: null,
2025-10-16 09:34:41 +01:00:       [Symbol(kHighWaterMark)]: 16384,
2025-10-16 09:34:41 +01:00:       [Symbol(kRejectNonStandardBodyWrites)]: false,
2025-10-16 09:34:41 +01:00:       [Symbol(kUniqueHeaders)]: null
2025-10-16 09:34:41 +01:00:     },
2025-10-16 09:34:41 +01:00:     _currentUrl: 'http://127.0.0.1:6379/containers/json?all=true',
2025-10-16 09:34:41 +01:00:     _timeout: null,
2025-10-16 09:34:41 +01:00:     [Symbol(shapeMode)]: true,
2025-10-16 09:34:41 +01:00:     [Symbol(kCapture)]: false
2025-10-16 09:34:41 +01:00:   },
2025-10-16 09:34:41 +01:00:   cause: Error: socket hang up
2025-10-16 09:34:41 +01:00:       at Socket.socketOnEnd (node:_http_client:542:25)
2025-10-16 09:34:41 +01:00:       at Socket.emit (node:events:531:35)
2025-10-16 09:34:41 +01:00:       at endReadableNT (node:internal/streams/readable:1698:12)
2025-10-16 09:34:41 +01:00:       at process.processTicksAndRejections (node:internal/process/task_queues:90:21) {
2025-10-16 09:34:41 +01:00:     code: 'ECONNRESET'
2025-10-16 09:34:41 +01:00:   }
2025-10-16 09:34:41 +01:00: }
2025-10-16 09:34:59 +01:00: [36m2025-10-16T09:34:59+01:00[0m [[36mDOCKER[0m] [31mERROR:[0m AxiosError: socket hang up
2025-10-16 09:34:59 +01:00:     at AxiosError.from (D:\Projects\0code-monit\node_modules\axios\lib\core\AxiosError.js:86:14)
2025-10-16 09:34:59 +01:00:     at RedirectableRequest.handleRequestError (D:\Projects\0code-monit\node_modules\axios\lib\adapters\http.js:391:25)
2025-10-16 09:34:59 +01:00:     at RedirectableRequest.emit (node:events:531:35)
2025-10-16 09:34:59 +01:00:     at eventHandlers.<computed> (D:\Projects\0code-monit\node_modules\follow-redirects\index.js:49:24)
2025-10-16 09:34:59 +01:00:     at ClientRequest.emit (node:events:519:28)
2025-10-16 09:34:59 +01:00:     at emitErrorEvent (node:_http_client:105:11)
2025-10-16 09:34:59 +01:00:     at Socket.socketOnEnd (node:_http_client:542:5)
2025-10-16 09:34:59 +01:00:     at Socket.emit (node:events:531:35)
2025-10-16 09:34:59 +01:00:     at endReadableNT (node:internal/streams/readable:1698:12)
2025-10-16 09:34:59 +01:00:     at process.processTicksAndRejections (node:internal/process/task_queues:90:21) {
2025-10-16 09:34:59 +01:00:   code: 'ECONNRESET',
2025-10-16 09:34:59 +01:00:   config: {
2025-10-16 09:34:59 +01:00:     transitional: {
2025-10-16 09:34:59 +01:00:       silentJSONParsing: true,
2025-10-16 09:34:59 +01:00:       forcedJSONParsing: true,
2025-10-16 09:34:59 +01:00:       clarifyTimeoutError: false
2025-10-16 09:34:59 +01:00:     },
2025-10-16 09:34:59 +01:00:     adapter: [Function: httpAdapter],
2025-10-16 09:34:59 +01:00:     transformRequest: [ [Function: transformRequest] ],
2025-10-16 09:34:59 +01:00:     transformResponse: [ [Function: transformResponse] ],
2025-10-16 09:34:59 +01:00:     timeout: 5000,
2025-10-16 09:34:59 +01:00:     xsrfCookieName: 'XSRF-TOKEN',
2025-10-16 09:34:59 +01:00:     xsrfHeaderName: 'X-XSRF-TOKEN',
2025-10-16 09:34:59 +01:00:     maxContentLength: -1,
2025-10-16 09:34:59 +01:00:     maxBodyLength: -1,
2025-10-16 09:34:59 +01:00:     env: { FormData: [Function [FormData]], Blob: [class Blob] },
2025-10-16 09:34:59 +01:00:     validateStatus: [Function: validateStatus],
2025-10-16 09:34:59 +01:00:     headers: { Accept: '*/*', 'User-Agent': 'Uptime-Kuma/1.0.1-beta.1' },
2025-10-16 09:34:59 +01:00:     url: '/containers/json?all=true',
2025-10-16 09:34:59 +01:00:     signal: AbortSignal { aborted: false },
2025-10-16 09:34:59 +01:00:     baseURL: 'http://localhost:6379',
2025-10-16 09:34:59 +01:00:     httpsAgent: Agent {
2025-10-16 09:34:59 +01:00:       _events: [Object: null prototype],
2025-10-16 09:34:59 +01:00:       _eventsCount: 2,
2025-10-16 09:34:59 +01:00:       _maxListeners: undefined,
2025-10-16 09:34:59 +01:00:       defaultPort: 443,
2025-10-16 09:34:59 +01:00:       protocol: 'https:',
2025-10-16 09:34:59 +01:00:       options: [Object: null prototype],
2025-10-16 09:34:59 +01:00:       requests: [Object: null prototype] {},
2025-10-16 09:34:59 +01:00:       sockets: [Object: null prototype] {},
2025-10-16 09:34:59 +01:00:       freeSockets: [Object: null prototype] {},
2025-10-16 09:34:59 +01:00:       keepAliveMsecs: 1000,
2025-10-16 09:34:59 +01:00:       keepAlive: false,
2025-10-16 09:34:59 +01:00:       maxSockets: Infinity,
2025-10-16 09:34:59 +01:00:       maxFreeSockets: 256,
2025-10-16 09:34:59 +01:00:       scheduling: 'lifo',
2025-10-16 09:34:59 +01:00:       maxTotalSockets: Infinity,
2025-10-16 09:34:59 +01:00:       totalSocketCount: 0,
2025-10-16 09:34:59 +01:00:       agentKeepAliveTimeoutBuffer: 1000,
2025-10-16 09:34:59 +01:00:       maxCachedSessions: 0,
2025-10-16 09:34:59 +01:00:       _sessionCache: [Object],
2025-10-16 09:34:59 +01:00:       [Symbol(shapeMode)]: false,
2025-10-16 09:34:59 +01:00:       [Symbol(kCapture)]: false
2025-10-16 09:34:59 +01:00:     },
2025-10-16 09:34:59 +01:00:     method: 'get',
2025-10-16 09:34:59 +01:00:     data: undefined
2025-10-16 09:34:59 +01:00:   },
2025-10-16 09:34:59 +01:00:   request: <ref *1> Writable {
2025-10-16 09:34:59 +01:00:     _events: {
2025-10-16 09:34:59 +01:00:       close: undefined,
2025-10-16 09:34:59 +01:00:       error: [Function: handleRequestError],
2025-10-16 09:34:59 +01:00:       prefinish: undefined,
2025-10-16 09:34:59 +01:00:       finish: undefined,
2025-10-16 09:34:59 +01:00:       drain: undefined,
2025-10-16 09:34:59 +01:00:       response: [Function: handleResponse],
2025-10-16 09:34:59 +01:00:       socket: [Array],
2025-10-16 09:34:59 +01:00:       timeout: undefined,
2025-10-16 09:34:59 +01:00:       abort: undefined
2025-10-16 09:34:59 +01:00:     },
2025-10-16 09:34:59 +01:00:     _writableState: WritableState {
2025-10-16 09:34:59 +01:00:       highWaterMark: 16384,
2025-10-16 09:34:59 +01:00:       length: 0,
2025-10-16 09:34:59 +01:00:       corked: 0,
2025-10-16 09:34:59 +01:00:       onwrite: [Function: bound onwrite],
2025-10-16 09:34:59 +01:00:       writelen: 0,
2025-10-16 09:34:59 +01:00:       bufferedIndex: 0,
2025-10-16 09:34:59 +01:00:       pendingcb: 0,
2025-10-16 09:34:59 +01:00:       [Symbol(kState)]: 17580812,
2025-10-16 09:34:59 +01:00:       [Symbol(kBufferedValue)]: null
2025-10-16 09:34:59 +01:00:     },
2025-10-16 09:34:59 +01:00:     _maxListeners: undefined,
2025-10-16 09:34:59 +01:00:     _options: {
2025-10-16 09:34:59 +01:00:       maxRedirects: 21,
2025-10-16 09:34:59 +01:00:       maxBodyLength: Infinity,
2025-10-16 09:34:59 +01:00:       protocol: 'http:',
2025-10-16 09:34:59 +01:00:       path: '/containers/json?all=true',
2025-10-16 09:34:59 +01:00:       method: 'GET',
2025-10-16 09:34:59 +01:00:       headers: [Object],
2025-10-16 09:34:59 +01:00:       agents: [Object],
2025-10-16 09:34:59 +01:00:       auth: undefined,
2025-10-16 09:34:59 +01:00:       beforeRedirect: [Function: dispatchBeforeRedirect],
2025-10-16 09:34:59 +01:00:       beforeRedirects: [Object],
2025-10-16 09:34:59 +01:00:       hostname: 'localhost',
2025-10-16 09:34:59 +01:00:       port: '6379',
2025-10-16 09:34:59 +01:00:       agent: undefined,
2025-10-16 09:34:59 +01:00:       nativeProtocols: [Object],
2025-10-16 09:34:59 +01:00:       pathname: '/containers/json',
2025-10-16 09:34:59 +01:00:       search: '?all=true'
2025-10-16 09:34:59 +01:00:     },
2025-10-16 09:34:59 +01:00:     _ended: true,
2025-10-16 09:34:59 +01:00:     _ending: true,
2025-10-16 09:34:59 +01:00:     _redirectCount: 0,
2025-10-16 09:34:59 +01:00:     _redirects: [],
2025-10-16 09:34:59 +01:00:     _requestBodyLength: 0,
2025-10-16 09:34:59 +01:00:     _requestBodyBuffers: [],
2025-10-16 09:34:59 +01:00:     _eventsCount: 3,
2025-10-16 09:34:59 +01:00:     _onNativeResponse: [Function (anonymous)],
2025-10-16 09:34:59 +01:00:     _currentRequest: ClientRequest {
2025-10-16 09:34:59 +01:00:       _events: [Object: null prototype],
2025-10-16 09:34:59 +01:00:       _eventsCount: 7,
2025-10-16 09:34:59 +01:00:       _maxListeners: undefined,
2025-10-16 09:34:59 +01:00:       outputData: [],
2025-10-16 09:34:59 +01:00:       outputSize: 0,
2025-10-16 09:34:59 +01:00:       writable: true,
2025-10-16 09:34:59 +01:00:       destroyed: false,
2025-10-16 09:34:59 +01:00:       _last: true,
2025-10-16 09:34:59 +01:00:       chunkedEncoding: false,
2025-10-16 09:34:59 +01:00:       shouldKeepAlive: true,
2025-10-16 09:34:59 +01:00:       maxRequestsOnConnectionReached: false,
2025-10-16 09:34:59 +01:00:       _defaultKeepAlive: true,
2025-10-16 09:34:59 +01:00:       useChunkedEncodingByDefault: false,
2025-10-16 09:34:59 +01:00:       sendDate: false,
2025-10-16 09:34:59 +01:00:       _removedConnection: false,
2025-10-16 09:34:59 +01:00:       _removedContLen: false,
2025-10-16 09:34:59 +01:00:       _removedTE: false,
2025-10-16 09:34:59 +01:00:       strictContentLength: false,
2025-10-16 09:34:59 +01:00:       _contentLength: 0,
2025-10-16 09:34:59 +01:00:       _hasBody: true,
2025-10-16 09:34:59 +01:00:       _trailer: '',
2025-10-16 09:34:59 +01:00:       finished: true,
2025-10-16 09:34:59 +01:00:       _headerSent: true,
2025-10-16 09:34:59 +01:00:       _closed: false,
2025-10-16 09:34:59 +01:00:       _header: 'GET /containers/json?all=true HTTP/1.1\r\n' +
2025-10-16 09:34:59 +01:00:         'Accept: */*\r\n' +
2025-10-16 09:34:59 +01:00:         'User-Agent: Uptime-Kuma/1.0.1-beta.1\r\n' +
2025-10-16 09:34:59 +01:00:         'Host: localhost:6379\r\n' +
2025-10-16 09:34:59 +01:00:         'Connection: keep-alive\r\n' +
2025-10-16 09:34:59 +01:00:         '\r\n',
2025-10-16 09:34:59 +01:00:       _keepAliveTimeout: 0,
2025-10-16 09:34:59 +01:00:       _onPendingData: [Function: nop],
2025-10-16 09:34:59 +01:00:       agent: [Agent],
2025-10-16 09:34:59 +01:00:       socketPath: undefined,
2025-10-16 09:34:59 +01:00:       method: 'GET',
2025-10-16 09:34:59 +01:00:       maxHeaderSize: undefined,
2025-10-16 09:34:59 +01:00:       insecureHTTPParser: undefined,
2025-10-16 09:34:59 +01:00:       joinDuplicateHeaders: undefined,
2025-10-16 09:34:59 +01:00:       path: '/containers/json?all=true',
2025-10-16 09:34:59 +01:00:       _ended: false,
2025-10-16 09:34:59 +01:00:       res: null,
2025-10-16 09:34:59 +01:00:       aborted: false,
2025-10-16 09:34:59 +01:00:       timeoutCb: [Function: emitRequestTimeout],
2025-10-16 09:34:59 +01:00:       upgradeOrConnect: false,
2025-10-16 09:34:59 +01:00:       parser: null,
2025-10-16 09:34:59 +01:00:       maxHeadersCount: null,
2025-10-16 09:34:59 +01:00:       reusedSocket: false,
2025-10-16 09:34:59 +01:00:       host: 'localhost',
2025-10-16 09:34:59 +01:00:       protocol: 'http:',
2025-10-16 09:34:59 +01:00:       _redirectable: [Circular *1],
2025-10-16 09:34:59 +01:00:       [Symbol(shapeMode)]: false,
2025-10-16 09:34:59 +01:00:       [Symbol(kCapture)]: false,
2025-10-16 09:34:59 +01:00:       [Symbol(kBytesWritten)]: 0,
2025-10-16 09:34:59 +01:00:       [Symbol(kNeedDrain)]: false,
2025-10-16 09:34:59 +01:00:       [Symbol(corked)]: 0,
2025-10-16 09:34:59 +01:00:       [Symbol(kChunkedBuffer)]: [],
2025-10-16 09:34:59 +01:00:       [Symbol(kChunkedLength)]: 0,
2025-10-16 09:34:59 +01:00:       [Symbol(kSocket)]: [Socket],
2025-10-16 09:34:59 +01:00:       [Symbol(kOutHeaders)]: [Object: null prototype],
2025-10-16 09:34:59 +01:00:       [Symbol(errored)]: null,
2025-10-16 09:34:59 +01:00:       [Symbol(kHighWaterMark)]: 16384,
2025-10-16 09:34:59 +01:00:       [Symbol(kRejectNonStandardBodyWrites)]: false,
2025-10-16 09:34:59 +01:00:       [Symbol(kUniqueHeaders)]: null
2025-10-16 09:34:59 +01:00:     },
2025-10-16 09:34:59 +01:00:     _currentUrl: 'http://localhost:6379/containers/json?all=true',
2025-10-16 09:34:59 +01:00:     _timeout: null,
2025-10-16 09:34:59 +01:00:     [Symbol(shapeMode)]: true,
2025-10-16 09:34:59 +01:00:     [Symbol(kCapture)]: false
2025-10-16 09:34:59 +01:00:   },
2025-10-16 09:34:59 +01:00:   cause: Error: socket hang up
2025-10-16 09:34:59 +01:00:       at Socket.socketOnEnd (node:_http_client:542:25)
2025-10-16 09:34:59 +01:00:       at Socket.emit (node:events:531:35)
2025-10-16 09:34:59 +01:00:       at endReadableNT (node:internal/streams/readable:1698:12)
2025-10-16 09:34:59 +01:00:       at process.processTicksAndRejections (node:internal/process/task_queues:90:21) {
2025-10-16 09:34:59 +01:00:     code: 'ECONNRESET'
2025-10-16 09:34:59 +01:00:   }
2025-10-16 09:34:59 +01:00: }
2025-10-16 09:35:05 +01:00: [36m2025-10-16T09:35:05+01:00[0m [[36mDOCKER[0m] [31mERROR:[0m AxiosError: connect ENOENT http://localhost:6379
2025-10-16 09:35:05 +01:00:     at AxiosError.from (D:\Projects\0code-monit\node_modules\axios\lib\core\AxiosError.js:86:14)
2025-10-16 09:35:05 +01:00:     at RedirectableRequest.handleRequestError (D:\Projects\0code-monit\node_modules\axios\lib\adapters\http.js:391:25)
2025-10-16 09:35:05 +01:00:     at RedirectableRequest.emit (node:events:531:35)
2025-10-16 09:35:05 +01:00:     at eventHandlers.<computed> (D:\Projects\0code-monit\node_modules\follow-redirects\index.js:49:24)
2025-10-16 09:35:05 +01:00:     at ClientRequest.emit (node:events:519:28)
2025-10-16 09:35:05 +01:00:     at emitErrorEvent (node:_http_client:105:11)
2025-10-16 09:35:05 +01:00:     at Socket.socketErrorListener (node:_http_client:518:5)
2025-10-16 09:35:05 +01:00:     at Socket.emit (node:events:519:28)
2025-10-16 09:35:05 +01:00:     at emitErrorNT (node:internal/streams/destroy:170:8)
2025-10-16 09:35:05 +01:00:     at emitErrorCloseNT (node:internal/streams/destroy:129:3) {
2025-10-16 09:35:05 +01:00:   address: 'http://localhost:6379',
2025-10-16 09:35:05 +01:00:   syscall: 'connect',
2025-10-16 09:35:05 +01:00:   code: 'ENOENT',
2025-10-16 09:35:05 +01:00:   errno: -4058,
2025-10-16 09:35:05 +01:00:   config: {
2025-10-16 09:35:05 +01:00:     transitional: {
2025-10-16 09:35:05 +01:00:       silentJSONParsing: true,
2025-10-16 09:35:05 +01:00:       forcedJSONParsing: true,
2025-10-16 09:35:05 +01:00:       clarifyTimeoutError: false
2025-10-16 09:35:05 +01:00:     },
2025-10-16 09:35:05 +01:00:     adapter: [Function: httpAdapter],
2025-10-16 09:35:05 +01:00:     transformRequest: [ [Function: transformRequest] ],
2025-10-16 09:35:05 +01:00:     transformResponse: [ [Function: transformResponse] ],
2025-10-16 09:35:05 +01:00:     timeout: 5000,
2025-10-16 09:35:05 +01:00:     xsrfCookieName: 'XSRF-TOKEN',
2025-10-16 09:35:05 +01:00:     xsrfHeaderName: 'X-XSRF-TOKEN',
2025-10-16 09:35:05 +01:00:     maxContentLength: -1,
2025-10-16 09:35:05 +01:00:     maxBodyLength: -1,
2025-10-16 09:35:05 +01:00:     env: { FormData: [Function [FormData]], Blob: [class Blob] },
2025-10-16 09:35:05 +01:00:     validateStatus: [Function: validateStatus],
2025-10-16 09:35:05 +01:00:     headers: { Accept: '*/*', 'User-Agent': 'Uptime-Kuma/1.0.1-beta.1' },
2025-10-16 09:35:05 +01:00:     url: '/containers/json?all=true',
2025-10-16 09:35:05 +01:00:     signal: AbortSignal { aborted: false },
2025-10-16 09:35:05 +01:00:     socketPath: 'http://localhost:6379',
2025-10-16 09:35:05 +01:00:     method: 'get',
2025-10-16 09:35:05 +01:00:     data: undefined
2025-10-16 09:35:05 +01:00:   },
2025-10-16 09:35:05 +01:00:   request: <ref *1> Writable {
2025-10-16 09:35:05 +01:00:     _events: {
2025-10-16 09:35:05 +01:00:       close: undefined,
2025-10-16 09:35:05 +01:00:       error: [Function: handleRequestError],
2025-10-16 09:35:05 +01:00:       prefinish: undefined,
2025-10-16 09:35:05 +01:00:       finish: undefined,
2025-10-16 09:35:05 +01:00:       drain: undefined,
2025-10-16 09:35:05 +01:00:       response: [Function: handleResponse],
2025-10-16 09:35:05 +01:00:       socket: [Array],
2025-10-16 09:35:05 +01:00:       timeout: undefined,
2025-10-16 09:35:05 +01:00:       abort: undefined
2025-10-16 09:35:05 +01:00:     },
2025-10-16 09:35:05 +01:00:     _writableState: WritableState {
2025-10-16 09:35:05 +01:00:       highWaterMark: 16384,
2025-10-16 09:35:05 +01:00:       length: 0,
2025-10-16 09:35:05 +01:00:       corked: 0,
2025-10-16 09:35:05 +01:00:       onwrite: [Function: bound onwrite],
2025-10-16 09:35:05 +01:00:       writelen: 0,
2025-10-16 09:35:05 +01:00:       bufferedIndex: 0,
2025-10-16 09:35:05 +01:00:       pendingcb: 0,
2025-10-16 09:35:05 +01:00:       [Symbol(kState)]: 17580812,
2025-10-16 09:35:05 +01:00:       [Symbol(kBufferedValue)]: null
2025-10-16 09:35:05 +01:00:     },
2025-10-16 09:35:05 +01:00:     _maxListeners: undefined,
2025-10-16 09:35:05 +01:00:     _options: {
2025-10-16 09:35:05 +01:00:       maxRedirects: 21,
2025-10-16 09:35:05 +01:00:       maxBodyLength: Infinity,
2025-10-16 09:35:05 +01:00:       protocol: 'http:',
2025-10-16 09:35:05 +01:00:       path: '/containers/json?all=true',
2025-10-16 09:35:05 +01:00:       method: 'GET',
2025-10-16 09:35:05 +01:00:       headers: [Object],
2025-10-16 09:35:05 +01:00:       agents: [Object],
2025-10-16 09:35:05 +01:00:       auth: undefined,
2025-10-16 09:35:05 +01:00:       beforeRedirect: [Function: dispatchBeforeRedirect],
2025-10-16 09:35:05 +01:00:       beforeRedirects: {},
2025-10-16 09:35:05 +01:00:       socketPath: 'http://localhost:6379',
2025-10-16 09:35:05 +01:00:       agent: undefined,
2025-10-16 09:35:05 +01:00:       nativeProtocols: [Object],
2025-10-16 09:35:05 +01:00:       hostname: '::1',
2025-10-16 09:35:05 +01:00:       pathname: '/containers/json',
2025-10-16 09:35:05 +01:00:       search: '?all=true'
2025-10-16 09:35:05 +01:00:     },
2025-10-16 09:35:05 +01:00:     _ended: true,
2025-10-16 09:35:05 +01:00:     _ending: true,
2025-10-16 09:35:05 +01:00:     _redirectCount: 0,
2025-10-16 09:35:05 +01:00:     _redirects: [],
2025-10-16 09:35:05 +01:00:     _requestBodyLength: 0,
2025-10-16 09:35:05 +01:00:     _requestBodyBuffers: [],
2025-10-16 09:35:05 +01:00:     _eventsCount: 3,
2025-10-16 09:35:05 +01:00:     _onNativeResponse: [Function (anonymous)],
2025-10-16 09:35:05 +01:00:     _currentRequest: ClientRequest {
2025-10-16 09:35:05 +01:00:       _events: [Object: null prototype],
2025-10-16 09:35:05 +01:00:       _eventsCount: 7,
2025-10-16 09:35:05 +01:00:       _maxListeners: undefined,
2025-10-16 09:35:05 +01:00:       outputData: [],
2025-10-16 09:35:05 +01:00:       outputSize: 0,
2025-10-16 09:35:05 +01:00:       writable: true,
2025-10-16 09:35:05 +01:00:       destroyed: false,
2025-10-16 09:35:05 +01:00:       _last: true,
2025-10-16 09:35:05 +01:00:       chunkedEncoding: false,
2025-10-16 09:35:05 +01:00:       shouldKeepAlive: true,
2025-10-16 09:35:05 +01:00:       maxRequestsOnConnectionReached: false,
2025-10-16 09:35:05 +01:00:       _defaultKeepAlive: true,
2025-10-16 09:35:05 +01:00:       useChunkedEncodingByDefault: false,
2025-10-16 09:35:05 +01:00:       sendDate: false,
2025-10-16 09:35:05 +01:00:       _removedConnection: false,
2025-10-16 09:35:05 +01:00:       _removedContLen: false,
2025-10-16 09:35:05 +01:00:       _removedTE: false,
2025-10-16 09:35:05 +01:00:       strictContentLength: false,
2025-10-16 09:35:05 +01:00:       _contentLength: 0,
2025-10-16 09:35:05 +01:00:       _hasBody: true,
2025-10-16 09:35:05 +01:00:       _trailer: '',
2025-10-16 09:35:05 +01:00:       finished: true,
2025-10-16 09:35:05 +01:00:       _headerSent: true,
2025-10-16 09:35:05 +01:00:       _closed: false,
2025-10-16 09:35:05 +01:00:       _header: 'GET /containers/json?all=true HTTP/1.1\r\n' +
2025-10-16 09:35:05 +01:00:         'Accept: */*\r\n' +
2025-10-16 09:35:05 +01:00:         'User-Agent: Uptime-Kuma/1.0.1-beta.1\r\n' +
2025-10-16 09:35:05 +01:00:         'Host: [::1]\r\n' +
2025-10-16 09:35:05 +01:00:         'Connection: keep-alive\r\n' +
2025-10-16 09:35:05 +01:00:         '\r\n',
2025-10-16 09:35:05 +01:00:       _keepAliveTimeout: 0,
2025-10-16 09:35:05 +01:00:       _onPendingData: [Function: nop],
2025-10-16 09:35:05 +01:00:       agent: [Agent],
2025-10-16 09:35:05 +01:00:       socketPath: 'http://localhost:6379',
2025-10-16 09:35:05 +01:00:       method: 'GET',
2025-10-16 09:35:05 +01:00:       maxHeaderSize: undefined,
2025-10-16 09:35:05 +01:00:       insecureHTTPParser: undefined,
2025-10-16 09:35:05 +01:00:       joinDuplicateHeaders: undefined,
2025-10-16 09:35:05 +01:00:       path: '/containers/json?all=true',
2025-10-16 09:35:05 +01:00:       _ended: false,
2025-10-16 09:35:05 +01:00:       res: null,
2025-10-16 09:35:05 +01:00:       aborted: false,
2025-10-16 09:35:05 +01:00:       timeoutCb: [Function: emitRequestTimeout],
2025-10-16 09:35:05 +01:00:       upgradeOrConnect: false,
2025-10-16 09:35:05 +01:00:       parser: null,
2025-10-16 09:35:05 +01:00:       maxHeadersCount: null,
2025-10-16 09:35:05 +01:00:       reusedSocket: false,
2025-10-16 09:35:05 +01:00:       host: '::1',
2025-10-16 09:35:05 +01:00:       protocol: 'http:',
2025-10-16 09:35:05 +01:00:       _redirectable: [Circular *1],
2025-10-16 09:35:05 +01:00:       [Symbol(shapeMode)]: false,
2025-10-16 09:35:05 +01:00:       [Symbol(kCapture)]: false,
2025-10-16 09:35:05 +01:00:       [Symbol(kBytesWritten)]: 0,
2025-10-16 09:35:05 +01:00:       [Symbol(kNeedDrain)]: false,
2025-10-16 09:35:05 +01:00:       [Symbol(corked)]: 0,
2025-10-16 09:35:05 +01:00:       [Symbol(kChunkedBuffer)]: [],
2025-10-16 09:35:05 +01:00:       [Symbol(kChunkedLength)]: 0,
2025-10-16 09:35:05 +01:00:       [Symbol(kSocket)]: [Socket],
2025-10-16 09:35:05 +01:00:       [Symbol(kOutHeaders)]: [Object: null prototype],
2025-10-16 09:35:05 +01:00:       [Symbol(errored)]: null,
2025-10-16 09:35:05 +01:00:       [Symbol(kHighWaterMark)]: 16384,
2025-10-16 09:35:05 +01:00:       [Symbol(kRejectNonStandardBodyWrites)]: false,
2025-10-16 09:35:05 +01:00:       [Symbol(kUniqueHeaders)]: null
2025-10-16 09:35:05 +01:00:     },
2025-10-16 09:35:05 +01:00:     _currentUrl: 'http://[::1]/containers/json?all=true',
2025-10-16 09:35:05 +01:00:     _timeout: null,
2025-10-16 09:35:05 +01:00:     [Symbol(shapeMode)]: true,
2025-10-16 09:35:05 +01:00:     [Symbol(kCapture)]: false
2025-10-16 09:35:05 +01:00:   },
2025-10-16 09:35:05 +01:00:   cause: Error: connect ENOENT http://localhost:6379
2025-10-16 09:35:05 +01:00:       at PipeConnectWrap.afterConnect [as oncomplete] (node:net:1637:16) {
2025-10-16 09:35:05 +01:00:     errno: -4058,
2025-10-16 09:35:05 +01:00:     code: 'ENOENT',
2025-10-16 09:35:05 +01:00:     syscall: 'connect',
2025-10-16 09:35:05 +01:00:     address: 'http://localhost:6379'
2025-10-16 09:35:05 +01:00:   }
2025-10-16 09:35:05 +01:00: }
2025-10-16 09:35:21 +01:00: [36m2025-10-16T09:35:21+01:00[0m [[36mDOCKER[0m] [31mERROR:[0m AxiosError: connect ENOENT http://127.0.0.1:6379
2025-10-16 09:35:21 +01:00:     at AxiosError.from (D:\Projects\0code-monit\node_modules\axios\lib\core\AxiosError.js:86:14)
2025-10-16 09:35:21 +01:00:     at RedirectableRequest.handleRequestError (D:\Projects\0code-monit\node_modules\axios\lib\adapters\http.js:391:25)
2025-10-16 09:35:21 +01:00:     at RedirectableRequest.emit (node:events:531:35)
2025-10-16 09:35:21 +01:00:     at eventHandlers.<computed> (D:\Projects\0code-monit\node_modules\follow-redirects\index.js:49:24)
2025-10-16 09:35:21 +01:00:     at ClientRequest.emit (node:events:519:28)
2025-10-16 09:35:21 +01:00:     at emitErrorEvent (node:_http_client:105:11)
2025-10-16 09:35:21 +01:00:     at Socket.socketErrorListener (node:_http_client:518:5)
2025-10-16 09:35:21 +01:00:     at Socket.emit (node:events:519:28)
2025-10-16 09:35:21 +01:00:     at emitErrorNT (node:internal/streams/destroy:170:8)
2025-10-16 09:35:21 +01:00:     at emitErrorCloseNT (node:internal/streams/destroy:129:3) {
2025-10-16 09:35:21 +01:00:   address: 'http://127.0.0.1:6379',
2025-10-16 09:35:21 +01:00:   syscall: 'connect',
2025-10-16 09:35:21 +01:00:   code: 'ENOENT',
2025-10-16 09:35:21 +01:00:   errno: -4058,
2025-10-16 09:35:21 +01:00:   config: {
2025-10-16 09:35:21 +01:00:     transitional: {
2025-10-16 09:35:21 +01:00:       silentJSONParsing: true,
2025-10-16 09:35:21 +01:00:       forcedJSONParsing: true,
2025-10-16 09:35:21 +01:00:       clarifyTimeoutError: false
2025-10-16 09:35:21 +01:00:     },
2025-10-16 09:35:21 +01:00:     adapter: [Function: httpAdapter],
2025-10-16 09:35:21 +01:00:     transformRequest: [ [Function: transformRequest] ],
2025-10-16 09:35:21 +01:00:     transformResponse: [ [Function: transformResponse] ],
2025-10-16 09:35:21 +01:00:     timeout: 5000,
2025-10-16 09:35:21 +01:00:     xsrfCookieName: 'XSRF-TOKEN',
2025-10-16 09:35:21 +01:00:     xsrfHeaderName: 'X-XSRF-TOKEN',
2025-10-16 09:35:21 +01:00:     maxContentLength: -1,
2025-10-16 09:35:21 +01:00:     maxBodyLength: -1,
2025-10-16 09:35:21 +01:00:     env: { FormData: [Function [FormData]], Blob: [class Blob] },
2025-10-16 09:35:21 +01:00:     validateStatus: [Function: validateStatus],
2025-10-16 09:35:21 +01:00:     headers: { Accept: '*/*', 'User-Agent': 'Uptime-Kuma/1.0.1-beta.1' },
2025-10-16 09:35:21 +01:00:     url: '/containers/json?all=true',
2025-10-16 09:35:21 +01:00:     signal: AbortSignal { aborted: false },
2025-10-16 09:35:21 +01:00:     socketPath: 'http://127.0.0.1:6379',
2025-10-16 09:35:21 +01:00:     method: 'get',
2025-10-16 09:35:21 +01:00:     data: undefined
2025-10-16 09:35:21 +01:00:   },
2025-10-16 09:35:21 +01:00:   request: <ref *1> Writable {
2025-10-16 09:35:21 +01:00:     _events: {
2025-10-16 09:35:21 +01:00:       close: undefined,
2025-10-16 09:35:21 +01:00:       error: [Function: handleRequestError],
2025-10-16 09:35:21 +01:00:       prefinish: undefined,
2025-10-16 09:35:21 +01:00:       finish: undefined,
2025-10-16 09:35:21 +01:00:       drain: undefined,
2025-10-16 09:35:21 +01:00:       response: [Function: handleResponse],
2025-10-16 09:35:21 +01:00:       socket: [Array],
2025-10-16 09:35:21 +01:00:       timeout: undefined,
2025-10-16 09:35:21 +01:00:       abort: undefined
2025-10-16 09:35:21 +01:00:     },
2025-10-16 09:35:21 +01:00:     _writableState: WritableState {
2025-10-16 09:35:21 +01:00:       highWaterMark: 16384,
2025-10-16 09:35:21 +01:00:       length: 0,
2025-10-16 09:35:21 +01:00:       corked: 0,
2025-10-16 09:35:21 +01:00:       onwrite: [Function: bound onwrite],
2025-10-16 09:35:21 +01:00:       writelen: 0,
2025-10-16 09:35:21 +01:00:       bufferedIndex: 0,
2025-10-16 09:35:21 +01:00:       pendingcb: 0,
2025-10-16 09:35:21 +01:00:       [Symbol(kState)]: 17580812,
2025-10-16 09:35:21 +01:00:       [Symbol(kBufferedValue)]: null
2025-10-16 09:35:21 +01:00:     },
2025-10-16 09:35:21 +01:00:     _maxListeners: undefined,
2025-10-16 09:35:21 +01:00:     _options: {
2025-10-16 09:35:21 +01:00:       maxRedirects: 21,
2025-10-16 09:35:21 +01:00:       maxBodyLength: Infinity,
2025-10-16 09:35:21 +01:00:       protocol: 'http:',
2025-10-16 09:35:21 +01:00:       path: '/containers/json?all=true',
2025-10-16 09:35:21 +01:00:       method: 'GET',
2025-10-16 09:35:21 +01:00:       headers: [Object],
2025-10-16 09:35:21 +01:00:       agents: [Object],
2025-10-16 09:35:21 +01:00:       auth: undefined,
2025-10-16 09:35:21 +01:00:       beforeRedirect: [Function: dispatchBeforeRedirect],
2025-10-16 09:35:21 +01:00:       beforeRedirects: {},
2025-10-16 09:35:21 +01:00:       socketPath: 'http://127.0.0.1:6379',
2025-10-16 09:35:21 +01:00:       agent: undefined,
2025-10-16 09:35:21 +01:00:       nativeProtocols: [Object],
2025-10-16 09:35:21 +01:00:       hostname: '::1',
2025-10-16 09:35:21 +01:00:       pathname: '/containers/json',
2025-10-16 09:35:21 +01:00:       search: '?all=true'
2025-10-16 09:35:21 +01:00:     },
2025-10-16 09:35:21 +01:00:     _ended: true,
2025-10-16 09:35:21 +01:00:     _ending: true,
2025-10-16 09:35:21 +01:00:     _redirectCount: 0,
2025-10-16 09:35:21 +01:00:     _redirects: [],
2025-10-16 09:35:21 +01:00:     _requestBodyLength: 0,
2025-10-16 09:35:21 +01:00:     _requestBodyBuffers: [],
2025-10-16 09:35:21 +01:00:     _eventsCount: 3,
2025-10-16 09:35:21 +01:00:     _onNativeResponse: [Function (anonymous)],
2025-10-16 09:35:21 +01:00:     _currentRequest: ClientRequest {
2025-10-16 09:35:21 +01:00:       _events: [Object: null prototype],
2025-10-16 09:35:21 +01:00:       _eventsCount: 7,
2025-10-16 09:35:21 +01:00:       _maxListeners: undefined,
2025-10-16 09:35:21 +01:00:       outputData: [],
2025-10-16 09:35:21 +01:00:       outputSize: 0,
2025-10-16 09:35:21 +01:00:       writable: true,
2025-10-16 09:35:21 +01:00:       destroyed: false,
2025-10-16 09:35:21 +01:00:       _last: true,
2025-10-16 09:35:21 +01:00:       chunkedEncoding: false,
2025-10-16 09:35:21 +01:00:       shouldKeepAlive: true,
2025-10-16 09:35:21 +01:00:       maxRequestsOnConnectionReached: false,
2025-10-16 09:35:21 +01:00:       _defaultKeepAlive: true,
2025-10-16 09:35:21 +01:00:       useChunkedEncodingByDefault: false,
2025-10-16 09:35:21 +01:00:       sendDate: false,
2025-10-16 09:35:21 +01:00:       _removedConnection: false,
2025-10-16 09:35:21 +01:00:       _removedContLen: false,
2025-10-16 09:35:21 +01:00:       _removedTE: false,
2025-10-16 09:35:21 +01:00:       strictContentLength: false,
2025-10-16 09:35:21 +01:00:       _contentLength: 0,
2025-10-16 09:35:21 +01:00:       _hasBody: true,
2025-10-16 09:35:21 +01:00:       _trailer: '',
2025-10-16 09:35:21 +01:00:       finished: true,
2025-10-16 09:35:21 +01:00:       _headerSent: true,
2025-10-16 09:35:21 +01:00:       _closed: false,
2025-10-16 09:35:21 +01:00:       _header: 'GET /containers/json?all=true HTTP/1.1\r\n' +
2025-10-16 09:35:21 +01:00:         'Accept: */*\r\n' +
2025-10-16 09:35:21 +01:00:         'User-Agent: Uptime-Kuma/1.0.1-beta.1\r\n' +
2025-10-16 09:35:21 +01:00:         'Host: [::1]\r\n' +
2025-10-16 09:35:21 +01:00:         'Connection: keep-alive\r\n' +
2025-10-16 09:35:21 +01:00:         '\r\n',
2025-10-16 09:35:21 +01:00:       _keepAliveTimeout: 0,
2025-10-16 09:35:21 +01:00:       _onPendingData: [Function: nop],
2025-10-16 09:35:21 +01:00:       agent: [Agent],
2025-10-16 09:35:21 +01:00:       socketPath: 'http://127.0.0.1:6379',
2025-10-16 09:35:21 +01:00:       method: 'GET',
2025-10-16 09:35:21 +01:00:       maxHeaderSize: undefined,
2025-10-16 09:35:21 +01:00:       insecureHTTPParser: undefined,
2025-10-16 09:35:21 +01:00:       joinDuplicateHeaders: undefined,
2025-10-16 09:35:21 +01:00:       path: '/containers/json?all=true',
2025-10-16 09:35:21 +01:00:       _ended: false,
2025-10-16 09:35:21 +01:00:       res: null,
2025-10-16 09:35:21 +01:00:       aborted: false,
2025-10-16 09:35:21 +01:00:       timeoutCb: [Function: emitRequestTimeout],
2025-10-16 09:35:21 +01:00:       upgradeOrConnect: false,
2025-10-16 09:35:21 +01:00:       parser: null,
2025-10-16 09:35:21 +01:00:       maxHeadersCount: null,
2025-10-16 09:35:21 +01:00:       reusedSocket: false,
2025-10-16 09:35:21 +01:00:       host: '::1',
2025-10-16 09:35:21 +01:00:       protocol: 'http:',
2025-10-16 09:35:21 +01:00:       _redirectable: [Circular *1],
2025-10-16 09:35:21 +01:00:       [Symbol(shapeMode)]: false,
2025-10-16 09:35:21 +01:00:       [Symbol(kCapture)]: false,
2025-10-16 09:35:21 +01:00:       [Symbol(kBytesWritten)]: 0,
2025-10-16 09:35:21 +01:00:       [Symbol(kNeedDrain)]: false,
2025-10-16 09:35:21 +01:00:       [Symbol(corked)]: 0,
2025-10-16 09:35:21 +01:00:       [Symbol(kChunkedBuffer)]: [],
2025-10-16 09:35:21 +01:00:       [Symbol(kChunkedLength)]: 0,
2025-10-16 09:35:21 +01:00:       [Symbol(kSocket)]: [Socket],
2025-10-16 09:35:21 +01:00:       [Symbol(kOutHeaders)]: [Object: null prototype],
2025-10-16 09:35:21 +01:00:       [Symbol(errored)]: null,
2025-10-16 09:35:21 +01:00:       [Symbol(kHighWaterMark)]: 16384,
2025-10-16 09:35:21 +01:00:       [Symbol(kRejectNonStandardBodyWrites)]: false,
2025-10-16 09:35:21 +01:00:       [Symbol(kUniqueHeaders)]: null
2025-10-16 09:35:21 +01:00:     },
2025-10-16 09:35:21 +01:00:     _currentUrl: 'http://[::1]/containers/json?all=true',
2025-10-16 09:35:21 +01:00:     _timeout: null,
2025-10-16 09:35:21 +01:00:     [Symbol(shapeMode)]: true,
2025-10-16 09:35:21 +01:00:     [Symbol(kCapture)]: false
2025-10-16 09:35:21 +01:00:   },
2025-10-16 09:35:21 +01:00:   cause: Error: connect ENOENT http://127.0.0.1:6379
2025-10-16 09:35:21 +01:00:       at PipeConnectWrap.afterConnect [as oncomplete] (node:net:1637:16) {
2025-10-16 09:35:21 +01:00:     errno: -4058,
2025-10-16 09:35:21 +01:00:     code: 'ENOENT',
2025-10-16 09:35:21 +01:00:     syscall: 'connect',
2025-10-16 09:35:21 +01:00:     address: 'http://127.0.0.1:6379'
2025-10-16 09:35:21 +01:00:   }
2025-10-16 09:35:21 +01:00: }
2025-10-16 09:35:39 +01:00: [36m2025-10-16T09:35:39+01:00[0m [[36mDOCKER[0m] [31mERROR:[0m AxiosError: connect ENOENT /var/run/docker.sock
2025-10-16 09:35:39 +01:00:     at AxiosError.from (D:\Projects\0code-monit\node_modules\axios\lib\core\AxiosError.js:86:14)
2025-10-16 09:35:39 +01:00:     at RedirectableRequest.handleRequestError (D:\Projects\0code-monit\node_modules\axios\lib\adapters\http.js:391:25)
2025-10-16 09:35:39 +01:00:     at RedirectableRequest.emit (node:events:531:35)
2025-10-16 09:35:39 +01:00:     at eventHandlers.<computed> (D:\Projects\0code-monit\node_modules\follow-redirects\index.js:49:24)
2025-10-16 09:35:39 +01:00:     at ClientRequest.emit (node:events:519:28)
2025-10-16 09:35:39 +01:00:     at emitErrorEvent (node:_http_client:105:11)
2025-10-16 09:35:39 +01:00:     at Socket.socketErrorListener (node:_http_client:518:5)
2025-10-16 09:35:39 +01:00:     at Socket.emit (node:events:519:28)
2025-10-16 09:35:39 +01:00:     at emitErrorNT (node:internal/streams/destroy:170:8)
2025-10-16 09:35:39 +01:00:     at emitErrorCloseNT (node:internal/streams/destroy:129:3) {
2025-10-16 09:35:39 +01:00:   address: '/var/run/docker.sock',
2025-10-16 09:35:39 +01:00:   syscall: 'connect',
2025-10-16 09:35:39 +01:00:   code: 'ENOENT',
2025-10-16 09:35:39 +01:00:   errno: -4058,
2025-10-16 09:35:39 +01:00:   config: {
2025-10-16 09:35:39 +01:00:     transitional: {
2025-10-16 09:35:39 +01:00:       silentJSONParsing: true,
2025-10-16 09:35:39 +01:00:       forcedJSONParsing: true,
2025-10-16 09:35:39 +01:00:       clarifyTimeoutError: false
2025-10-16 09:35:39 +01:00:     },
2025-10-16 09:35:39 +01:00:     adapter: [Function: httpAdapter],
2025-10-16 09:35:39 +01:00:     transformRequest: [ [Function: transformRequest] ],
2025-10-16 09:35:39 +01:00:     transformResponse: [ [Function: transformResponse] ],
2025-10-16 09:35:39 +01:00:     timeout: 5000,
2025-10-16 09:35:39 +01:00:     xsrfCookieName: 'XSRF-TOKEN',
2025-10-16 09:35:39 +01:00:     xsrfHeaderName: 'X-XSRF-TOKEN',
2025-10-16 09:35:39 +01:00:     maxContentLength: -1,
2025-10-16 09:35:39 +01:00:     maxBodyLength: -1,
2025-10-16 09:35:39 +01:00:     env: { FormData: [Function [FormData]], Blob: [class Blob] },
2025-10-16 09:35:39 +01:00:     validateStatus: [Function: validateStatus],
2025-10-16 09:35:39 +01:00:     headers: { Accept: '*/*', 'User-Agent': 'Uptime-Kuma/1.0.1-beta.1' },
2025-10-16 09:35:39 +01:00:     url: '/containers/json?all=true',
2025-10-16 09:35:39 +01:00:     signal: AbortSignal { aborted: false },
2025-10-16 09:35:39 +01:00:     socketPath: '/var/run/docker.sock',
2025-10-16 09:35:39 +01:00:     method: 'get',
2025-10-16 09:35:39 +01:00:     data: undefined
2025-10-16 09:35:39 +01:00:   },
2025-10-16 09:35:39 +01:00:   request: <ref *1> Writable {
2025-10-16 09:35:39 +01:00:     _events: {
2025-10-16 09:35:39 +01:00:       close: undefined,
2025-10-16 09:35:39 +01:00:       error: [Function: handleRequestError],
2025-10-16 09:35:39 +01:00:       prefinish: undefined,
2025-10-16 09:35:39 +01:00:       finish: undefined,
2025-10-16 09:35:39 +01:00:       drain: undefined,
2025-10-16 09:35:39 +01:00:       response: [Function: handleResponse],
2025-10-16 09:35:39 +01:00:       socket: [Array],
2025-10-16 09:35:39 +01:00:       timeout: undefined,
2025-10-16 09:35:39 +01:00:       abort: undefined
2025-10-16 09:35:39 +01:00:     },
2025-10-16 09:35:39 +01:00:     _writableState: WritableState {
2025-10-16 09:35:39 +01:00:       highWaterMark: 16384,
2025-10-16 09:35:39 +01:00:       length: 0,
2025-10-16 09:35:39 +01:00:       corked: 0,
2025-10-16 09:35:39 +01:00:       onwrite: [Function: bound onwrite],
2025-10-16 09:35:39 +01:00:       writelen: 0,
2025-10-16 09:35:39 +01:00:       bufferedIndex: 0,
2025-10-16 09:35:39 +01:00:       pendingcb: 0,
2025-10-16 09:35:39 +01:00:       [Symbol(kState)]: 17580812,
2025-10-16 09:35:39 +01:00:       [Symbol(kBufferedValue)]: null
2025-10-16 09:35:39 +01:00:     },
2025-10-16 09:35:39 +01:00:     _maxListeners: undefined,
2025-10-16 09:35:39 +01:00:     _options: {
2025-10-16 09:35:39 +01:00:       maxRedirects: 21,
2025-10-16 09:35:39 +01:00:       maxBodyLength: Infinity,
2025-10-16 09:35:39 +01:00:       protocol: 'http:',
2025-10-16 09:35:39 +01:00:       path: '/containers/json?all=true',
2025-10-16 09:35:39 +01:00:       method: 'GET',
2025-10-16 09:35:39 +01:00:       headers: [Object],
2025-10-16 09:35:39 +01:00:       agents: [Object],
2025-10-16 09:35:39 +01:00:       auth: undefined,
2025-10-16 09:35:39 +01:00:       beforeRedirect: [Function: dispatchBeforeRedirect],
2025-10-16 09:35:39 +01:00:       beforeRedirects: {},
2025-10-16 09:35:39 +01:00:       socketPath: '/var/run/docker.sock',
2025-10-16 09:35:39 +01:00:       agent: undefined,
2025-10-16 09:35:39 +01:00:       nativeProtocols: [Object],
2025-10-16 09:35:39 +01:00:       hostname: '::1',
2025-10-16 09:35:39 +01:00:       pathname: '/containers/json',
2025-10-16 09:35:39 +01:00:       search: '?all=true'
2025-10-16 09:35:39 +01:00:     },
2025-10-16 09:35:39 +01:00:     _ended: true,
2025-10-16 09:35:39 +01:00:     _ending: true,
2025-10-16 09:35:39 +01:00:     _redirectCount: 0,
2025-10-16 09:35:39 +01:00:     _redirects: [],
2025-10-16 09:35:39 +01:00:     _requestBodyLength: 0,
2025-10-16 09:35:39 +01:00:     _requestBodyBuffers: [],
2025-10-16 09:35:39 +01:00:     _eventsCount: 3,
2025-10-16 09:35:39 +01:00:     _onNativeResponse: [Function (anonymous)],
2025-10-16 09:35:39 +01:00:     _currentRequest: ClientRequest {
2025-10-16 09:35:39 +01:00:       _events: [Object: null prototype],
2025-10-16 09:35:39 +01:00:       _eventsCount: 7,
2025-10-16 09:35:39 +01:00:       _maxListeners: undefined,
2025-10-16 09:35:39 +01:00:       outputData: [],
2025-10-16 09:35:39 +01:00:       outputSize: 0,
2025-10-16 09:35:39 +01:00:       writable: true,
2025-10-16 09:35:39 +01:00:       destroyed: false,
2025-10-16 09:35:39 +01:00:       _last: true,
2025-10-16 09:35:39 +01:00:       chunkedEncoding: false,
2025-10-16 09:35:39 +01:00:       shouldKeepAlive: true,
2025-10-16 09:35:39 +01:00:       maxRequestsOnConnectionReached: false,
2025-10-16 09:35:39 +01:00:       _defaultKeepAlive: true,
2025-10-16 09:35:39 +01:00:       useChunkedEncodingByDefault: false,
2025-10-16 09:35:39 +01:00:       sendDate: false,
2025-10-16 09:35:39 +01:00:       _removedConnection: false,
2025-10-16 09:35:39 +01:00:       _removedContLen: false,
2025-10-16 09:35:39 +01:00:       _removedTE: false,
2025-10-16 09:35:39 +01:00:       strictContentLength: false,
2025-10-16 09:35:39 +01:00:       _contentLength: 0,
2025-10-16 09:35:39 +01:00:       _hasBody: true,
2025-10-16 09:35:39 +01:00:       _trailer: '',
2025-10-16 09:35:39 +01:00:       finished: true,
2025-10-16 09:35:39 +01:00:       _headerSent: true,
2025-10-16 09:35:39 +01:00:       _closed: false,
2025-10-16 09:35:39 +01:00:       _header: 'GET /containers/json?all=true HTTP/1.1\r\n' +
2025-10-16 09:35:39 +01:00:         'Accept: */*\r\n' +
2025-10-16 09:35:39 +01:00:         'User-Agent: Uptime-Kuma/1.0.1-beta.1\r\n' +
2025-10-16 09:35:39 +01:00:         'Host: [::1]\r\n' +
2025-10-16 09:35:39 +01:00:         'Connection: keep-alive\r\n' +
2025-10-16 09:35:39 +01:00:         '\r\n',
2025-10-16 09:35:39 +01:00:       _keepAliveTimeout: 0,
2025-10-16 09:35:39 +01:00:       _onPendingData: [Function: nop],
2025-10-16 09:35:39 +01:00:       agent: [Agent],
2025-10-16 09:35:39 +01:00:       socketPath: '/var/run/docker.sock',
2025-10-16 09:35:39 +01:00:       method: 'GET',
2025-10-16 09:35:39 +01:00:       maxHeaderSize: undefined,
2025-10-16 09:35:39 +01:00:       insecureHTTPParser: undefined,
2025-10-16 09:35:39 +01:00:       joinDuplicateHeaders: undefined,
2025-10-16 09:35:39 +01:00:       path: '/containers/json?all=true',
2025-10-16 09:35:39 +01:00:       _ended: false,
2025-10-16 09:35:39 +01:00:       res: null,
2025-10-16 09:35:39 +01:00:       aborted: false,
2025-10-16 09:35:39 +01:00:       timeoutCb: [Function: emitRequestTimeout],
2025-10-16 09:35:39 +01:00:       upgradeOrConnect: false,
2025-10-16 09:35:39 +01:00:       parser: null,
2025-10-16 09:35:39 +01:00:       maxHeadersCount: null,
2025-10-16 09:35:39 +01:00:       reusedSocket: false,
2025-10-16 09:35:39 +01:00:       host: '::1',
2025-10-16 09:35:39 +01:00:       protocol: 'http:',
2025-10-16 09:35:39 +01:00:       _redirectable: [Circular *1],
2025-10-16 09:35:39 +01:00:       [Symbol(shapeMode)]: false,
2025-10-16 09:35:39 +01:00:       [Symbol(kCapture)]: false,
2025-10-16 09:35:39 +01:00:       [Symbol(kBytesWritten)]: 0,
2025-10-16 09:35:39 +01:00:       [Symbol(kNeedDrain)]: false,
2025-10-16 09:35:39 +01:00:       [Symbol(corked)]: 0,
2025-10-16 09:35:39 +01:00:       [Symbol(kChunkedBuffer)]: [],
2025-10-16 09:35:39 +01:00:       [Symbol(kChunkedLength)]: 0,
2025-10-16 09:35:39 +01:00:       [Symbol(kSocket)]: [Socket],
2025-10-16 09:35:39 +01:00:       [Symbol(kOutHeaders)]: [Object: null prototype],
2025-10-16 09:35:39 +01:00:       [Symbol(errored)]: null,
2025-10-16 09:35:39 +01:00:       [Symbol(kHighWaterMark)]: 16384,
2025-10-16 09:35:39 +01:00:       [Symbol(kRejectNonStandardBodyWrites)]: false,
2025-10-16 09:35:39 +01:00:       [Symbol(kUniqueHeaders)]: null
2025-10-16 09:35:39 +01:00:     },
2025-10-16 09:35:39 +01:00:     _currentUrl: 'http://[::1]/containers/json?all=true',
2025-10-16 09:35:39 +01:00:     _timeout: null,
2025-10-16 09:35:39 +01:00:     [Symbol(shapeMode)]: true,
2025-10-16 09:35:39 +01:00:     [Symbol(kCapture)]: false
2025-10-16 09:35:39 +01:00:   },
2025-10-16 09:35:39 +01:00:   cause: Error: connect ENOENT /var/run/docker.sock
2025-10-16 09:35:39 +01:00:       at PipeConnectWrap.afterConnect [as oncomplete] (node:net:1637:16) {
2025-10-16 09:35:39 +01:00:     errno: -4058,
2025-10-16 09:35:39 +01:00:     code: 'ENOENT',
2025-10-16 09:35:39 +01:00:     syscall: 'connect',
2025-10-16 09:35:39 +01:00:     address: '/var/run/docker.sock'
2025-10-16 09:35:39 +01:00:   }
2025-10-16 09:35:39 +01:00: }
2025-10-16 09:36:07 +01:00: [36m2025-10-16T09:36:07+01:00[0m [[36mDOCKER[0m] [31mERROR:[0m AxiosError: connect ENOENT http://localhost:3003
2025-10-16 09:36:07 +01:00:     at AxiosError.from (D:\Projects\0code-monit\node_modules\axios\lib\core\AxiosError.js:86:14)
2025-10-16 09:36:07 +01:00:     at RedirectableRequest.handleRequestError (D:\Projects\0code-monit\node_modules\axios\lib\adapters\http.js:391:25)
2025-10-16 09:36:07 +01:00:     at RedirectableRequest.emit (node:events:531:35)
2025-10-16 09:36:07 +01:00:     at eventHandlers.<computed> (D:\Projects\0code-monit\node_modules\follow-redirects\index.js:49:24)
2025-10-16 09:36:07 +01:00:     at ClientRequest.emit (node:events:519:28)
2025-10-16 09:36:07 +01:00:     at emitErrorEvent (node:_http_client:105:11)
2025-10-16 09:36:07 +01:00:     at Socket.socketErrorListener (node:_http_client:518:5)
2025-10-16 09:36:07 +01:00:     at Socket.emit (node:events:519:28)
2025-10-16 09:36:07 +01:00:     at emitErrorNT (node:internal/streams/destroy:170:8)
2025-10-16 09:36:07 +01:00:     at emitErrorCloseNT (node:internal/streams/destroy:129:3) {
2025-10-16 09:36:07 +01:00:   address: 'http://localhost:3003',
2025-10-16 09:36:07 +01:00:   syscall: 'connect',
2025-10-16 09:36:07 +01:00:   code: 'ENOENT',
2025-10-16 09:36:07 +01:00:   errno: -4058,
2025-10-16 09:36:07 +01:00:   config: {
2025-10-16 09:36:07 +01:00:     transitional: {
2025-10-16 09:36:07 +01:00:       silentJSONParsing: true,
2025-10-16 09:36:07 +01:00:       forcedJSONParsing: true,
2025-10-16 09:36:07 +01:00:       clarifyTimeoutError: false
2025-10-16 09:36:07 +01:00:     },
2025-10-16 09:36:07 +01:00:     adapter: [Function: httpAdapter],
2025-10-16 09:36:07 +01:00:     transformRequest: [ [Function: transformRequest] ],
2025-10-16 09:36:07 +01:00:     transformResponse: [ [Function: transformResponse] ],
2025-10-16 09:36:07 +01:00:     timeout: 5000,
2025-10-16 09:36:07 +01:00:     xsrfCookieName: 'XSRF-TOKEN',
2025-10-16 09:36:07 +01:00:     xsrfHeaderName: 'X-XSRF-TOKEN',
2025-10-16 09:36:07 +01:00:     maxContentLength: -1,
2025-10-16 09:36:07 +01:00:     maxBodyLength: -1,
2025-10-16 09:36:07 +01:00:     env: { FormData: [Function [FormData]], Blob: [class Blob] },
2025-10-16 09:36:07 +01:00:     validateStatus: [Function: validateStatus],
2025-10-16 09:36:07 +01:00:     headers: { Accept: '*/*', 'User-Agent': 'Uptime-Kuma/1.0.1-beta.1' },
2025-10-16 09:36:07 +01:00:     url: '/containers/json?all=true',
2025-10-16 09:36:07 +01:00:     signal: AbortSignal { aborted: false },
2025-10-16 09:36:07 +01:00:     socketPath: 'http://localhost:3003',
2025-10-16 09:36:07 +01:00:     method: 'get',
2025-10-16 09:36:07 +01:00:     data: undefined
2025-10-16 09:36:07 +01:00:   },
2025-10-16 09:36:07 +01:00:   request: <ref *1> Writable {
2025-10-16 09:36:07 +01:00:     _events: {
2025-10-16 09:36:07 +01:00:       close: undefined,
2025-10-16 09:36:07 +01:00:       error: [Function: handleRequestError],
2025-10-16 09:36:07 +01:00:       prefinish: undefined,
2025-10-16 09:36:07 +01:00:       finish: undefined,
2025-10-16 09:36:07 +01:00:       drain: undefined,
2025-10-16 09:36:07 +01:00:       response: [Function: handleResponse],
2025-10-16 09:36:07 +01:00:       socket: [Array],
2025-10-16 09:36:07 +01:00:       timeout: undefined,
2025-10-16 09:36:07 +01:00:       abort: undefined
2025-10-16 09:36:07 +01:00:     },
2025-10-16 09:36:07 +01:00:     _writableState: WritableState {
2025-10-16 09:36:07 +01:00:       highWaterMark: 16384,
2025-10-16 09:36:07 +01:00:       length: 0,
2025-10-16 09:36:07 +01:00:       corked: 0,
2025-10-16 09:36:07 +01:00:       onwrite: [Function: bound onwrite],
2025-10-16 09:36:07 +01:00:       writelen: 0,
2025-10-16 09:36:07 +01:00:       bufferedIndex: 0,
2025-10-16 09:36:07 +01:00:       pendingcb: 0,
2025-10-16 09:36:07 +01:00:       [Symbol(kState)]: 17580812,
2025-10-16 09:36:07 +01:00:       [Symbol(kBufferedValue)]: null
2025-10-16 09:36:07 +01:00:     },
2025-10-16 09:36:07 +01:00:     _maxListeners: undefined,
2025-10-16 09:36:07 +01:00:     _options: {
2025-10-16 09:36:07 +01:00:       maxRedirects: 21,
2025-10-16 09:36:07 +01:00:       maxBodyLength: Infinity,
2025-10-16 09:36:07 +01:00:       protocol: 'http:',
2025-10-16 09:36:07 +01:00:       path: '/containers/json?all=true',
2025-10-16 09:36:07 +01:00:       method: 'GET',
2025-10-16 09:36:07 +01:00:       headers: [Object],
2025-10-16 09:36:07 +01:00:       agents: [Object],
2025-10-16 09:36:07 +01:00:       auth: undefined,
2025-10-16 09:36:07 +01:00:       beforeRedirect: [Function: dispatchBeforeRedirect],
2025-10-16 09:36:07 +01:00:       beforeRedirects: {},
2025-10-16 09:36:07 +01:00:       socketPath: 'http://localhost:3003',
2025-10-16 09:36:07 +01:00:       agent: undefined,
2025-10-16 09:36:07 +01:00:       nativeProtocols: [Object],
2025-10-16 09:36:07 +01:00:       hostname: '::1',
2025-10-16 09:36:07 +01:00:       pathname: '/containers/json',
2025-10-16 09:36:07 +01:00:       search: '?all=true'
2025-10-16 09:36:07 +01:00:     },
2025-10-16 09:36:07 +01:00:     _ended: true,
2025-10-16 09:36:07 +01:00:     _ending: true,
2025-10-16 09:36:07 +01:00:     _redirectCount: 0,
2025-10-16 09:36:07 +01:00:     _redirects: [],
2025-10-16 09:36:07 +01:00:     _requestBodyLength: 0,
2025-10-16 09:36:07 +01:00:     _requestBodyBuffers: [],
2025-10-16 09:36:07 +01:00:     _eventsCount: 3,
2025-10-16 09:36:07 +01:00:     _onNativeResponse: [Function (anonymous)],
2025-10-16 09:36:07 +01:00:     _currentRequest: ClientRequest {
2025-10-16 09:36:07 +01:00:       _events: [Object: null prototype],
2025-10-16 09:36:07 +01:00:       _eventsCount: 7,
2025-10-16 09:36:07 +01:00:       _maxListeners: undefined,
2025-10-16 09:36:07 +01:00:       outputData: [],
2025-10-16 09:36:07 +01:00:       outputSize: 0,
2025-10-16 09:36:07 +01:00:       writable: true,
2025-10-16 09:36:07 +01:00:       destroyed: false,
2025-10-16 09:36:07 +01:00:       _last: true,
2025-10-16 09:36:07 +01:00:       chunkedEncoding: false,
2025-10-16 09:36:07 +01:00:       shouldKeepAlive: true,
2025-10-16 09:36:07 +01:00:       maxRequestsOnConnectionReached: false,
2025-10-16 09:36:07 +01:00:       _defaultKeepAlive: true,
2025-10-16 09:36:07 +01:00:       useChunkedEncodingByDefault: false,
2025-10-16 09:36:07 +01:00:       sendDate: false,
2025-10-16 09:36:07 +01:00:       _removedConnection: false,
2025-10-16 09:36:07 +01:00:       _removedContLen: false,
2025-10-16 09:36:07 +01:00:       _removedTE: false,
2025-10-16 09:36:07 +01:00:       strictContentLength: false,
2025-10-16 09:36:07 +01:00:       _contentLength: 0,
2025-10-16 09:36:07 +01:00:       _hasBody: true,
2025-10-16 09:36:07 +01:00:       _trailer: '',
2025-10-16 09:36:07 +01:00:       finished: true,
2025-10-16 09:36:07 +01:00:       _headerSent: true,
2025-10-16 09:36:07 +01:00:       _closed: false,
2025-10-16 09:36:07 +01:00:       _header: 'GET /containers/json?all=true HTTP/1.1\r\n' +
2025-10-16 09:36:07 +01:00:         'Accept: */*\r\n' +
2025-10-16 09:36:07 +01:00:         'User-Agent: Uptime-Kuma/1.0.1-beta.1\r\n' +
2025-10-16 09:36:07 +01:00:         'Host: [::1]\r\n' +
2025-10-16 09:36:07 +01:00:         'Connection: keep-alive\r\n' +
2025-10-16 09:36:07 +01:00:         '\r\n',
2025-10-16 09:36:07 +01:00:       _keepAliveTimeout: 0,
2025-10-16 09:36:07 +01:00:       _onPendingData: [Function: nop],
2025-10-16 09:36:07 +01:00:       agent: [Agent],
2025-10-16 09:36:07 +01:00:       socketPath: 'http://localhost:3003',
2025-10-16 09:36:07 +01:00:       method: 'GET',
2025-10-16 09:36:07 +01:00:       maxHeaderSize: undefined,
2025-10-16 09:36:07 +01:00:       insecureHTTPParser: undefined,
2025-10-16 09:36:07 +01:00:       joinDuplicateHeaders: undefined,
2025-10-16 09:36:07 +01:00:       path: '/containers/json?all=true',
2025-10-16 09:36:07 +01:00:       _ended: false,
2025-10-16 09:36:07 +01:00:       res: null,
2025-10-16 09:36:07 +01:00:       aborted: false,
2025-10-16 09:36:07 +01:00:       timeoutCb: [Function: emitRequestTimeout],
2025-10-16 09:36:07 +01:00:       upgradeOrConnect: false,
2025-10-16 09:36:07 +01:00:       parser: null,
2025-10-16 09:36:07 +01:00:       maxHeadersCount: null,
2025-10-16 09:36:07 +01:00:       reusedSocket: false,
2025-10-16 09:36:07 +01:00:       host: '::1',
2025-10-16 09:36:07 +01:00:       protocol: 'http:',
2025-10-16 09:36:07 +01:00:       _redirectable: [Circular *1],
2025-10-16 09:36:07 +01:00:       [Symbol(shapeMode)]: false,
2025-10-16 09:36:07 +01:00:       [Symbol(kCapture)]: false,
2025-10-16 09:36:07 +01:00:       [Symbol(kBytesWritten)]: 0,
2025-10-16 09:36:07 +01:00:       [Symbol(kNeedDrain)]: false,
2025-10-16 09:36:07 +01:00:       [Symbol(corked)]: 0,
2025-10-16 09:36:07 +01:00:       [Symbol(kChunkedBuffer)]: [],
2025-10-16 09:36:07 +01:00:       [Symbol(kChunkedLength)]: 0,
2025-10-16 09:36:07 +01:00:       [Symbol(kSocket)]: [Socket],
2025-10-16 09:36:07 +01:00:       [Symbol(kOutHeaders)]: [Object: null prototype],
2025-10-16 09:36:07 +01:00:       [Symbol(errored)]: null,
2025-10-16 09:36:07 +01:00:       [Symbol(kHighWaterMark)]: 16384,
2025-10-16 09:36:07 +01:00:       [Symbol(kRejectNonStandardBodyWrites)]: false,
2025-10-16 09:36:07 +01:00:       [Symbol(kUniqueHeaders)]: null
2025-10-16 09:36:07 +01:00:     },
2025-10-16 09:36:07 +01:00:     _currentUrl: 'http://[::1]/containers/json?all=true',
2025-10-16 09:36:07 +01:00:     _timeout: null,
2025-10-16 09:36:07 +01:00:     [Symbol(shapeMode)]: true,
2025-10-16 09:36:07 +01:00:     [Symbol(kCapture)]: false
2025-10-16 09:36:07 +01:00:   },
2025-10-16 09:36:07 +01:00:   cause: Error: connect ENOENT http://localhost:3003
2025-10-16 09:36:07 +01:00:       at PipeConnectWrap.afterConnect [as oncomplete] (node:net:1637:16) {
2025-10-16 09:36:07 +01:00:     errno: -4058,
2025-10-16 09:36:07 +01:00:     code: 'ENOENT',
2025-10-16 09:36:07 +01:00:     syscall: 'connect',
2025-10-16 09:36:07 +01:00:     address: 'http://localhost:3003'
2025-10-16 09:36:07 +01:00:   }
2025-10-16 09:36:07 +01:00: }
2025-10-16 13:02:50 +01:00: [36m2025-10-16T13:02:50+01:00[0m [[38;5;119mMONITOR[0m] [33mWARN:[0m Monitor #4 'StudyBuddy': Failing: Request failed with status code 502 | Interval: 60 seconds | Type: http | Down Count: 0 | Resend Interval: 0
2025-10-16 13:09:02 +01:00: [36m2025-10-16T13:09:02+01:00[0m [[38;5;119mMONITOR[0m] [33mWARN:[0m Monitor #4 'StudyBuddy': Failing: Request failed with status code 502 | Interval: 20 seconds | Type: http | Down Count: 0 | Resend Interval: 0
2025-10-16 13:09:17 +01:00: [36m2025-10-16T13:09:17+01:00[0m [[38;5;119mMONITOR[0m] [33mWARN:[0m Monitor #4 'StudyBuddy': Failing: Request failed with status code 502 | Interval: 20 seconds | Type: http | Down Count: 0 | Resend Interval: 0
2025-10-16 16:23:54 +01:00: [36m2025-10-16T16:23:54+01:00[0m [[38;5;119mMONITOR[0m] [33mWARN:[0m Monitor #6 'UpCode': Pending: Request failed with status code 502 | Max retries: 2 | Retry: 1 | Retry Interval: 30 seconds | Type: http
2025-10-16 16:24:24 +01:00: [36m2025-10-16T16:24:24+01:00[0m [[38;5;119mMONITOR[0m] [33mWARN:[0m Monitor #6 'UpCode': Pending: Request failed with status code 502 | Max retries: 2 | Retry: 2 | Retry Interval: 30 seconds | Type: http
2025-10-16 16:24:57 +01:00: [36m2025-10-16T16:24:57+01:00[0m [[38;5;119mMONITOR[0m] [33mWARN:[0m Monitor #6 'UpCode': Failing: Request failed with status code 502 | Interval: 30 seconds | Type: http | Down Count: 0 | Resend Interval: 0
2025-10-16 16:25:24 +01:00: [36m2025-10-16T16:25:24+01:00[0m [[38;5;119mMONITOR[0m] [33mWARN:[0m Monitor #6 'UpCode': Failing: Request failed with status code 502 | Interval: 30 seconds | Type: http | Down Count: 0 | Resend Interval: 0
2025-10-16 16:25:53 +01:00: [36m2025-10-16T16:25:53+01:00[0m [[38;5;119mMONITOR[0m] [33mWARN:[0m Monitor #6 'UpCode': Failing: Request failed with status code 502 | Interval: 30 seconds | Type: http | Down Count: 0 | Resend Interval: 0
2025-10-16 16:26:41 +01:00: [36m2025-10-16T16:26:41+01:00[0m [[38;5;119mMONITOR[0m] [33mWARN:[0m Monitor #6 'UpCode': Failing: Request failed with status code 502 | Interval: 30 seconds | Type: http | Down Count: 0 | Resend Interval: 0
