2025-10-15 23:18:08 +01:00: D:\Projects\0code-monit\server\uptime-kuma-server.js:22
2025-10-15 23:18:08 +01:00: class 0CodeMonitServer {
2025-10-15 23:18:08 +01:00:       ^
2025-10-15 23:18:08 +01:00: 
2025-10-15 23:18:08 +01:00: SyntaxError: Invalid or unexpected token
2025-10-15 23:18:08 +01:00:     at wrapSafe (node:internal/modules/cjs/loader:1638:18)
2025-10-15 23:18:08 +01:00:     at Module._compile (node:internal/modules/cjs/loader:1680:20)
2025-10-15 23:18:08 +01:00:     at Object..js (node:internal/modules/cjs/loader:1839:10)
2025-10-15 23:18:08 +01:00:     at Module.load (node:internal/modules/cjs/loader:1441:32)
2025-10-15 23:18:08 +01:00:     at Function._load (node:internal/modules/cjs/loader:1263:12)
2025-10-15 23:18:08 +01:00:     at TracingChannel.traceSync (node:diagnostics_channel:322:14)
2025-10-15 23:18:08 +01:00:     at wrapModuleLoad (node:internal/modules/cjs/loader:237:24)
2025-10-15 23:18:08 +01:00:     at Module.<anonymous> (node:internal/modules/cjs/loader:1463:12)
2025-10-15 23:18:08 +01:00:     at Hook._require.Module.require (C:\Users\lakhi\AppData\Roaming\npm\node_modules\pm2\node_modules\require-in-the-middle\index.js:101:39)
2025-10-15 23:18:08 +01:00:     at require (node:internal/modules/helpers:147:16)
2025-10-15 23:18:12 +01:00: D:\Projects\0code-monit\server\uptime-kuma-server.js:22
2025-10-15 23:18:12 +01:00: class 0CodeMonitServer {
2025-10-15 23:18:12 +01:00:       ^
2025-10-15 23:18:12 +01:00: 
2025-10-15 23:18:12 +01:00: SyntaxError: Invalid or unexpected token
2025-10-15 23:18:12 +01:00:     at wrapSafe (node:internal/modules/cjs/loader:1638:18)
2025-10-15 23:18:12 +01:00:     at Module._compile (node:internal/modules/cjs/loader:1680:20)
2025-10-15 23:18:12 +01:00:     at Object..js (node:internal/modules/cjs/loader:1839:10)
2025-10-15 23:18:12 +01:00:     at Module.load (node:internal/modules/cjs/loader:1441:32)
2025-10-15 23:18:12 +01:00:     at Function._load (node:internal/modules/cjs/loader:1263:12)
2025-10-15 23:18:12 +01:00:     at TracingChannel.traceSync (node:diagnostics_channel:322:14)
2025-10-15 23:18:12 +01:00:     at wrapModuleLoad (node:internal/modules/cjs/loader:237:24)
2025-10-15 23:18:12 +01:00:     at Module.<anonymous> (node:internal/modules/cjs/loader:1463:12)
2025-10-15 23:18:12 +01:00:     at Hook._require.Module.require (C:\Users\lakhi\AppData\Roaming\npm\node_modules\pm2\node_modules\require-in-the-middle\index.js:101:39)
2025-10-15 23:18:12 +01:00:     at require (node:internal/modules/helpers:147:16)
2025-10-15 23:18:17 +01:00: D:\Projects\0code-monit\server\uptime-kuma-server.js:22
2025-10-15 23:18:17 +01:00: class 0CodeMonitServer {
2025-10-15 23:18:17 +01:00:       ^
2025-10-15 23:18:17 +01:00: 
2025-10-15 23:18:17 +01:00: SyntaxError: Invalid or unexpected token
2025-10-15 23:18:17 +01:00:     at wrapSafe (node:internal/modules/cjs/loader:1638:18)
2025-10-15 23:18:17 +01:00:     at Module._compile (node:internal/modules/cjs/loader:1680:20)
2025-10-15 23:18:17 +01:00:     at Object..js (node:internal/modules/cjs/loader:1839:10)
2025-10-15 23:18:17 +01:00:     at Module.load (node:internal/modules/cjs/loader:1441:32)
2025-10-15 23:18:17 +01:00:     at Function._load (node:internal/modules/cjs/loader:1263:12)
2025-10-15 23:18:17 +01:00:     at TracingChannel.traceSync (node:diagnostics_channel:322:14)
2025-10-15 23:18:17 +01:00:     at wrapModuleLoad (node:internal/modules/cjs/loader:237:24)
2025-10-15 23:18:17 +01:00:     at Module.<anonymous> (node:internal/modules/cjs/loader:1463:12)
2025-10-15 23:18:17 +01:00:     at Hook._require.Module.require (C:\Users\lakhi\AppData\Roaming\npm\node_modules\pm2\node_modules\require-in-the-middle\index.js:101:39)
2025-10-15 23:18:17 +01:00:     at require (node:internal/modules/helpers:147:16)
2025-10-15 23:18:37 +01:00: ReferenceError: UptimeKumaServer is not defined
2025-10-15 23:18:37 +01:00:     at Object.<anonymous> (D:\Projects\0code-monit\server\uptime-kuma-server.js:549:5)
2025-10-15 23:18:37 +01:00:     at Module._compile (node:internal/modules/cjs/loader:1706:14)
2025-10-15 23:18:37 +01:00:     at Object..js (node:internal/modules/cjs/loader:1839:10)
2025-10-15 23:18:37 +01:00:     at Module.load (node:internal/modules/cjs/loader:1441:32)
2025-10-15 23:18:37 +01:00:     at Function._load (node:internal/modules/cjs/loader:1263:12)
2025-10-15 23:18:37 +01:00:     at TracingChannel.traceSync (node:diagnostics_channel:322:14)
2025-10-15 23:18:37 +01:00:     at wrapModuleLoad (node:internal/modules/cjs/loader:237:24)
2025-10-15 23:18:37 +01:00:     at Module.<anonymous> (node:internal/modules/cjs/loader:1463:12)
2025-10-15 23:18:37 +01:00:     at Hook._require.Module.require (C:\Users\lakhi\AppData\Roaming\npm\node_modules\pm2\node_modules\require-in-the-middle\index.js:101:39)
2025-10-15 23:18:37 +01:00:     at require (node:internal/modules/helpers:147:16)
2025-10-15 23:18:46 +01:00: ReferenceError: UptimeKumaServer is not defined
2025-10-15 23:18:46 +01:00:     at Object.<anonymous> (D:\Projects\0code-monit\server\uptime-kuma-server.js:549:5)
2025-10-15 23:18:46 +01:00:     at Module._compile (node:internal/modules/cjs/loader:1706:14)
2025-10-15 23:18:46 +01:00:     at Object..js (node:internal/modules/cjs/loader:1839:10)
2025-10-15 23:18:46 +01:00:     at Module.load (node:internal/modules/cjs/loader:1441:32)
2025-10-15 23:18:46 +01:00:     at Function._load (node:internal/modules/cjs/loader:1263:12)
2025-10-15 23:18:46 +01:00:     at TracingChannel.traceSync (node:diagnostics_channel:322:14)
2025-10-15 23:18:46 +01:00:     at wrapModuleLoad (node:internal/modules/cjs/loader:237:24)
2025-10-15 23:18:46 +01:00:     at Module.<anonymous> (node:internal/modules/cjs/loader:1463:12)
2025-10-15 23:18:46 +01:00:     at Hook._require.Module.require (C:\Users\lakhi\AppData\Roaming\npm\node_modules\pm2\node_modules\require-in-the-middle\index.js:101:39)
2025-10-15 23:18:46 +01:00:     at require (node:internal/modules/helpers:147:16)
2025-10-15 23:18:57 +01:00: ReferenceError: UptimeKumaServer is not defined
2025-10-15 23:18:57 +01:00:     at Object.<anonymous> (D:\Projects\0code-monit\server\uptime-kuma-server.js:549:5)
2025-10-15 23:18:57 +01:00:     at Module._compile (node:internal/modules/cjs/loader:1706:14)
2025-10-15 23:18:57 +01:00:     at Object..js (node:internal/modules/cjs/loader:1839:10)
2025-10-15 23:18:57 +01:00:     at Module.load (node:internal/modules/cjs/loader:1441:32)
2025-10-15 23:18:57 +01:00:     at Function._load (node:internal/modules/cjs/loader:1263:12)
2025-10-15 23:18:57 +01:00:     at TracingChannel.traceSync (node:diagnostics_channel:322:14)
2025-10-15 23:18:57 +01:00:     at wrapModuleLoad (node:internal/modules/cjs/loader:237:24)
2025-10-15 23:18:57 +01:00:     at Module.<anonymous> (node:internal/modules/cjs/loader:1463:12)
2025-10-15 23:18:57 +01:00:     at Hook._require.Module.require (C:\Users\lakhi\AppData\Roaming\npm\node_modules\pm2\node_modules\require-in-the-middle\index.js:101:39)
2025-10-15 23:18:57 +01:00:     at require (node:internal/modules/helpers:147:16)
2025-10-15 23:19:01 +01:00: ReferenceError: UptimeKumaServer is not defined
2025-10-15 23:19:01 +01:00:     at Object.<anonymous> (D:\Projects\0code-monit\server\uptime-kuma-server.js:549:5)
2025-10-15 23:19:01 +01:00:     at Module._compile (node:internal/modules/cjs/loader:1706:14)
2025-10-15 23:19:01 +01:00:     at Object..js (node:internal/modules/cjs/loader:1839:10)
2025-10-15 23:19:01 +01:00:     at Module.load (node:internal/modules/cjs/loader:1441:32)
2025-10-15 23:19:01 +01:00:     at Function._load (node:internal/modules/cjs/loader:1263:12)
2025-10-15 23:19:01 +01:00:     at TracingChannel.traceSync (node:diagnostics_channel:322:14)
2025-10-15 23:19:01 +01:00:     at wrapModuleLoad (node:internal/modules/cjs/loader:237:24)
2025-10-15 23:19:01 +01:00:     at Module.<anonymous> (node:internal/modules/cjs/loader:1463:12)
2025-10-15 23:19:01 +01:00:     at Hook._require.Module.require (C:\Users\lakhi\AppData\Roaming\npm\node_modules\pm2\node_modules\require-in-the-middle\index.js:101:39)
2025-10-15 23:19:01 +01:00:     at require (node:internal/modules/helpers:147:16)
2025-10-15 23:19:06 +01:00: ReferenceError: UptimeKumaServer is not defined
2025-10-15 23:19:06 +01:00:     at Object.<anonymous> (D:\Projects\0code-monit\server\uptime-kuma-server.js:549:5)
2025-10-15 23:19:06 +01:00:     at Module._compile (node:internal/modules/cjs/loader:1706:14)
2025-10-15 23:19:06 +01:00:     at Object..js (node:internal/modules/cjs/loader:1839:10)
2025-10-15 23:19:06 +01:00:     at Module.load (node:internal/modules/cjs/loader:1441:32)
2025-10-15 23:19:06 +01:00:     at Function._load (node:internal/modules/cjs/loader:1263:12)
2025-10-15 23:19:06 +01:00:     at TracingChannel.traceSync (node:diagnostics_channel:322:14)
2025-10-15 23:19:06 +01:00:     at wrapModuleLoad (node:internal/modules/cjs/loader:237:24)
2025-10-15 23:19:06 +01:00:     at Module.<anonymous> (node:internal/modules/cjs/loader:1463:12)
2025-10-15 23:19:06 +01:00:     at Hook._require.Module.require (C:\Users\lakhi\AppData\Roaming\npm\node_modules\pm2\node_modules\require-in-the-middle\index.js:101:39)
2025-10-15 23:19:06 +01:00:     at require (node:internal/modules/helpers:147:16)
2025-10-15 23:19:11 +01:00: ReferenceError: UptimeKumaServer is not defined
2025-10-15 23:19:11 +01:00:     at Object.<anonymous> (D:\Projects\0code-monit\server\uptime-kuma-server.js:549:5)
2025-10-15 23:19:11 +01:00:     at Module._compile (node:internal/modules/cjs/loader:1706:14)
2025-10-15 23:19:11 +01:00:     at Object..js (node:internal/modules/cjs/loader:1839:10)
2025-10-15 23:19:11 +01:00:     at Module.load (node:internal/modules/cjs/loader:1441:32)
2025-10-15 23:19:11 +01:00:     at Function._load (node:internal/modules/cjs/loader:1263:12)
2025-10-15 23:19:11 +01:00:     at TracingChannel.traceSync (node:diagnostics_channel:322:14)
2025-10-15 23:19:11 +01:00:     at wrapModuleLoad (node:internal/modules/cjs/loader:237:24)
2025-10-15 23:19:11 +01:00:     at Module.<anonymous> (node:internal/modules/cjs/loader:1463:12)
2025-10-15 23:19:11 +01:00:     at Hook._require.Module.require (C:\Users\lakhi\AppData\Roaming\npm\node_modules\pm2\node_modules\require-in-the-middle\index.js:101:39)
2025-10-15 23:19:11 +01:00:     at require (node:internal/modules/helpers:147:16)
2025-10-15 23:19:21 +01:00: ReferenceError: UptimeKumaServer is not defined
2025-10-15 23:19:21 +01:00:     at Object.<anonymous> (D:\Projects\0code-monit\server\uptime-kuma-server.js:549:5)
2025-10-15 23:19:21 +01:00:     at Module._compile (node:internal/modules/cjs/loader:1706:14)
2025-10-15 23:19:21 +01:00:     at Object..js (node:internal/modules/cjs/loader:1839:10)
2025-10-15 23:19:21 +01:00:     at Module.load (node:internal/modules/cjs/loader:1441:32)
2025-10-15 23:19:21 +01:00:     at Function._load (node:internal/modules/cjs/loader:1263:12)
2025-10-15 23:19:21 +01:00:     at TracingChannel.traceSync (node:diagnostics_channel:322:14)
2025-10-15 23:19:21 +01:00:     at wrapModuleLoad (node:internal/modules/cjs/loader:237:24)
2025-10-15 23:19:21 +01:00:     at Module.<anonymous> (node:internal/modules/cjs/loader:1463:12)
2025-10-15 23:19:21 +01:00:     at Hook._require.Module.require (C:\Users\lakhi\AppData\Roaming\npm\node_modules\pm2\node_modules\require-in-the-middle\index.js:101:39)
2025-10-15 23:19:21 +01:00:     at require (node:internal/modules/helpers:147:16)
2025-10-15 23:19:26 +01:00: ReferenceError: UptimeKumaServer is not defined
2025-10-15 23:19:26 +01:00:     at Object.<anonymous> (D:\Projects\0code-monit\server\uptime-kuma-server.js:549:5)
2025-10-15 23:19:26 +01:00:     at Module._compile (node:internal/modules/cjs/loader:1706:14)
2025-10-15 23:19:26 +01:00:     at Object..js (node:internal/modules/cjs/loader:1839:10)
2025-10-15 23:19:26 +01:00:     at Module.load (node:internal/modules/cjs/loader:1441:32)
2025-10-15 23:19:26 +01:00:     at Function._load (node:internal/modules/cjs/loader:1263:12)
2025-10-15 23:19:26 +01:00:     at TracingChannel.traceSync (node:diagnostics_channel:322:14)
2025-10-15 23:19:26 +01:00:     at wrapModuleLoad (node:internal/modules/cjs/loader:237:24)
2025-10-15 23:19:26 +01:00:     at Module.<anonymous> (node:internal/modules/cjs/loader:1463:12)
2025-10-15 23:19:26 +01:00:     at Hook._require.Module.require (C:\Users\lakhi\AppData\Roaming\npm\node_modules\pm2\node_modules\require-in-the-middle\index.js:101:39)
2025-10-15 23:19:26 +01:00:     at require (node:internal/modules/helpers:147:16)
2025-10-15 23:19:41 +01:00: ReferenceError: UptimeKumaServer is not defined
2025-10-15 23:19:41 +01:00:     at new CodeMonitServer (D:\Projects\0code-monit\server\uptime-kuma-server.js:112:9)
2025-10-15 23:19:41 +01:00:     at CodeMonitServer.getInstance (D:\Projects\0code-monit\server\uptime-kuma-server.js:72:40)
2025-10-15 23:19:41 +01:00:     at Object.<anonymous> (D:\Projects\0code-monit\server\server.js:84:32)
2025-10-15 23:19:41 +01:00:     at Module._compile (node:internal/modules/cjs/loader:1706:14)
2025-10-15 23:19:41 +01:00:     at Object..js (node:internal/modules/cjs/loader:1839:10)
2025-10-15 23:19:41 +01:00:     at Module.load (node:internal/modules/cjs/loader:1441:32)
2025-10-15 23:19:41 +01:00:     at Function._load (node:internal/modules/cjs/loader:1263:12)
2025-10-15 23:19:41 +01:00:     at Object.<anonymous> (C:\Users\lakhi\AppData\Roaming\npm\node_modules\pm2\lib\ProcessContainerFork.js:33:23)
2025-10-15 23:19:41 +01:00:     at Module._compile (node:internal/modules/cjs/loader:1706:14)
2025-10-15 23:19:41 +01:00:     at Object..js (node:internal/modules/cjs/loader:1839:10)
2025-10-15 23:19:47 +01:00: ReferenceError: UptimeKumaServer is not defined
2025-10-15 23:19:47 +01:00:     at new CodeMonitServer (D:\Projects\0code-monit\server\uptime-kuma-server.js:112:9)
2025-10-15 23:19:47 +01:00:     at CodeMonitServer.getInstance (D:\Projects\0code-monit\server\uptime-kuma-server.js:72:40)
2025-10-15 23:19:47 +01:00:     at Object.<anonymous> (D:\Projects\0code-monit\server\server.js:84:32)
2025-10-15 23:19:47 +01:00:     at Module._compile (node:internal/modules/cjs/loader:1706:14)
2025-10-15 23:19:47 +01:00:     at Object..js (node:internal/modules/cjs/loader:1839:10)
2025-10-15 23:19:47 +01:00:     at Module.load (node:internal/modules/cjs/loader:1441:32)
2025-10-15 23:19:47 +01:00:     at Function._load (node:internal/modules/cjs/loader:1263:12)
2025-10-15 23:19:47 +01:00:     at Object.<anonymous> (C:\Users\lakhi\AppData\Roaming\npm\node_modules\pm2\lib\ProcessContainerFork.js:33:23)
2025-10-15 23:19:47 +01:00:     at Module._compile (node:internal/modules/cjs/loader:1706:14)
2025-10-15 23:19:47 +01:00:     at Object..js (node:internal/modules/cjs/loader:1839:10)
2025-10-15 23:19:52 +01:00: ReferenceError: UptimeKumaServer is not defined
2025-10-15 23:19:52 +01:00:     at new CodeMonitServer (D:\Projects\0code-monit\server\uptime-kuma-server.js:112:9)
2025-10-15 23:19:52 +01:00:     at CodeMonitServer.getInstance (D:\Projects\0code-monit\server\uptime-kuma-server.js:72:40)
2025-10-15 23:19:52 +01:00:     at Object.<anonymous> (D:\Projects\0code-monit\server\server.js:84:32)
2025-10-15 23:19:52 +01:00:     at Module._compile (node:internal/modules/cjs/loader:1706:14)
2025-10-15 23:19:52 +01:00:     at Object..js (node:internal/modules/cjs/loader:1839:10)
2025-10-15 23:19:52 +01:00:     at Module.load (node:internal/modules/cjs/loader:1441:32)
2025-10-15 23:19:52 +01:00:     at Function._load (node:internal/modules/cjs/loader:1263:12)
2025-10-15 23:19:52 +01:00:     at Object.<anonymous> (C:\Users\lakhi\AppData\Roaming\npm\node_modules\pm2\lib\ProcessContainerFork.js:33:23)
2025-10-15 23:19:52 +01:00:     at Module._compile (node:internal/modules/cjs/loader:1706:14)
2025-10-15 23:19:52 +01:00:     at Object..js (node:internal/modules/cjs/loader:1839:10)
2025-10-15 23:19:56 +01:00: ReferenceError: UptimeKumaServer is not defined
2025-10-15 23:19:56 +01:00:     at new CodeMonitServer (D:\Projects\0code-monit\server\uptime-kuma-server.js:112:9)
2025-10-15 23:19:56 +01:00:     at CodeMonitServer.getInstance (D:\Projects\0code-monit\server\uptime-kuma-server.js:72:40)
2025-10-15 23:19:56 +01:00:     at Object.<anonymous> (D:\Projects\0code-monit\server\server.js:84:32)
2025-10-15 23:19:56 +01:00:     at Module._compile (node:internal/modules/cjs/loader:1706:14)
2025-10-15 23:19:56 +01:00:     at Object..js (node:internal/modules/cjs/loader:1839:10)
2025-10-15 23:19:56 +01:00:     at Module.load (node:internal/modules/cjs/loader:1441:32)
2025-10-15 23:19:56 +01:00:     at Function._load (node:internal/modules/cjs/loader:1263:12)
2025-10-15 23:19:56 +01:00:     at Object.<anonymous> (C:\Users\lakhi\AppData\Roaming\npm\node_modules\pm2\lib\ProcessContainerFork.js:33:23)
2025-10-15 23:19:56 +01:00:     at Module._compile (node:internal/modules/cjs/loader:1706:14)
2025-10-15 23:19:56 +01:00:     at Object..js (node:internal/modules/cjs/loader:1839:10)
2025-10-15 23:20:03 +01:00: ReferenceError: UptimeKumaServer is not defined
2025-10-15 23:20:03 +01:00:     at new CodeMonitServer (D:\Projects\0code-monit\server\uptime-kuma-server.js:112:9)
2025-10-15 23:20:03 +01:00:     at CodeMonitServer.getInstance (D:\Projects\0code-monit\server\uptime-kuma-server.js:72:40)
2025-10-15 23:20:03 +01:00:     at Object.<anonymous> (D:\Projects\0code-monit\server\server.js:84:32)
2025-10-15 23:20:03 +01:00:     at Module._compile (node:internal/modules/cjs/loader:1706:14)
2025-10-15 23:20:03 +01:00:     at Object..js (node:internal/modules/cjs/loader:1839:10)
2025-10-15 23:20:03 +01:00:     at Module.load (node:internal/modules/cjs/loader:1441:32)
2025-10-15 23:20:03 +01:00:     at Function._load (node:internal/modules/cjs/loader:1263:12)
2025-10-15 23:20:03 +01:00:     at Object.<anonymous> (C:\Users\lakhi\AppData\Roaming\npm\node_modules\pm2\lib\ProcessContainerFork.js:33:23)
2025-10-15 23:20:03 +01:00:     at Module._compile (node:internal/modules/cjs/loader:1706:14)
2025-10-15 23:20:03 +01:00:     at Object..js (node:internal/modules/cjs/loader:1839:10)
2025-10-15 23:20:07 +01:00: ReferenceError: UptimeKumaServer is not defined
2025-10-15 23:20:07 +01:00:     at new CodeMonitServer (D:\Projects\0code-monit\server\uptime-kuma-server.js:112:9)
2025-10-15 23:20:07 +01:00:     at CodeMonitServer.getInstance (D:\Projects\0code-monit\server\uptime-kuma-server.js:72:40)
2025-10-15 23:20:07 +01:00:     at Object.<anonymous> (D:\Projects\0code-monit\server\server.js:84:32)
2025-10-15 23:20:07 +01:00:     at Module._compile (node:internal/modules/cjs/loader:1706:14)
2025-10-15 23:20:07 +01:00:     at Object..js (node:internal/modules/cjs/loader:1839:10)
2025-10-15 23:20:07 +01:00:     at Module.load (node:internal/modules/cjs/loader:1441:32)
2025-10-15 23:20:07 +01:00:     at Function._load (node:internal/modules/cjs/loader:1263:12)
2025-10-15 23:20:07 +01:00:     at Object.<anonymous> (C:\Users\lakhi\AppData\Roaming\npm\node_modules\pm2\lib\ProcessContainerFork.js:33:23)
2025-10-15 23:20:07 +01:00:     at Module._compile (node:internal/modules/cjs/loader:1706:14)
2025-10-15 23:20:07 +01:00:     at Object..js (node:internal/modules/cjs/loader:1839:10)
2025-10-15 23:20:13 +01:00: ReferenceError: UptimeKumaServer is not defined
2025-10-15 23:20:13 +01:00:     at new CodeMonitServer (D:\Projects\0code-monit\server\uptime-kuma-server.js:112:9)
2025-10-15 23:20:13 +01:00:     at CodeMonitServer.getInstance (D:\Projects\0code-monit\server\uptime-kuma-server.js:72:40)
2025-10-15 23:20:13 +01:00:     at Object.<anonymous> (D:\Projects\0code-monit\server\server.js:84:32)
2025-10-15 23:20:13 +01:00:     at Module._compile (node:internal/modules/cjs/loader:1706:14)
2025-10-15 23:20:13 +01:00:     at Object..js (node:internal/modules/cjs/loader:1839:10)
2025-10-15 23:20:13 +01:00:     at Module.load (node:internal/modules/cjs/loader:1441:32)
2025-10-15 23:20:13 +01:00:     at Function._load (node:internal/modules/cjs/loader:1263:12)
2025-10-15 23:20:13 +01:00:     at Object.<anonymous> (C:\Users\lakhi\AppData\Roaming\npm\node_modules\pm2\lib\ProcessContainerFork.js:33:23)
2025-10-15 23:20:13 +01:00:     at Module._compile (node:internal/modules/cjs/loader:1706:14)
2025-10-15 23:20:13 +01:00:     at Object..js (node:internal/modules/cjs/loader:1839:10)
2025-10-15 23:20:19 +01:00: ReferenceError: UptimeKumaServer is not defined
2025-10-15 23:20:19 +01:00:     at new CodeMonitServer (D:\Projects\0code-monit\server\uptime-kuma-server.js:112:9)
2025-10-15 23:20:19 +01:00:     at CodeMonitServer.getInstance (D:\Projects\0code-monit\server\uptime-kuma-server.js:72:40)
2025-10-15 23:20:19 +01:00:     at Object.<anonymous> (D:\Projects\0code-monit\server\server.js:84:32)
2025-10-15 23:20:19 +01:00:     at Module._compile (node:internal/modules/cjs/loader:1706:14)
2025-10-15 23:20:19 +01:00:     at Object..js (node:internal/modules/cjs/loader:1839:10)
2025-10-15 23:20:19 +01:00:     at Module.load (node:internal/modules/cjs/loader:1441:32)
2025-10-15 23:20:19 +01:00:     at Function._load (node:internal/modules/cjs/loader:1263:12)
2025-10-15 23:20:19 +01:00:     at Object.<anonymous> (C:\Users\lakhi\AppData\Roaming\npm\node_modules\pm2\lib\ProcessContainerFork.js:33:23)
2025-10-15 23:20:19 +01:00:     at Module._compile (node:internal/modules/cjs/loader:1706:14)
2025-10-15 23:20:19 +01:00:     at Object..js (node:internal/modules/cjs/loader:1839:10)
2025-10-15 23:20:27 +01:00: ReferenceError: UptimeKumaServer is not defined
2025-10-15 23:20:27 +01:00:     at new CodeMonitServer (D:\Projects\0code-monit\server\uptime-kuma-server.js:112:9)
2025-10-15 23:20:27 +01:00:     at CodeMonitServer.getInstance (D:\Projects\0code-monit\server\uptime-kuma-server.js:72:40)
2025-10-15 23:20:27 +01:00:     at Object.<anonymous> (D:\Projects\0code-monit\server\server.js:84:32)
2025-10-15 23:20:27 +01:00:     at Module._compile (node:internal/modules/cjs/loader:1706:14)
2025-10-15 23:20:27 +01:00:     at Object..js (node:internal/modules/cjs/loader:1839:10)
2025-10-15 23:20:27 +01:00:     at Module.load (node:internal/modules/cjs/loader:1441:32)
2025-10-15 23:20:27 +01:00:     at Function._load (node:internal/modules/cjs/loader:1263:12)
2025-10-15 23:20:27 +01:00:     at Object.<anonymous> (C:\Users\lakhi\AppData\Roaming\npm\node_modules\pm2\lib\ProcessContainerFork.js:33:23)
2025-10-15 23:20:27 +01:00:     at Module._compile (node:internal/modules/cjs/loader:1706:14)
2025-10-15 23:20:27 +01:00:     at Object..js (node:internal/modules/cjs/loader:1839:10)
2025-10-15 23:20:45 +01:00: ReferenceError: UptimeKumaServer is not defined
2025-10-15 23:20:45 +01:00:     at new CodeMonitServer (D:\Projects\0code-monit\server\uptime-kuma-server.js:112:9)
2025-10-15 23:20:45 +01:00:     at CodeMonitServer.getInstance (D:\Projects\0code-monit\server\uptime-kuma-server.js:72:40)
2025-10-15 23:20:45 +01:00:     at Object.<anonymous> (D:\Projects\0code-monit\server\server.js:84:32)
2025-10-15 23:20:45 +01:00:     at Module._compile (node:internal/modules/cjs/loader:1706:14)
2025-10-15 23:20:45 +01:00:     at Object..js (node:internal/modules/cjs/loader:1839:10)
2025-10-15 23:20:45 +01:00:     at Module.load (node:internal/modules/cjs/loader:1441:32)
2025-10-15 23:20:45 +01:00:     at Function._load (node:internal/modules/cjs/loader:1263:12)
2025-10-15 23:20:45 +01:00:     at Object.<anonymous> (C:\Users\lakhi\AppData\Roaming\npm\node_modules\pm2\lib\ProcessContainerFork.js:33:23)
2025-10-15 23:20:45 +01:00:     at Module._compile (node:internal/modules/cjs/loader:1706:14)
2025-10-15 23:20:45 +01:00:     at Object..js (node:internal/modules/cjs/loader:1839:10)
2025-10-15 23:20:51 +01:00: ReferenceError: UptimeKumaServer is not defined
2025-10-15 23:20:51 +01:00:     at new CodeMonitServer (D:\Projects\0code-monit\server\uptime-kuma-server.js:112:9)
2025-10-15 23:20:51 +01:00:     at CodeMonitServer.getInstance (D:\Projects\0code-monit\server\uptime-kuma-server.js:72:40)
2025-10-15 23:20:51 +01:00:     at Object.<anonymous> (D:\Projects\0code-monit\server\server.js:84:32)
2025-10-15 23:20:51 +01:00:     at Module._compile (node:internal/modules/cjs/loader:1706:14)
2025-10-15 23:20:51 +01:00:     at Object..js (node:internal/modules/cjs/loader:1839:10)
2025-10-15 23:20:51 +01:00:     at Module.load (node:internal/modules/cjs/loader:1441:32)
2025-10-15 23:20:51 +01:00:     at Function._load (node:internal/modules/cjs/loader:1263:12)
2025-10-15 23:20:51 +01:00:     at Object.<anonymous> (C:\Users\lakhi\AppData\Roaming\npm\node_modules\pm2\lib\ProcessContainerFork.js:33:23)
2025-10-15 23:20:51 +01:00:     at Module._compile (node:internal/modules/cjs/loader:1706:14)
2025-10-15 23:20:51 +01:00:     at Object..js (node:internal/modules/cjs/loader:1839:10)
2025-10-15 23:20:57 +01:00: ReferenceError: UptimeKumaServer is not defined
2025-10-15 23:20:57 +01:00:     at new CodeMonitServer (D:\Projects\0code-monit\server\uptime-kuma-server.js:112:9)
2025-10-15 23:20:57 +01:00:     at CodeMonitServer.getInstance (D:\Projects\0code-monit\server\uptime-kuma-server.js:72:40)
2025-10-15 23:20:57 +01:00:     at Object.<anonymous> (D:\Projects\0code-monit\server\server.js:84:32)
2025-10-15 23:20:57 +01:00:     at Module._compile (node:internal/modules/cjs/loader:1706:14)
2025-10-15 23:20:57 +01:00:     at Object..js (node:internal/modules/cjs/loader:1839:10)
2025-10-15 23:20:57 +01:00:     at Module.load (node:internal/modules/cjs/loader:1441:32)
2025-10-15 23:20:57 +01:00:     at Function._load (node:internal/modules/cjs/loader:1263:12)
2025-10-15 23:20:57 +01:00:     at Object.<anonymous> (C:\Users\lakhi\AppData\Roaming\npm\node_modules\pm2\lib\ProcessContainerFork.js:33:23)
2025-10-15 23:20:57 +01:00:     at Module._compile (node:internal/modules/cjs/loader:1706:14)
2025-10-15 23:20:57 +01:00:     at Object..js (node:internal/modules/cjs/loader:1839:10)
2025-10-15 23:21:07 +01:00: ReferenceError: UptimeKumaServer is not defined
2025-10-15 23:21:07 +01:00:     at new CodeMonitServer (D:\Projects\0code-monit\server\uptime-kuma-server.js:112:9)
2025-10-15 23:21:07 +01:00:     at CodeMonitServer.getInstance (D:\Projects\0code-monit\server\uptime-kuma-server.js:72:40)
2025-10-15 23:21:07 +01:00:     at Object.<anonymous> (D:\Projects\0code-monit\server\server.js:84:32)
2025-10-15 23:21:07 +01:00:     at Module._compile (node:internal/modules/cjs/loader:1706:14)
2025-10-15 23:21:07 +01:00:     at Object..js (node:internal/modules/cjs/loader:1839:10)
2025-10-15 23:21:07 +01:00:     at Module.load (node:internal/modules/cjs/loader:1441:32)
2025-10-15 23:21:07 +01:00:     at Function._load (node:internal/modules/cjs/loader:1263:12)
2025-10-15 23:21:07 +01:00:     at Object.<anonymous> (C:\Users\lakhi\AppData\Roaming\npm\node_modules\pm2\lib\ProcessContainerFork.js:33:23)
2025-10-15 23:21:07 +01:00:     at Module._compile (node:internal/modules/cjs/loader:1706:14)
2025-10-15 23:21:07 +01:00:     at Object..js (node:internal/modules/cjs/loader:1839:10)
2025-10-15 23:21:17 +01:00: ReferenceError: UptimeKumaServer is not defined
2025-10-15 23:21:17 +01:00:     at new CodeMonitServer (D:\Projects\0code-monit\server\uptime-kuma-server.js:112:9)
2025-10-15 23:21:17 +01:00:     at CodeMonitServer.getInstance (D:\Projects\0code-monit\server\uptime-kuma-server.js:72:40)
2025-10-15 23:21:17 +01:00:     at Object.<anonymous> (D:\Projects\0code-monit\server\server.js:84:32)
2025-10-15 23:21:17 +01:00:     at Module._compile (node:internal/modules/cjs/loader:1706:14)
2025-10-15 23:21:17 +01:00:     at Object..js (node:internal/modules/cjs/loader:1839:10)
2025-10-15 23:21:17 +01:00:     at Module.load (node:internal/modules/cjs/loader:1441:32)
2025-10-15 23:21:17 +01:00:     at Function._load (node:internal/modules/cjs/loader:1263:12)
2025-10-15 23:21:17 +01:00:     at Object.<anonymous> (C:\Users\lakhi\AppData\Roaming\npm\node_modules\pm2\lib\ProcessContainerFork.js:33:23)
2025-10-15 23:21:17 +01:00:     at Module._compile (node:internal/modules/cjs/loader:1706:14)
2025-10-15 23:21:17 +01:00:     at Object..js (node:internal/modules/cjs/loader:1839:10)
2025-10-15 23:21:22 +01:00: ReferenceError: UptimeKumaServer is not defined
2025-10-15 23:21:22 +01:00:     at new CodeMonitServer (D:\Projects\0code-monit\server\uptime-kuma-server.js:112:9)
2025-10-15 23:21:22 +01:00:     at CodeMonitServer.getInstance (D:\Projects\0code-monit\server\uptime-kuma-server.js:72:40)
2025-10-15 23:21:22 +01:00:     at Object.<anonymous> (D:\Projects\0code-monit\server\server.js:84:32)
2025-10-15 23:21:22 +01:00:     at Module._compile (node:internal/modules/cjs/loader:1706:14)
2025-10-15 23:21:22 +01:00:     at Object..js (node:internal/modules/cjs/loader:1839:10)
2025-10-15 23:21:22 +01:00:     at Module.load (node:internal/modules/cjs/loader:1441:32)
2025-10-15 23:21:22 +01:00:     at Function._load (node:internal/modules/cjs/loader:1263:12)
2025-10-15 23:21:22 +01:00:     at Object.<anonymous> (C:\Users\lakhi\AppData\Roaming\npm\node_modules\pm2\lib\ProcessContainerFork.js:33:23)
2025-10-15 23:21:22 +01:00:     at Module._compile (node:internal/modules/cjs/loader:1706:14)
2025-10-15 23:21:22 +01:00:     at Object..js (node:internal/modules/cjs/loader:1839:10)
2025-10-15 23:21:35 +01:00: ReferenceError: UptimeKumaServer is not defined
2025-10-15 23:21:35 +01:00:     at new CodeMonitServer (D:\Projects\0code-monit\server\uptime-kuma-server.js:112:9)
2025-10-15 23:21:35 +01:00:     at CodeMonitServer.getInstance (D:\Projects\0code-monit\server\uptime-kuma-server.js:72:40)
2025-10-15 23:21:35 +01:00:     at Object.<anonymous> (D:\Projects\0code-monit\server\server.js:84:32)
2025-10-15 23:21:35 +01:00:     at Module._compile (node:internal/modules/cjs/loader:1706:14)
2025-10-15 23:21:35 +01:00:     at Object..js (node:internal/modules/cjs/loader:1839:10)
2025-10-15 23:21:35 +01:00:     at Module.load (node:internal/modules/cjs/loader:1441:32)
2025-10-15 23:21:35 +01:00:     at Function._load (node:internal/modules/cjs/loader:1263:12)
2025-10-15 23:21:35 +01:00:     at Object.<anonymous> (C:\Users\lakhi\AppData\Roaming\npm\node_modules\pm2\lib\ProcessContainerFork.js:33:23)
2025-10-15 23:21:35 +01:00:     at Module._compile (node:internal/modules/cjs/loader:1706:14)
2025-10-15 23:21:35 +01:00:     at Object..js (node:internal/modules/cjs/loader:1839:10)
2025-10-15 23:21:41 +01:00: ReferenceError: UptimeKumaServer is not defined
2025-10-15 23:21:41 +01:00:     at new CodeMonitServer (D:\Projects\0code-monit\server\uptime-kuma-server.js:112:9)
2025-10-15 23:21:41 +01:00:     at CodeMonitServer.getInstance (D:\Projects\0code-monit\server\uptime-kuma-server.js:72:40)
2025-10-15 23:21:41 +01:00:     at Object.<anonymous> (D:\Projects\0code-monit\server\server.js:84:32)
2025-10-15 23:21:41 +01:00:     at Module._compile (node:internal/modules/cjs/loader:1706:14)
2025-10-15 23:21:41 +01:00:     at Object..js (node:internal/modules/cjs/loader:1839:10)
2025-10-15 23:21:41 +01:00:     at Module.load (node:internal/modules/cjs/loader:1441:32)
2025-10-15 23:21:41 +01:00:     at Function._load (node:internal/modules/cjs/loader:1263:12)
2025-10-15 23:21:41 +01:00:     at Object.<anonymous> (C:\Users\lakhi\AppData\Roaming\npm\node_modules\pm2\lib\ProcessContainerFork.js:33:23)
2025-10-15 23:21:41 +01:00:     at Module._compile (node:internal/modules/cjs/loader:1706:14)
2025-10-15 23:21:41 +01:00:     at Object..js (node:internal/modules/cjs/loader:1839:10)
2025-10-15 23:21:46 +01:00: ReferenceError: UptimeKumaServer is not defined
2025-10-15 23:21:46 +01:00:     at new CodeMonitServer (D:\Projects\0code-monit\server\uptime-kuma-server.js:112:9)
2025-10-15 23:21:46 +01:00:     at CodeMonitServer.getInstance (D:\Projects\0code-monit\server\uptime-kuma-server.js:72:40)
2025-10-15 23:21:46 +01:00:     at Object.<anonymous> (D:\Projects\0code-monit\server\server.js:84:32)
2025-10-15 23:21:46 +01:00:     at Module._compile (node:internal/modules/cjs/loader:1706:14)
2025-10-15 23:21:46 +01:00:     at Object..js (node:internal/modules/cjs/loader:1839:10)
2025-10-15 23:21:46 +01:00:     at Module.load (node:internal/modules/cjs/loader:1441:32)
2025-10-15 23:21:46 +01:00:     at Function._load (node:internal/modules/cjs/loader:1263:12)
2025-10-15 23:21:46 +01:00:     at Object.<anonymous> (C:\Users\lakhi\AppData\Roaming\npm\node_modules\pm2\lib\ProcessContainerFork.js:33:23)
2025-10-15 23:21:46 +01:00:     at Module._compile (node:internal/modules/cjs/loader:1706:14)
2025-10-15 23:21:46 +01:00:     at Object..js (node:internal/modules/cjs/loader:1839:10)
2025-10-15 23:21:52 +01:00: ReferenceError: UptimeKumaServer is not defined
2025-10-15 23:21:52 +01:00:     at new CodeMonitServer (D:\Projects\0code-monit\server\uptime-kuma-server.js:112:9)
2025-10-15 23:21:52 +01:00:     at CodeMonitServer.getInstance (D:\Projects\0code-monit\server\uptime-kuma-server.js:72:40)
2025-10-15 23:21:52 +01:00:     at Object.<anonymous> (D:\Projects\0code-monit\server\server.js:84:32)
2025-10-15 23:21:52 +01:00:     at Module._compile (node:internal/modules/cjs/loader:1706:14)
2025-10-15 23:21:52 +01:00:     at Object..js (node:internal/modules/cjs/loader:1839:10)
2025-10-15 23:21:52 +01:00:     at Module.load (node:internal/modules/cjs/loader:1441:32)
2025-10-15 23:21:52 +01:00:     at Function._load (node:internal/modules/cjs/loader:1263:12)
2025-10-15 23:21:52 +01:00:     at Object.<anonymous> (C:\Users\lakhi\AppData\Roaming\npm\node_modules\pm2\lib\ProcessContainerFork.js:33:23)
2025-10-15 23:21:52 +01:00:     at Module._compile (node:internal/modules/cjs/loader:1706:14)
2025-10-15 23:21:52 +01:00:     at Object..js (node:internal/modules/cjs/loader:1839:10)
2025-10-15 23:21:56 +01:00: ReferenceError: UptimeKumaServer is not defined
2025-10-15 23:21:56 +01:00:     at new CodeMonitServer (D:\Projects\0code-monit\server\uptime-kuma-server.js:112:9)
2025-10-15 23:21:56 +01:00:     at CodeMonitServer.getInstance (D:\Projects\0code-monit\server\uptime-kuma-server.js:72:40)
2025-10-15 23:21:56 +01:00:     at Object.<anonymous> (D:\Projects\0code-monit\server\server.js:84:32)
2025-10-15 23:21:56 +01:00:     at Module._compile (node:internal/modules/cjs/loader:1706:14)
2025-10-15 23:21:56 +01:00:     at Object..js (node:internal/modules/cjs/loader:1839:10)
2025-10-15 23:21:56 +01:00:     at Module.load (node:internal/modules/cjs/loader:1441:32)
2025-10-15 23:21:56 +01:00:     at Function._load (node:internal/modules/cjs/loader:1263:12)
2025-10-15 23:21:56 +01:00:     at Object.<anonymous> (C:\Users\lakhi\AppData\Roaming\npm\node_modules\pm2\lib\ProcessContainerFork.js:33:23)
2025-10-15 23:21:56 +01:00:     at Module._compile (node:internal/modules/cjs/loader:1706:14)
2025-10-15 23:21:56 +01:00:     at Object..js (node:internal/modules/cjs/loader:1839:10)
2025-10-15 23:22:03 +01:00: ReferenceError: UptimeKumaServer is not defined
2025-10-15 23:22:03 +01:00:     at new CodeMonitServer (D:\Projects\0code-monit\server\uptime-kuma-server.js:112:9)
2025-10-15 23:22:03 +01:00:     at CodeMonitServer.getInstance (D:\Projects\0code-monit\server\uptime-kuma-server.js:72:40)
2025-10-15 23:22:03 +01:00:     at Object.<anonymous> (D:\Projects\0code-monit\server\server.js:84:32)
2025-10-15 23:22:03 +01:00:     at Module._compile (node:internal/modules/cjs/loader:1706:14)
2025-10-15 23:22:03 +01:00:     at Object..js (node:internal/modules/cjs/loader:1839:10)
2025-10-15 23:22:03 +01:00:     at Module.load (node:internal/modules/cjs/loader:1441:32)
2025-10-15 23:22:03 +01:00:     at Function._load (node:internal/modules/cjs/loader:1263:12)
2025-10-15 23:22:03 +01:00:     at Object.<anonymous> (C:\Users\lakhi\AppData\Roaming\npm\node_modules\pm2\lib\ProcessContainerFork.js:33:23)
2025-10-15 23:22:03 +01:00:     at Module._compile (node:internal/modules/cjs/loader:1706:14)
2025-10-15 23:22:03 +01:00:     at Object..js (node:internal/modules/cjs/loader:1839:10)
