2025-10-15 23:17:49 +01:00: Welcome to 0Code-Monit
2025-10-15 23:17:49 +01:00: Your Node.js version: 22.20.0
2025-10-15 23:17:49 +01:00: [36m2025-10-15T23:17:49+01:00[0m [[32mSERVER[0m] [36mINFO:[0m Env: production
2025-10-15 23:18:07 +01:00: [36m2025-10-15T23:18:07+01:00[0m [[32mSERVER[0m] [36mINFO:[0m 0Code-Monit Version: 1.0.1-beta.1
2025-10-15 23:18:07 +01:00: [36m2025-10-15T23:18:07+01:00[0m [[32mSERVER[0m] [36mINFO:[0m Loading modules
2025-10-15 23:18:09 +01:00: Welcome to 0Code-Monit
2025-10-15 23:18:09 +01:00: Your Node.js version: 22.20.0
2025-10-15 23:18:09 +01:00: [36m2025-10-15T23:18:09+01:00[0m [[32mSERVER[0m] [36mINFO:[0m Env: production
2025-10-15 23:18:12 +01:00: [36m2025-10-15T23:18:12+01:00[0m [[32mSERVER[0m] [36mINFO:[0m 0Code-Monit Version: 1.0.1-beta.1
2025-10-15 23:18:12 +01:00: [36m2025-10-15T23:18:12+01:00[0m [[32mSERVER[0m] [36mINFO:[0m Loading modules
2025-10-15 23:18:13 +01:00: Welcome to 0Code-Monit
2025-10-15 23:18:13 +01:00: Your Node.js version: 22.20.0
2025-10-15 23:18:13 +01:00: [36m2025-10-15T23:18:13+01:00[0m [[32mSERVER[0m] [36mINFO:[0m Env: production
2025-10-15 23:18:16 +01:00: [36m2025-10-15T23:18:16+01:00[0m [[32mSERVER[0m] [36mINFO:[0m 0Code-Monit Version: 1.0.1-beta.1
2025-10-15 23:18:16 +01:00: [36m2025-10-15T23:18:16+01:00[0m [[32mSERVER[0m] [36mINFO:[0m Loading modules
2025-10-15 23:18:21 +01:00: Welcome to 0Code-Monit
2025-10-15 23:18:21 +01:00: Your Node.js version: 22.20.0
2025-10-15 23:18:22 +01:00: [36m2025-10-15T23:18:22+01:00[0m [[32mSERVER[0m] [36mINFO:[0m Env: production
2025-10-15 23:18:33 +01:00: [36m2025-10-15T23:18:33+01:00[0m [[32mSERVER[0m] [36mINFO:[0m 0Code-Monit Version: 1.0.1-beta.1
2025-10-15 23:18:33 +01:00: [36m2025-10-15T23:18:33+01:00[0m [[32mSERVER[0m] [36mINFO:[0m Loading modules
2025-10-15 23:18:38 +01:00: Welcome to 0Code-Monit
2025-10-15 23:18:38 +01:00: Your Node.js version: 22.20.0
2025-10-15 23:18:38 +01:00: [36m2025-10-15T23:18:38+01:00[0m [[32mSERVER[0m] [36mINFO:[0m Env: production
2025-10-15 23:18:45 +01:00: [36m2025-10-15T23:18:45+01:00[0m [[32mSERVER[0m] [36mINFO:[0m 0Code-Monit Version: 1.0.1-beta.1
2025-10-15 23:18:45 +01:00: [36m2025-10-15T23:18:45+01:00[0m [[32mSERVER[0m] [36mINFO:[0m Loading modules
2025-10-15 23:18:47 +01:00: Welcome to 0Code-Monit
2025-10-15 23:18:47 +01:00: Your Node.js version: 22.20.0
2025-10-15 23:18:47 +01:00: [36m2025-10-15T23:18:47+01:00[0m [[32mSERVER[0m] [36mINFO:[0m Env: production
2025-10-15 23:18:56 +01:00: [36m2025-10-15T23:18:56+01:00[0m [[32mSERVER[0m] [36mINFO:[0m 0Code-Monit Version: 1.0.1-beta.1
2025-10-15 23:18:56 +01:00: [36m2025-10-15T23:18:56+01:00[0m [[32mSERVER[0m] [36mINFO:[0m Loading modules
2025-10-15 23:18:57 +01:00: Welcome to 0Code-Monit
2025-10-15 23:18:57 +01:00: Your Node.js version: 22.20.0
2025-10-15 23:18:58 +01:00: [36m2025-10-15T23:18:58+01:00[0m [[32mSERVER[0m] [36mINFO:[0m Env: production
2025-10-15 23:19:01 +01:00: [36m2025-10-15T23:19:01+01:00[0m [[32mSERVER[0m] [36mINFO:[0m 0Code-Monit Version: 1.0.1-beta.1
2025-10-15 23:19:01 +01:00: [36m2025-10-15T23:19:01+01:00[0m [[32mSERVER[0m] [36mINFO:[0m Loading modules
2025-10-15 23:19:02 +01:00: Welcome to 0Code-Monit
2025-10-15 23:19:02 +01:00: Your Node.js version: 22.20.0
2025-10-15 23:19:02 +01:00: [36m2025-10-15T23:19:02+01:00[0m [[32mSERVER[0m] [36mINFO:[0m Env: production
2025-10-15 23:19:05 +01:00: [36m2025-10-15T23:19:05+01:00[0m [[32mSERVER[0m] [36mINFO:[0m 0Code-Monit Version: 1.0.1-beta.1
2025-10-15 23:19:05 +01:00: [36m2025-10-15T23:19:05+01:00[0m [[32mSERVER[0m] [36mINFO:[0m Loading modules
2025-10-15 23:19:06 +01:00: Welcome to 0Code-Monit
2025-10-15 23:19:06 +01:00: Your Node.js version: 22.20.0
2025-10-15 23:19:07 +01:00: [36m2025-10-15T23:19:07+01:00[0m [[32mSERVER[0m] [36mINFO:[0m Env: production
2025-10-15 23:19:10 +01:00: [36m2025-10-15T23:19:10+01:00[0m [[32mSERVER[0m] [36mINFO:[0m 0Code-Monit Version: 1.0.1-beta.1
2025-10-15 23:19:10 +01:00: [36m2025-10-15T23:19:10+01:00[0m [[32mSERVER[0m] [36mINFO:[0m Loading modules
2025-10-15 23:19:11 +01:00: Welcome to 0Code-Monit
2025-10-15 23:19:11 +01:00: Your Node.js version: 22.20.0
2025-10-15 23:19:11 +01:00: [36m2025-10-15T23:19:11+01:00[0m [[32mSERVER[0m] [36mINFO:[0m Env: production
2025-10-15 23:19:19 +01:00: [36m2025-10-15T23:19:19+01:00[0m [[32mSERVER[0m] [36mINFO:[0m 0Code-Monit Version: 1.0.1-beta.1
2025-10-15 23:19:19 +01:00: [36m2025-10-15T23:19:19+01:00[0m [[32mSERVER[0m] [36mINFO:[0m Loading modules
2025-10-15 23:19:23 +01:00: Welcome to 0Code-Monit
2025-10-15 23:19:23 +01:00: Your Node.js version: 22.20.0
2025-10-15 23:19:23 +01:00: [36m2025-10-15T23:19:23+01:00[0m [[32mSERVER[0m] [36mINFO:[0m Env: production
2025-10-15 23:19:26 +01:00: [36m2025-10-15T23:19:26+01:00[0m [[32mSERVER[0m] [36mINFO:[0m 0Code-Monit Version: 1.0.1-beta.1
2025-10-15 23:19:26 +01:00: [36m2025-10-15T23:19:26+01:00[0m [[32mSERVER[0m] [36mINFO:[0m Loading modules
2025-10-15 23:19:27 +01:00: Welcome to 0Code-Monit
2025-10-15 23:19:27 +01:00: Your Node.js version: 22.20.0
2025-10-15 23:19:27 +01:00: [36m2025-10-15T23:19:27+01:00[0m [[32mSERVER[0m] [36mINFO:[0m Env: production
2025-10-15 23:19:34 +01:00: [36m2025-10-15T23:19:34+01:00[0m [[32mSERVER[0m] [36mINFO:[0m 0Code-Monit Version: 1.0.1-beta.1
2025-10-15 23:19:34 +01:00: [36m2025-10-15T23:19:34+01:00[0m [[32mSERVER[0m] [36mINFO:[0m Loading modules
2025-10-15 23:19:36 +01:00: Welcome to 0Code-Monit
2025-10-15 23:19:36 +01:00: Your Node.js version: 22.20.0
2025-10-15 23:19:36 +01:00: [36m2025-10-15T23:19:36+01:00[0m [[32mSERVER[0m] [36mINFO:[0m Env: production
2025-10-15 23:19:39 +01:00: [36m2025-10-15T23:19:39+01:00[0m [[32mSERVER[0m] [36mINFO:[0m 0Code-Monit Version: 1.0.1-beta.1
2025-10-15 23:19:39 +01:00: [36m2025-10-15T23:19:39+01:00[0m [[32mSERVER[0m] [36mINFO:[0m Loading modules
2025-10-15 23:19:41 +01:00: [36m2025-10-15T23:19:41+01:00[0m [[32mSERVER[0m] [36mINFO:[0m Creating express and socket.io instance
2025-10-15 23:19:41 +01:00: [36m2025-10-15T23:19:41+01:00[0m [[32mSERVER[0m] [36mINFO:[0m Server Type: HTTP
2025-10-15 23:19:42 +01:00: Welcome to 0Code-Monit
2025-10-15 23:19:42 +01:00: Your Node.js version: 22.20.0
2025-10-15 23:19:42 +01:00: [36m2025-10-15T23:19:42+01:00[0m [[32mSERVER[0m] [36mINFO:[0m Env: production
2025-10-15 23:19:45 +01:00: [36m2025-10-15T23:19:45+01:00[0m [[32mSERVER[0m] [36mINFO:[0m 0Code-Monit Version: 1.0.1-beta.1
2025-10-15 23:19:45 +01:00: [36m2025-10-15T23:19:45+01:00[0m [[32mSERVER[0m] [36mINFO:[0m Loading modules
2025-10-15 23:19:47 +01:00: [36m2025-10-15T23:19:47+01:00[0m [[32mSERVER[0m] [36mINFO:[0m Creating express and socket.io instance
2025-10-15 23:19:47 +01:00: [36m2025-10-15T23:19:47+01:00[0m [[32mSERVER[0m] [36mINFO:[0m Server Type: HTTP
2025-10-15 23:19:47 +01:00: Welcome to 0Code-Monit
2025-10-15 23:19:47 +01:00: Your Node.js version: 22.20.0
2025-10-15 23:19:48 +01:00: [36m2025-10-15T23:19:48+01:00[0m [[32mSERVER[0m] [36mINFO:[0m Env: production
2025-10-15 23:19:50 +01:00: [36m2025-10-15T23:19:50+01:00[0m [[32mSERVER[0m] [36mINFO:[0m 0Code-Monit Version: 1.0.1-beta.1
2025-10-15 23:19:50 +01:00: [36m2025-10-15T23:19:50+01:00[0m [[32mSERVER[0m] [36mINFO:[0m Loading modules
2025-10-15 23:19:52 +01:00: [36m2025-10-15T23:19:52+01:00[0m [[32mSERVER[0m] [36mINFO:[0m Creating express and socket.io instance
2025-10-15 23:19:52 +01:00: [36m2025-10-15T23:19:52+01:00[0m [[32mSERVER[0m] [36mINFO:[0m Server Type: HTTP
2025-10-15 23:19:53 +01:00: Welcome to 0Code-Monit
2025-10-15 23:19:53 +01:00: Your Node.js version: 22.20.0
2025-10-15 23:19:53 +01:00: [36m2025-10-15T23:19:53+01:00[0m [[32mSERVER[0m] [36mINFO:[0m Env: production
2025-10-15 23:19:55 +01:00: [36m2025-10-15T23:19:55+01:00[0m [[32mSERVER[0m] [36mINFO:[0m 0Code-Monit Version: 1.0.1-beta.1
2025-10-15 23:19:55 +01:00: [36m2025-10-15T23:19:55+01:00[0m [[32mSERVER[0m] [36mINFO:[0m Loading modules
2025-10-15 23:19:56 +01:00: [36m2025-10-15T23:19:56+01:00[0m [[32mSERVER[0m] [36mINFO:[0m Creating express and socket.io instance
2025-10-15 23:19:56 +01:00: [36m2025-10-15T23:19:56+01:00[0m [[32mSERVER[0m] [36mINFO:[0m Server Type: HTTP
2025-10-15 23:19:56 +01:00: Welcome to 0Code-Monit
2025-10-15 23:19:56 +01:00: Your Node.js version: 22.20.0
2025-10-15 23:19:56 +01:00: [36m2025-10-15T23:19:56+01:00[0m [[32mSERVER[0m] [36mINFO:[0m Env: production
2025-10-15 23:20:00 +01:00: [36m2025-10-15T23:20:00+01:00[0m [[32mSERVER[0m] [36mINFO:[0m 0Code-Monit Version: 1.0.1-beta.1
2025-10-15 23:20:00 +01:00: [36m2025-10-15T23:20:00+01:00[0m [[32mSERVER[0m] [36mINFO:[0m Loading modules
2025-10-15 23:20:03 +01:00: [36m2025-10-15T23:20:03+01:00[0m [[32mSERVER[0m] [36mINFO:[0m Creating express and socket.io instance
2025-10-15 23:20:03 +01:00: [36m2025-10-15T23:20:03+01:00[0m [[32mSERVER[0m] [36mINFO:[0m Server Type: HTTP
2025-10-15 23:20:03 +01:00: Welcome to 0Code-Monit
2025-10-15 23:20:03 +01:00: Your Node.js version: 22.20.0
2025-10-15 23:20:03 +01:00: [36m2025-10-15T23:20:03+01:00[0m [[32mSERVER[0m] [36mINFO:[0m Env: production
2025-10-15 23:20:05 +01:00: [36m2025-10-15T23:20:05+01:00[0m [[32mSERVER[0m] [36mINFO:[0m 0Code-Monit Version: 1.0.1-beta.1
2025-10-15 23:20:05 +01:00: [36m2025-10-15T23:20:05+01:00[0m [[32mSERVER[0m] [36mINFO:[0m Loading modules
2025-10-15 23:20:07 +01:00: [36m2025-10-15T23:20:07+01:00[0m [[32mSERVER[0m] [36mINFO:[0m Creating express and socket.io instance
2025-10-15 23:20:07 +01:00: [36m2025-10-15T23:20:07+01:00[0m [[32mSERVER[0m] [36mINFO:[0m Server Type: HTTP
2025-10-15 23:20:08 +01:00: Welcome to 0Code-Monit
2025-10-15 23:20:08 +01:00: Your Node.js version: 22.20.0
2025-10-15 23:20:08 +01:00: [36m2025-10-15T23:20:08+01:00[0m [[32mSERVER[0m] [36mINFO:[0m Env: production
2025-10-15 23:20:10 +01:00: [36m2025-10-15T23:20:10+01:00[0m [[32mSERVER[0m] [36mINFO:[0m 0Code-Monit Version: 1.0.1-beta.1
2025-10-15 23:20:10 +01:00: [36m2025-10-15T23:20:10+01:00[0m [[32mSERVER[0m] [36mINFO:[0m Loading modules
2025-10-15 23:20:13 +01:00: [36m2025-10-15T23:20:13+01:00[0m [[32mSERVER[0m] [36mINFO:[0m Creating express and socket.io instance
2025-10-15 23:20:13 +01:00: [36m2025-10-15T23:20:13+01:00[0m [[32mSERVER[0m] [36mINFO:[0m Server Type: HTTP
2025-10-15 23:20:13 +01:00: Welcome to 0Code-Monit
2025-10-15 23:20:13 +01:00: Your Node.js version: 22.20.0
2025-10-15 23:20:13 +01:00: [36m2025-10-15T23:20:13+01:00[0m [[32mSERVER[0m] [36mINFO:[0m Env: production
2025-10-15 23:20:16 +01:00: [36m2025-10-15T23:20:16+01:00[0m [[32mSERVER[0m] [36mINFO:[0m 0Code-Monit Version: 1.0.1-beta.1
2025-10-15 23:20:16 +01:00: [36m2025-10-15T23:20:16+01:00[0m [[32mSERVER[0m] [36mINFO:[0m Loading modules
2025-10-15 23:20:19 +01:00: [36m2025-10-15T23:20:19+01:00[0m [[32mSERVER[0m] [36mINFO:[0m Creating express and socket.io instance
2025-10-15 23:20:19 +01:00: [36m2025-10-15T23:20:19+01:00[0m [[32mSERVER[0m] [36mINFO:[0m Server Type: HTTP
2025-10-15 23:20:19 +01:00: Welcome to 0Code-Monit
2025-10-15 23:20:19 +01:00: Your Node.js version: 22.20.0
2025-10-15 23:20:19 +01:00: [36m2025-10-15T23:20:19+01:00[0m [[32mSERVER[0m] [36mINFO:[0m Env: production
2025-10-15 23:20:24 +01:00: [36m2025-10-15T23:20:24+01:00[0m [[32mSERVER[0m] [36mINFO:[0m 0Code-Monit Version: 1.0.1-beta.1
2025-10-15 23:20:24 +01:00: [36m2025-10-15T23:20:24+01:00[0m [[32mSERVER[0m] [36mINFO:[0m Loading modules
2025-10-15 23:20:27 +01:00: [36m2025-10-15T23:20:27+01:00[0m [[32mSERVER[0m] [36mINFO:[0m Creating express and socket.io instance
2025-10-15 23:20:27 +01:00: [36m2025-10-15T23:20:27+01:00[0m [[32mSERVER[0m] [36mINFO:[0m Server Type: HTTP
2025-10-15 23:20:40 +01:00: Welcome to 0Code-Monit
2025-10-15 23:20:40 +01:00: Your Node.js version: 22.20.0
2025-10-15 23:20:40 +01:00: [36m2025-10-15T23:20:40+01:00[0m [[32mSERVER[0m] [36mINFO:[0m Env: production
2025-10-15 23:20:43 +01:00: [36m2025-10-15T23:20:43+01:00[0m [[32mSERVER[0m] [36mINFO:[0m 0Code-Monit Version: 1.0.1-beta.1
2025-10-15 23:20:43 +01:00: [36m2025-10-15T23:20:43+01:00[0m [[32mSERVER[0m] [36mINFO:[0m Loading modules
2025-10-15 23:20:45 +01:00: [36m2025-10-15T23:20:45+01:00[0m [[32mSERVER[0m] [36mINFO:[0m Creating express and socket.io instance
2025-10-15 23:20:45 +01:00: [36m2025-10-15T23:20:45+01:00[0m [[32mSERVER[0m] [36mINFO:[0m Server Type: HTTP
2025-10-15 23:20:45 +01:00: Welcome to 0Code-Monit
2025-10-15 23:20:45 +01:00: Your Node.js version: 22.20.0
2025-10-15 23:20:45 +01:00: [36m2025-10-15T23:20:45+01:00[0m [[32mSERVER[0m] [36mINFO:[0m Env: production
2025-10-15 23:20:49 +01:00: [36m2025-10-15T23:20:49+01:00[0m [[32mSERVER[0m] [36mINFO:[0m 0Code-Monit Version: 1.0.1-beta.1
2025-10-15 23:20:49 +01:00: [36m2025-10-15T23:20:49+01:00[0m [[32mSERVER[0m] [36mINFO:[0m Loading modules
2025-10-15 23:20:51 +01:00: [36m2025-10-15T23:20:51+01:00[0m [[32mSERVER[0m] [36mINFO:[0m Creating express and socket.io instance
2025-10-15 23:20:51 +01:00: [36m2025-10-15T23:20:51+01:00[0m [[32mSERVER[0m] [36mINFO:[0m Server Type: HTTP
2025-10-15 23:20:52 +01:00: Welcome to 0Code-Monit
2025-10-15 23:20:52 +01:00: Your Node.js version: 22.20.0
2025-10-15 23:20:52 +01:00: [36m2025-10-15T23:20:52+01:00[0m [[32mSERVER[0m] [36mINFO:[0m Env: production
2025-10-15 23:20:55 +01:00: [36m2025-10-15T23:20:55+01:00[0m [[32mSERVER[0m] [36mINFO:[0m 0Code-Monit Version: 1.0.1-beta.1
2025-10-15 23:20:55 +01:00: [36m2025-10-15T23:20:55+01:00[0m [[32mSERVER[0m] [36mINFO:[0m Loading modules
2025-10-15 23:20:57 +01:00: [36m2025-10-15T23:20:57+01:00[0m [[32mSERVER[0m] [36mINFO:[0m Creating express and socket.io instance
2025-10-15 23:20:57 +01:00: [36m2025-10-15T23:20:57+01:00[0m [[32mSERVER[0m] [36mINFO:[0m Server Type: HTTP
2025-10-15 23:20:58 +01:00: Welcome to 0Code-Monit
2025-10-15 23:20:58 +01:00: Your Node.js version: 22.20.0
2025-10-15 23:20:58 +01:00: [36m2025-10-15T23:20:58+01:00[0m [[32mSERVER[0m] [36mINFO:[0m Env: production
2025-10-15 23:21:05 +01:00: [36m2025-10-15T23:21:05+01:00[0m [[32mSERVER[0m] [36mINFO:[0m 0Code-Monit Version: 1.0.1-beta.1
2025-10-15 23:21:05 +01:00: [36m2025-10-15T23:21:05+01:00[0m [[32mSERVER[0m] [36mINFO:[0m Loading modules
2025-10-15 23:21:07 +01:00: [36m2025-10-15T23:21:07+01:00[0m [[32mSERVER[0m] [36mINFO:[0m Creating express and socket.io instance
2025-10-15 23:21:07 +01:00: [36m2025-10-15T23:21:07+01:00[0m [[32mSERVER[0m] [36mINFO:[0m Server Type: HTTP
2025-10-15 23:21:07 +01:00: Welcome to 0Code-Monit
2025-10-15 23:21:07 +01:00: Your Node.js version: 22.20.0
2025-10-15 23:21:08 +01:00: [36m2025-10-15T23:21:08+01:00[0m [[32mSERVER[0m] [36mINFO:[0m Env: production
2025-10-15 23:21:13 +01:00: [36m2025-10-15T23:21:13+01:00[0m [[32mSERVER[0m] [36mINFO:[0m 0Code-Monit Version: 1.0.1-beta.1
2025-10-15 23:21:13 +01:00: [36m2025-10-15T23:21:13+01:00[0m [[32mSERVER[0m] [36mINFO:[0m Loading modules
2025-10-15 23:21:17 +01:00: [36m2025-10-15T23:21:17+01:00[0m [[32mSERVER[0m] [36mINFO:[0m Creating express and socket.io instance
2025-10-15 23:21:17 +01:00: [36m2025-10-15T23:21:17+01:00[0m [[32mSERVER[0m] [36mINFO:[0m Server Type: HTTP
2025-10-15 23:21:18 +01:00: Welcome to 0Code-Monit
2025-10-15 23:21:18 +01:00: Your Node.js version: 22.20.0
2025-10-15 23:21:18 +01:00: [36m2025-10-15T23:21:18+01:00[0m [[32mSERVER[0m] [36mINFO:[0m Env: production
2025-10-15 23:21:20 +01:00: [36m2025-10-15T23:21:20+01:00[0m [[32mSERVER[0m] [36mINFO:[0m 0Code-Monit Version: 1.0.1-beta.1
2025-10-15 23:21:20 +01:00: [36m2025-10-15T23:21:20+01:00[0m [[32mSERVER[0m] [36mINFO:[0m Loading modules
2025-10-15 23:21:22 +01:00: [36m2025-10-15T23:21:22+01:00[0m [[32mSERVER[0m] [36mINFO:[0m Creating express and socket.io instance
2025-10-15 23:21:22 +01:00: [36m2025-10-15T23:21:22+01:00[0m [[32mSERVER[0m] [36mINFO:[0m Server Type: HTTP
2025-10-15 23:21:22 +01:00: Welcome to 0Code-Monit
2025-10-15 23:21:22 +01:00: Your Node.js version: 22.20.0
2025-10-15 23:21:23 +01:00: [36m2025-10-15T23:21:23+01:00[0m [[32mSERVER[0m] [36mINFO:[0m Env: production
2025-10-15 23:21:31 +01:00: [36m2025-10-15T23:21:31+01:00[0m [[32mSERVER[0m] [36mINFO:[0m 0Code-Monit Version: 1.0.1-beta.1
2025-10-15 23:21:31 +01:00: [36m2025-10-15T23:21:31+01:00[0m [[32mSERVER[0m] [36mINFO:[0m Loading modules
2025-10-15 23:21:35 +01:00: [36m2025-10-15T23:21:35+01:00[0m [[32mSERVER[0m] [36mINFO:[0m Creating express and socket.io instance
2025-10-15 23:21:35 +01:00: [36m2025-10-15T23:21:35+01:00[0m [[32mSERVER[0m] [36mINFO:[0m Server Type: HTTP
2025-10-15 23:21:36 +01:00: Welcome to 0Code-Monit
2025-10-15 23:21:36 +01:00: Your Node.js version: 22.20.0
2025-10-15 23:21:36 +01:00: [36m2025-10-15T23:21:36+01:00[0m [[32mSERVER[0m] [36mINFO:[0m Env: production
2025-10-15 23:21:39 +01:00: [36m2025-10-15T23:21:39+01:00[0m [[32mSERVER[0m] [36mINFO:[0m 0Code-Monit Version: 1.0.1-beta.1
2025-10-15 23:21:39 +01:00: [36m2025-10-15T23:21:39+01:00[0m [[32mSERVER[0m] [36mINFO:[0m Loading modules
2025-10-15 23:21:41 +01:00: [36m2025-10-15T23:21:41+01:00[0m [[32mSERVER[0m] [36mINFO:[0m Creating express and socket.io instance
2025-10-15 23:21:41 +01:00: [36m2025-10-15T23:21:41+01:00[0m [[32mSERVER[0m] [36mINFO:[0m Server Type: HTTP
2025-10-15 23:21:42 +01:00: Welcome to 0Code-Monit
2025-10-15 23:21:42 +01:00: Your Node.js version: 22.20.0
2025-10-15 23:21:42 +01:00: [36m2025-10-15T23:21:42+01:00[0m [[32mSERVER[0m] [36mINFO:[0m Env: production
2025-10-15 23:21:44 +01:00: [36m2025-10-15T23:21:44+01:00[0m [[32mSERVER[0m] [36mINFO:[0m 0Code-Monit Version: 1.0.1-beta.1
2025-10-15 23:21:44 +01:00: [36m2025-10-15T23:21:44+01:00[0m [[32mSERVER[0m] [36mINFO:[0m Loading modules
2025-10-15 23:21:46 +01:00: [36m2025-10-15T23:21:46+01:00[0m [[32mSERVER[0m] [36mINFO:[0m Creating express and socket.io instance
2025-10-15 23:21:46 +01:00: [36m2025-10-15T23:21:46+01:00[0m [[32mSERVER[0m] [36mINFO:[0m Server Type: HTTP
2025-10-15 23:21:47 +01:00: Welcome to 0Code-Monit
2025-10-15 23:21:47 +01:00: Your Node.js version: 22.20.0
2025-10-15 23:21:47 +01:00: [36m2025-10-15T23:21:47+01:00[0m [[32mSERVER[0m] [36mINFO:[0m Env: production
2025-10-15 23:21:51 +01:00: [36m2025-10-15T23:21:51+01:00[0m [[32mSERVER[0m] [36mINFO:[0m 0Code-Monit Version: 1.0.1-beta.1
2025-10-15 23:21:51 +01:00: [36m2025-10-15T23:21:51+01:00[0m [[32mSERVER[0m] [36mINFO:[0m Loading modules
2025-10-15 23:21:52 +01:00: [36m2025-10-15T23:21:52+01:00[0m [[32mSERVER[0m] [36mINFO:[0m Creating express and socket.io instance
2025-10-15 23:21:52 +01:00: [36m2025-10-15T23:21:52+01:00[0m [[32mSERVER[0m] [36mINFO:[0m Server Type: HTTP
2025-10-15 23:21:53 +01:00: Welcome to 0Code-Monit
2025-10-15 23:21:53 +01:00: Your Node.js version: 22.20.0
2025-10-15 23:21:53 +01:00: [36m2025-10-15T23:21:53+01:00[0m [[32mSERVER[0m] [36mINFO:[0m Env: production
2025-10-15 23:21:55 +01:00: [36m2025-10-15T23:21:55+01:00[0m [[32mSERVER[0m] [36mINFO:[0m 0Code-Monit Version: 1.0.1-beta.1
2025-10-15 23:21:55 +01:00: [36m2025-10-15T23:21:55+01:00[0m [[32mSERVER[0m] [36mINFO:[0m Loading modules
2025-10-15 23:21:56 +01:00: [36m2025-10-15T23:21:56+01:00[0m [[32mSERVER[0m] [36mINFO:[0m Creating express and socket.io instance
2025-10-15 23:21:56 +01:00: [36m2025-10-15T23:21:56+01:00[0m [[32mSERVER[0m] [36mINFO:[0m Server Type: HTTP
2025-10-15 23:21:57 +01:00: Welcome to 0Code-Monit
2025-10-15 23:21:57 +01:00: Your Node.js version: 22.20.0
2025-10-15 23:21:57 +01:00: [36m2025-10-15T23:21:57+01:00[0m [[32mSERVER[0m] [36mINFO:[0m Env: production
2025-10-15 23:22:00 +01:00: [36m2025-10-15T23:22:00+01:00[0m [[32mSERVER[0m] [36mINFO:[0m 0Code-Monit Version: 1.0.1-beta.1
2025-10-15 23:22:00 +01:00: [36m2025-10-15T23:22:00+01:00[0m [[32mSERVER[0m] [36mINFO:[0m Loading modules
2025-10-15 23:22:03 +01:00: [36m2025-10-15T23:22:03+01:00[0m [[32mSERVER[0m] [36mINFO:[0m Creating express and socket.io instance
2025-10-15 23:22:03 +01:00: [36m2025-10-15T23:22:03+01:00[0m [[32mSERVER[0m] [36mINFO:[0m Server Type: HTTP
