2025-10-15 23:32:48 +01:00: Welcome to 0Code-Monit
2025-10-15 23:32:48 +01:00: Your Node.js version: 22.20.0
2025-10-15 23:32:48 +01:00: [36m2025-10-15T23:32:48+01:00[0m [[32mSERVER[0m] [36mINFO:[0m Env: production
2025-10-15 23:32:55 +01:00: [36m2025-10-15T23:32:55+01:00[0m [[32mSERVER[0m] [36mINFO:[0m 0Code-Monit Version: 1.0.1-beta.1
2025-10-15 23:32:55 +01:00: [36m2025-10-15T23:32:55+01:00[0m [[32mSERVER[0m] [36mINFO:[0m Loading modules
2025-10-15 23:32:56 +01:00: [36m2025-10-15T23:32:56+01:00[0m [[32mSERVER[0m] [36mINFO:[0m Creating express and socket.io instance
2025-10-15 23:32:56 +01:00: [36m2025-10-15T23:32:56+01:00[0m [[32mSERVER[0m] [36mINFO:[0m Server Type: HTTP
2025-10-15 23:32:56 +01:00: [36m2025-10-15T23:32:56+01:00[0m [[32mSERVER[0m] [36mINFO:[0m Custom hostname: localhost
2025-10-15 23:32:57 +01:00: [36m2025-10-15T23:32:57+01:00[0m [[32mSERVER[0m] [36mINFO:[0m Data Dir: ./data/
2025-10-15 23:32:57 +01:00: [36m2025-10-15T23:32:57+01:00[0m [[38;5;117mDB[0m] [36mINFO:[0m Database Type: sqlite
2025-10-15 23:32:57 +01:00: [36m2025-10-15T23:32:57+01:00[0m [[32mSERVER[0m] [36mINFO:[0m Connected to the database
2025-10-15 23:32:57 +01:00: [36m2025-10-15T23:32:57+01:00[0m [[32mSERVER[0m] [36mINFO:[0m Listening on localhost:4010
2025-10-15 23:32:57 +01:00: [36m2025-10-15T23:32:57+01:00[0m [[38;5;141mSOCKET[0m] [36mINFO:[0m New polling connection, IP = ::1
2025-10-15 23:32:57 +01:00: [36m2025-10-15T23:32:57+01:00[0m [[38;5;208mAUTH[0m] [36mINFO:[0m Login by token. IP=::1
2025-10-15 23:32:57 +01:00: [36m2025-10-15T23:32:57+01:00[0m [[38;5;208mAUTH[0m] [36mINFO:[0m Username from JWT: oggy
2025-10-15 23:32:57 +01:00: [36m2025-10-15T23:32:57+01:00[0m [[38;5;208mAUTH[0m] [36mINFO:[0m Successfully logged in user oggy. IP=::1
2025-10-15 23:32:58 +01:00: [36m2025-10-15T23:32:58+01:00[0m [[38;5;141mSOCKET[0m] [36mINFO:[0m New polling connection, IP = ::1
2025-10-15 23:32:58 +01:00: [36m2025-10-15T23:32:58+01:00[0m [[38;5;208mAUTH[0m] [36mINFO:[0m Login by token. IP=::1
2025-10-15 23:32:58 +01:00: [36m2025-10-15T23:32:58+01:00[0m [[38;5;208mAUTH[0m] [36mINFO:[0m Username from JWT: oggy
2025-10-15 23:32:58 +01:00: [36m2025-10-15T23:32:58+01:00[0m [[38;5;208mAUTH[0m] [36mINFO:[0m Successfully logged in user oggy. IP=::1
2025-10-15 23:32:58 +01:00: [36m2025-10-15T23:32:58+01:00[0m [[38;5;119mMONITOR[0m] [36mINFO:[0m Get Monitor: 3 User ID: 1
2025-10-15 23:43:16 +01:00: [36m2025-10-15T23:43:16+01:00[0m [[38;5;141mSOCKET[0m] [36mINFO:[0m New polling connection, IP = ::1
2025-10-15 23:43:16 +01:00: [36m2025-10-15T23:43:16+01:00[0m [[38;5;208mAUTH[0m] [36mINFO:[0m Login by token. IP=::1
2025-10-15 23:43:16 +01:00: [36m2025-10-15T23:43:16+01:00[0m [[38;5;208mAUTH[0m] [36mINFO:[0m Username from JWT: oggy
2025-10-15 23:43:17 +01:00: [36m2025-10-15T23:43:17+01:00[0m [[38;5;208mAUTH[0m] [36mINFO:[0m Successfully logged in user oggy. IP=::1
2025-10-15 23:43:17 +01:00: [36m2025-10-15T23:43:17+01:00[0m [[38;5;141mSOCKET[0m] [36mINFO:[0m New polling connection, IP = ::1
2025-10-15 23:43:17 +01:00: [36m2025-10-15T23:43:17+01:00[0m [[38;5;208mAUTH[0m] [36mINFO:[0m Login by token. IP=::1
2025-10-15 23:43:17 +01:00: [36m2025-10-15T23:43:17+01:00[0m [[38;5;208mAUTH[0m] [36mINFO:[0m Username from JWT: oggy
2025-10-15 23:43:18 +01:00: [36m2025-10-15T23:43:18+01:00[0m [[38;5;208mAUTH[0m] [36mINFO:[0m Successfully logged in user oggy. IP=::1
2025-10-15 23:43:18 +01:00: [36m2025-10-15T23:43:18+01:00[0m [[38;5;119mMONITOR[0m] [36mINFO:[0m Get Monitor: 3 User ID: 1
2025-10-15 23:43:43 +01:00: [36m2025-10-15T23:43:43+01:00[0m [[38;5;119mMONITOR[0m] [36mINFO:[0m Get Monitor: 3 User ID: 1
2025-10-15 23:43:55 +01:00: [36m2025-10-15T23:43:55+01:00[0m [[35mMANAGE[0m] [36mINFO:[0m Resume Monitor: 3 User ID: 1
2025-10-15 23:43:55 +01:00: [36m2025-10-15T23:43:55+01:00[0m [[38;5;119mMONITOR[0m] [36mINFO:[0m Get Monitor: 3 User ID: 1
2025-10-15 23:48:55 +01:00: [36m2025-10-15T23:48:55+01:00[0m [[35mMANAGE[0m] [36mINFO:[0m Resume Monitor: 4 User ID: 1
2025-10-15 23:48:55 +01:00: [36m2025-10-15T23:48:55+01:00[0m [[38;5;119mMONITOR[0m] [36mINFO:[0m Added Monitor: 4 User ID: 1
2025-10-15 23:49:04 +01:00: [36m2025-10-15T23:49:04+01:00[0m [[38;5;119mMONITOR[0m] [36mINFO:[0m Get Monitor: 1 User ID: 1
2025-10-16 00:05:15 +01:00: Welcome to 0Code-Monit
2025-10-16 00:05:15 +01:00: Your Node.js version: 22.20.0
2025-10-16 00:05:15 +01:00: [36m2025-10-16T00:05:15+01:00[0m [[32mSERVER[0m] [36mINFO:[0m Env: production
2025-10-16 00:05:21 +01:00: [36m2025-10-16T00:05:21+01:00[0m [[32mSERVER[0m] [36mINFO:[0m 0Code-Monit Version: 1.0.1-beta.1
2025-10-16 00:05:21 +01:00: [36m2025-10-16T00:05:21+01:00[0m [[32mSERVER[0m] [36mINFO:[0m Loading modules
2025-10-16 00:05:24 +01:00: [36m2025-10-16T00:05:24+01:00[0m [[32mSERVER[0m] [36mINFO:[0m Creating express and socket.io instance
2025-10-16 00:05:24 +01:00: [36m2025-10-16T00:05:24+01:00[0m [[32mSERVER[0m] [36mINFO:[0m Server Type: HTTP
2025-10-16 00:05:24 +01:00: [36m2025-10-16T00:05:24+01:00[0m [[32mSERVER[0m] [36mINFO:[0m Custom hostname: localhost
2025-10-16 00:05:25 +01:00: [36m2025-10-16T00:05:25+01:00[0m [[32mSERVER[0m] [36mINFO:[0m Data Dir: ./data/
2025-10-16 00:05:25 +01:00: [36m2025-10-16T00:05:25+01:00[0m [[38;5;117mDB[0m] [36mINFO:[0m Database Type: sqlite
2025-10-16 00:05:25 +01:00: [36m2025-10-16T00:05:25+01:00[0m [[32mSERVER[0m] [36mINFO:[0m Connected to the database
2025-10-16 00:05:26 +01:00: [36m2025-10-16T00:05:26+01:00[0m [[32mSERVER[0m] [36mINFO:[0m Listening on localhost:4010
2025-10-16 00:05:27 +01:00: [36m2025-10-16T00:05:27+01:00[0m [[38;5;141mSOCKET[0m] [36mINFO:[0m New polling connection, IP = ::1
2025-10-16 00:05:27 +01:00: [36m2025-10-16T00:05:27+01:00[0m [[38;5;208mAUTH[0m] [36mINFO:[0m Login by token. IP=::1
2025-10-16 00:05:27 +01:00: [36m2025-10-16T00:05:27+01:00[0m [[38;5;208mAUTH[0m] [36mINFO:[0m Username from JWT: oggy
2025-10-16 00:05:27 +01:00: [36m2025-10-16T00:05:27+01:00[0m [[38;5;208mAUTH[0m] [36mINFO:[0m Successfully logged in user oggy. IP=::1
2025-10-16 00:05:27 +01:00: [36m2025-10-16T00:05:27+01:00[0m [[38;5;141mSOCKET[0m] [36mINFO:[0m New polling connection, IP = ::1
2025-10-16 00:05:27 +01:00: [36m2025-10-16T00:05:27+01:00[0m [[38;5;208mAUTH[0m] [36mINFO:[0m Login by token. IP=::1
2025-10-16 00:05:27 +01:00: [36m2025-10-16T00:05:27+01:00[0m [[38;5;208mAUTH[0m] [36mINFO:[0m Username from JWT: oggy
2025-10-16 00:05:27 +01:00: [36m2025-10-16T00:05:27+01:00[0m [[38;5;208mAUTH[0m] [36mINFO:[0m Successfully logged in user oggy. IP=::1
2025-10-16 00:05:28 +01:00: [36m2025-10-16T00:05:28+01:00[0m [[38;5;119mMONITOR[0m] [36mINFO:[0m Get Monitor: 1 User ID: 1
2025-10-16 00:17:34 +01:00: [36m2025-10-16T00:17:34+01:00[0m [[38;5;141mSOCKET[0m] [36mINFO:[0m New polling connection, IP = ::1
2025-10-16 00:18:50 +01:00: [36m2025-10-16T00:18:50+01:00[0m [[38;5;141mSOCKET[0m] [36mINFO:[0m New polling connection, IP = ::1
2025-10-16 00:18:50 +01:00: [36m2025-10-16T00:18:50+01:00[0m [[38;5;208mAUTH[0m] [36mINFO:[0m Login by token. IP=::1
2025-10-16 00:18:50 +01:00: [36m2025-10-16T00:18:50+01:00[0m [[38;5;208mAUTH[0m] [36mINFO:[0m Username from JWT: oggy
2025-10-16 00:18:51 +01:00: [36m2025-10-16T00:18:51+01:00[0m [[38;5;141mSOCKET[0m] [36mINFO:[0m New polling connection, IP = ::1
2025-10-16 00:18:51 +01:00: [36m2025-10-16T00:18:51+01:00[0m [[38;5;208mAUTH[0m] [36mINFO:[0m Successfully logged in user oggy. IP=::1
2025-10-16 00:18:55 +01:00: [36m2025-10-16T00:18:55+01:00[0m [[38;5;141mSOCKET[0m] [36mINFO:[0m New polling connection, IP = ::1
2025-10-16 00:18:55 +01:00: [36m2025-10-16T00:18:55+01:00[0m [[38;5;208mAUTH[0m] [36mINFO:[0m Login by token. IP=::1
2025-10-16 00:18:55 +01:00: [36m2025-10-16T00:18:55+01:00[0m [[38;5;208mAUTH[0m] [36mINFO:[0m Username from JWT: oggy
2025-10-16 00:18:55 +01:00: [36m2025-10-16T00:18:55+01:00[0m [[38;5;208mAUTH[0m] [36mINFO:[0m Successfully logged in user oggy. IP=::1
2025-10-16 00:18:55 +01:00: [36m2025-10-16T00:18:55+01:00[0m [[38;5;119mMONITOR[0m] [36mINFO:[0m Get Monitor: 1 User ID: 1
2025-10-16 00:19:04 +01:00: [36m2025-10-16T00:19:04+01:00[0m [[38;5;119mMONITOR[0m] [36mINFO:[0m Get Monitor: 2 User ID: 1
2025-10-16 00:19:43 +01:00: [36m2025-10-16T00:19:43+01:00[0m [[38;5;141mSOCKET[0m] [36mINFO:[0m New polling connection, IP = ::1
2025-10-16 00:19:43 +01:00: [36m2025-10-16T00:19:43+01:00[0m [[38;5;208mAUTH[0m] [36mINFO:[0m Login by token. IP=::1
2025-10-16 00:19:43 +01:00: [36m2025-10-16T00:19:43+01:00[0m [[38;5;208mAUTH[0m] [36mINFO:[0m Username from JWT: oggy
2025-10-16 00:19:43 +01:00: [36m2025-10-16T00:19:43+01:00[0m [[38;5;208mAUTH[0m] [36mINFO:[0m Successfully logged in user oggy. IP=::1
2025-10-16 00:19:43 +01:00: [36m2025-10-16T00:19:43+01:00[0m [[38;5;119mMONITOR[0m] [36mINFO:[0m Get Monitor: 2 User ID: 1
2025-10-16 00:23:33 +01:00: [36m2025-10-16T00:23:33+01:00[0m [[38;5;141mSOCKET[0m] [36mINFO:[0m New polling connection, IP = ::1
2025-10-16 00:23:45 +01:00: [36m2025-10-16T00:23:45+01:00[0m [[38;5;208mAUTH[0m] [36mINFO:[0m Login by token. IP=::1
2025-10-16 00:23:45 +01:00: [36m2025-10-16T00:23:45+01:00[0m [[38;5;208mAUTH[0m] [36mINFO:[0m Username from JWT: oggy
2025-10-16 00:23:46 +01:00: [36m2025-10-16T00:23:46+01:00[0m [[38;5;208mAUTH[0m] [36mINFO:[0m Successfully logged in user oggy. IP=::1
2025-10-16 00:27:29 +01:00: Welcome to 0Code-Monit
2025-10-16 00:27:29 +01:00: Your Node.js version: 22.20.0
2025-10-16 00:27:31 +01:00: [36m2025-10-16T00:27:31+01:00[0m [[32mSERVER[0m] [36mINFO:[0m Env: production
2025-10-16 00:28:06 +01:00: [36m2025-10-16T00:28:06+01:00[0m [[32mSERVER[0m] [36mINFO:[0m 0Code-Monit Version: 1.0.1-beta.1
2025-10-16 00:28:06 +01:00: [36m2025-10-16T00:28:06+01:00[0m [[32mSERVER[0m] [36mINFO:[0m Loading modules
2025-10-16 00:28:30 +01:00: [36m2025-10-16T00:28:30+01:00[0m [[32mSERVER[0m] [36mINFO:[0m Creating express and socket.io instance
2025-10-16 00:28:30 +01:00: [36m2025-10-16T00:28:30+01:00[0m [[32mSERVER[0m] [36mINFO:[0m Server Type: HTTP
2025-10-16 00:28:30 +01:00: [36m2025-10-16T00:28:30+01:00[0m [[32mSERVER[0m] [36mINFO:[0m Custom hostname: localhost
2025-10-16 00:28:32 +01:00: [36m2025-10-16T00:28:32+01:00[0m [[32mSERVER[0m] [36mINFO:[0m Data Dir: ./data/
2025-10-16 00:28:33 +01:00: [36m2025-10-16T00:28:33+01:00[0m [[38;5;117mDB[0m] [36mINFO:[0m Database Type: sqlite
2025-10-16 00:28:33 +01:00: [36m2025-10-16T00:28:33+01:00[0m [[32mSERVER[0m] [36mINFO:[0m Connected to the database
2025-10-16 00:28:35 +01:00: [36m2025-10-16T00:28:35+01:00[0m [[32mSERVER[0m] [36mINFO:[0m Listening on localhost:4010
2025-10-16 00:30:58 +01:00: Welcome to 0Code-Monit
2025-10-16 00:30:58 +01:00: Your Node.js version: 22.20.0
2025-10-16 00:30:58 +01:00: [36m2025-10-16T00:30:58+01:00[0m [[32mSERVER[0m] [36mINFO:[0m Env: production
2025-10-16 00:31:11 +01:00: [36m2025-10-16T00:31:11+01:00[0m [[32mSERVER[0m] [36mINFO:[0m 0Code-Monit Version: 1.0.1-beta.1
2025-10-16 00:31:11 +01:00: [36m2025-10-16T00:31:11+01:00[0m [[32mSERVER[0m] [36mINFO:[0m Loading modules
2025-10-16 00:31:29 +01:00: [36m2025-10-16T00:31:29+01:00[0m [[32mSERVER[0m] [36mINFO:[0m Creating express and socket.io instance
2025-10-16 00:31:29 +01:00: [36m2025-10-16T00:31:29+01:00[0m [[32mSERVER[0m] [36mINFO:[0m Server Type: HTTP
2025-10-16 00:31:30 +01:00: [36m2025-10-16T00:31:29+01:00[0m [[32mSERVER[0m] [36mINFO:[0m Custom hostname: localhost
2025-10-16 00:31:34 +01:00: [36m2025-10-16T00:31:34+01:00[0m [[32mSERVER[0m] [36mINFO:[0m Data Dir: ./data/
2025-10-16 00:31:34 +01:00: [36m2025-10-16T00:31:34+01:00[0m [[38;5;117mDB[0m] [36mINFO:[0m Database Type: sqlite
2025-10-16 00:31:36 +01:00: [36m2025-10-16T00:31:36+01:00[0m [[32mSERVER[0m] [36mINFO:[0m Connected to the database
2025-10-16 00:31:40 +01:00: [36m2025-10-16T00:31:40+01:00[0m [[32mSERVER[0m] [36mINFO:[0m Listening on localhost:4010
2025-10-16 00:32:51 +01:00: [36m2025-10-16T00:32:51+01:00[0m [[38;5;141mSOCKET[0m] [36mINFO:[0m New polling connection, IP = ::1
2025-10-16 00:32:51 +01:00: [36m2025-10-16T00:32:51+01:00[0m [[38;5;208mAUTH[0m] [36mINFO:[0m Login by token. IP=::1
2025-10-16 00:32:51 +01:00: [36m2025-10-16T00:32:51+01:00[0m [[38;5;208mAUTH[0m] [36mINFO:[0m Username from JWT: oggy
2025-10-16 00:32:52 +01:00: [36m2025-10-16T00:32:52+01:00[0m [[38;5;208mAUTH[0m] [36mINFO:[0m Successfully logged in user oggy. IP=::1
2025-10-16 00:33:07 +01:00: [36m2025-10-16T00:33:07+01:00[0m [[38;5;119mMONITOR[0m] [36mINFO:[0m Get Monitor: 1 User ID: 1
